Log file open, 02/11/17 12:29:43
LogInit:Display: Running engine for game: LumberJack
LogPlatformFile: Not using cached read wrapper
LogInit:Display: RandInit(1966587110) SRandInit(1966587110).
LogTaskGraph: Started task graph with 5 named threads and 8 total threads with 1 sets of task threads.
LogStats: Stats thread started at 0.090140
LogPluginManager: Loaded Plugin Paper2D, From C:/Program Files/Epic Games/UE_4.14/Engine/Plugins/2D/Paper2D/Paper2D.uplugin
LogPluginManager: Loaded Plugin LightPropagationVolume, From C:/Program Files/Epic Games/UE_4.14/Engine/Plugins/Blendables/LightPropagationVolume/LightPropagationVolume.uplugin
LogPluginManager: Loaded Plugin BlankPlugin, From C:/Program Files/Epic Games/UE_4.14/Engine/Plugins/Developer/BlankPlugin/BlankPlugin.uplugin
LogPluginManager: Loaded Plugin CodeLiteSourceCodeAccess, From C:/Program Files/Epic Games/UE_4.14/Engine/Plugins/Developer/CodeLiteSourceCodeAccess/CodeLiteSourceCodeAccess.uplugin
LogPluginManager: Loaded Plugin GitSourceControl, From C:/Program Files/Epic Games/UE_4.14/Engine/Plugins/Developer/GitSourceControl/GitSourceControl.uplugin
LogPluginManager: Loaded Plugin KDevelopSourceCodeAccess, From C:/Program Files/Epic Games/UE_4.14/Engine/Plugins/Developer/KDevelopSourceCodeAccess/KDevelopSourceCodeAccess.uplugin
LogPluginManager: Loaded Plugin NullSourceCodeAccess, From C:/Program Files/Epic Games/UE_4.14/Engine/Plugins/Developer/NullSourceCodeAccess/NullSourceCodeAccess.uplugin
LogPluginManager: Loaded Plugin OneSkyLocalizationService, From C:/Program Files/Epic Games/UE_4.14/Engine/Plugins/Developer/OneSkyLocalizationService/OneSkyLocalizationService.uplugin
LogPluginManager: Loaded Plugin PerforceSourceControl, From C:/Program Files/Epic Games/UE_4.14/Engine/Plugins/Developer/PerforceSourceControl/PerforceSourceControl.uplugin
LogPluginManager: Loaded Plugin SubversionSourceControl, From C:/Program Files/Epic Games/UE_4.14/Engine/Plugins/Developer/SubversionSourceControl/SubversionSourceControl.uplugin
LogPluginManager: Loaded Plugin UObjectPlugin, From C:/Program Files/Epic Games/UE_4.14/Engine/Plugins/Developer/UObjectPlugin/UObjectPlugin.uplugin
LogPluginManager: Loaded Plugin VisualStudioSourceCodeAccess, From C:/Program Files/Epic Games/UE_4.14/Engine/Plugins/Developer/VisualStudioSourceCodeAccess/VisualStudioSourceCodeAccess.uplugin
LogPluginManager: Loaded Plugin XCodeSourceCodeAccess, From C:/Program Files/Epic Games/UE_4.14/Engine/Plugins/Developer/XCodeSourceCodeAccess/XCodeSourceCodeAccess.uplugin
LogPluginManager: Loaded Plugin AudioCapture, From C:/Program Files/Epic Games/UE_4.14/Engine/Plugins/Editor/AudioCapture/AudioCapture.uplugin
LogPluginManager: Loaded Plugin EpicSurvey, From C:/Program Files/Epic Games/UE_4.14/Engine/Plugins/Editor/EpicSurvey/EpicSurvey.uplugin
LogPluginManager: Loaded Plugin MacGraphicsSwitching, From C:/Program Files/Epic Games/UE_4.14/Engine/Plugins/Editor/MacGraphicsSwitching/MacGraphicsSwitching.uplugin
LogPluginManager: Loaded Plugin MobileLauncherProfileWizard, From C:/Program Files/Epic Games/UE_4.14/Engine/Plugins/Editor/MobileLauncherProfileWizard/MobileLauncherProfileWizard.uplugin
LogPluginManager: Loaded Plugin PluginBrowser, From C:/Program Files/Epic Games/UE_4.14/Engine/Plugins/Editor/PluginBrowser/PluginBrowser.uplugin
LogPluginManager: Loaded Plugin SpeedTreeImporter, From C:/Program Files/Epic Games/UE_4.14/Engine/Plugins/Editor/SpeedTreeImporter/SpeedTreeImporter.uplugin
LogPluginManager: Loaded Plugin SuperSearchEditor, From C:/Program Files/Epic Games/UE_4.14/Engine/Plugins/Editor/SuperSearchEditor/SuperSearchEditor.uplugin
LogPluginManager: Loaded Plugin AlembicImporter, From C:/Program Files/Epic Games/UE_4.14/Engine/Plugins/Experimental/AlembicImporter/AlembicImporter.uplugin
LogPluginManager: Loaded Plugin BlueprintStats, From C:/Program Files/Epic Games/UE_4.14/Engine/Plugins/Experimental/BlueprintStats/BlueprintStats.uplugin
LogPluginManager: Loaded Plugin CharacterAI, From C:/Program Files/Epic Games/UE_4.14/Engine/Plugins/Experimental/CharacterAI/CharacterAI.uplugin
LogPluginManager: Loaded Plugin CodeEditor, From C:/Program Files/Epic Games/UE_4.14/Engine/Plugins/Experimental/CodeEditor/CodeEditor.uplugin
LogPluginManager: Loaded Plugin CodeView, From C:/Program Files/Epic Games/UE_4.14/Engine/Plugins/Experimental/CodeView/CodeView.uplugin
LogPluginManager: Loaded Plugin HTML5Networking, From C:/Program Files/Epic Games/UE_4.14/Engine/Plugins/Experimental/HTML5Networking/HTML5Networking.uplugin
LogPluginManager: Loaded Plugin OSVR, From C:/Program Files/Epic Games/UE_4.14/Engine/Plugins/Experimental/OSVR/OSVR.uplugin
LogPluginManager: Loaded Plugin Phya, From C:/Program Files/Epic Games/UE_4.14/Engine/Plugins/Experimental/Phya/Phya.uplugin
LogPluginManager: Loaded Plugin SignificanceManager, From C:/Program Files/Epic Games/UE_4.14/Engine/Plugins/Experimental/SignificanceManager/SignificanceManager.uplugin
LogPluginManager: Loaded Plugin SimpleHMD, From C:/Program Files/Epic Games/UE_4.14/Engine/Plugins/Experimental/SimpleHMD/SimpleHMD.uplugin
LogPluginManager: Loaded Plugin StereoPanorama, From C:/Program Files/Epic Games/UE_4.14/Engine/Plugins/Experimental/StereoPanorama/StereoPanorama.uplugin
LogPluginManager: Loaded Plugin StructBox, From C:/Program Files/Epic Games/UE_4.14/Engine/Plugins/Experimental/StructBox/StructBox.uplugin
LogPluginManager: Loaded Plugin AndroidMedia, From C:/Program Files/Epic Games/UE_4.14/Engine/Plugins/Media/AndroidMedia/AndroidMedia.uplugin
LogPluginManager: Loaded Plugin AvfMedia, From C:/Program Files/Epic Games/UE_4.14/Engine/Plugins/Media/AvfMedia/AvfMedia.uplugin
LogPluginManager: Loaded Plugin MediaPlayerEditor, From C:/Program Files/Epic Games/UE_4.14/Engine/Plugins/Media/MediaPlayerEditor/MediaPlayerEditor.uplugin
LogPluginManager: Loaded Plugin WmfMedia, From C:/Program Files/Epic Games/UE_4.14/Engine/Plugins/Media/WmfMedia/WmfMedia.uplugin
LogPluginManager: Loaded Plugin MessagingDebugger, From C:/Program Files/Epic Games/UE_4.14/Engine/Plugins/Messaging/MessagingDebugger/MessagingDebugger.uplugin
LogPluginManager: Loaded Plugin TcpMessaging, From C:/Program Files/Epic Games/UE_4.14/Engine/Plugins/Messaging/TcpMessaging/TcpMessaging.uplugin
LogPluginManager: Loaded Plugin UdpMessaging, From C:/Program Files/Epic Games/UE_4.14/Engine/Plugins/Messaging/UdpMessaging/UdpMessaging.uplugin
LogPluginManager: Loaded Plugin LevelSequenceEditor, From C:/Program Files/Epic Games/UE_4.14/Engine/Plugins/MovieScene/LevelSequenceEditor/LevelSequenceEditor.uplugin
LogPluginManager: Loaded Plugin MatineeToLevelSequence, From C:/Program Files/Epic Games/UE_4.14/Engine/Plugins/MovieScene/MatineeToLevelSequence/MatineeToLevelSequence.uplugin
LogPluginManager: Loaded Plugin NetcodeUnitTest, From C:/Program Files/Epic Games/UE_4.14/Engine/Plugins/NetcodeUnitTest/NetcodeUnitTest/NetcodeUnitTest.uplugin
LogPluginManager: Loaded Plugin NUTUnrealEngine4, From C:/Program Files/Epic Games/UE_4.14/Engine/Plugins/NetcodeUnitTest/NUTUnrealEngine4/NUTUnrealEngine4.uplugin
LogPluginManager: Loaded Plugin OnlineSubsystemGameCircle, From C:/Program Files/Epic Games/UE_4.14/Engine/Plugins/Online/Android/OnlineSubsystemGameCircle/OnlineSubsystemGameCircle.uplugin
LogPluginManager: Loaded Plugin OnlineSubsystemGooglePlay, From C:/Program Files/Epic Games/UE_4.14/Engine/Plugins/Online/Android/OnlineSubsystemGooglePlay/OnlineSubsystemGooglePlay.uplugin
LogPluginManager: Loaded Plugin OnlineSubsystemIOS, From C:/Program Files/Epic Games/UE_4.14/Engine/Plugins/Online/IOS/OnlineSubsystemIOS/OnlineSubsystemIOS.uplugin
LogPluginManager: Loaded Plugin OnlineFramework, From C:/Program Files/Epic Games/UE_4.14/Engine/Plugins/Online/OnlineFramework/OnlineFramework.uplugin
LogPluginManager: Loaded Plugin OnlineSubsystem, From C:/Program Files/Epic Games/UE_4.14/Engine/Plugins/Online/OnlineSubsystem/OnlineSubsystem.uplugin
LogPluginManager: Loaded Plugin OnlineSubsystemAmazon, From C:/Program Files/Epic Games/UE_4.14/Engine/Plugins/Online/OnlineSubsystemAmazon/OnlineSubsystemAmazon.uplugin
LogPluginManager: Loaded Plugin OnlineSubsystemFacebook, From C:/Program Files/Epic Games/UE_4.14/Engine/Plugins/Online/OnlineSubsystemFacebook/OnlineSubsystemFacebook.uplugin
LogPluginManager: Loaded Plugin OnlineSubsystemNull, From C:/Program Files/Epic Games/UE_4.14/Engine/Plugins/Online/OnlineSubsystemNull/OnlineSubsystemNull.uplugin
LogPluginManager: Loaded Plugin OnlineSubsystemOculus, From C:/Program Files/Epic Games/UE_4.14/Engine/Plugins/Online/OnlineSubsystemOculus/OnlineSubsystemOculus.uplugin
LogPluginManager: Loaded Plugin OnlineSubsystemSteam, From C:/Program Files/Epic Games/UE_4.14/Engine/Plugins/Online/OnlineSubsystemSteam/OnlineSubsystemSteam.uplugin
LogPluginManager: Loaded Plugin OnlineSubsystemUtils, From C:/Program Files/Epic Games/UE_4.14/Engine/Plugins/Online/OnlineSubsystemUtils/OnlineSubsystemUtils.uplugin
LogPluginManager: Loaded Plugin IOSTapJoy, From C:/Program Files/Epic Games/UE_4.14/Engine/Plugins/Runtime/Advertising/IOSTapJoy/IOSTapJoy.uplugin
LogPluginManager: Loaded Plugin AnalyticsBlueprintLibrary, From C:/Program Files/Epic Games/UE_4.14/Engine/Plugins/Runtime/Analytics/AnalyticsBlueprintLibrary/AnalyticsBlueprintLibrary.uplugin
LogPluginManager: Loaded Plugin AnalyticsMulticast, From C:/Program Files/Epic Games/UE_4.14/Engine/Plugins/Runtime/Analytics/AnalyticsMulticast/AnalyticsMulticast.uplugin
LogPluginManager: Loaded Plugin Apsalar, From C:/Program Files/Epic Games/UE_4.14/Engine/Plugins/Runtime/Analytics/Apsalar/Apsalar.uplugin
LogPluginManager: Loaded Plugin FileLogging, From C:/Program Files/Epic Games/UE_4.14/Engine/Plugins/Runtime/Analytics/FileLogging/FileLogging.uplugin
LogPluginManager: Loaded Plugin Flurry, From C:/Program Files/Epic Games/UE_4.14/Engine/Plugins/Runtime/Analytics/Flurry/Flurry.uplugin
LogPluginManager: Loaded Plugin AndroidDeviceProfileSelector, From C:/Program Files/Epic Games/UE_4.14/Engine/Plugins/Runtime/AndroidDeviceProfileSelector/AndroidDeviceProfileSelector.uplugin
LogPluginManager: Loaded Plugin AndroidMoviePlayer, From C:/Program Files/Epic Games/UE_4.14/Engine/Plugins/Runtime/AndroidMoviePlayer/AndroidMoviePlayer.uplugin
LogPluginManager: Loaded Plugin AppleMoviePlayer, From C:/Program Files/Epic Games/UE_4.14/Engine/Plugins/Runtime/AppleMoviePlayer/AppleMoviePlayer.uplugin
LogPluginManager: Loaded Plugin ArchVisCharacter, From C:/Program Files/Epic Games/UE_4.14/Engine/Plugins/Runtime/ArchVisCharacter/ArchVisCharacter.uplugin
LogPluginManager: Loaded Plugin CableComponent, From C:/Program Files/Epic Games/UE_4.14/Engine/Plugins/Runtime/CableComponent/CableComponent.uplugin
LogPluginManager: Loaded Plugin CustomMeshComponent, From C:/Program Files/Epic Games/UE_4.14/Engine/Plugins/Runtime/CustomMeshComponent/CustomMeshComponent.uplugin
LogPluginManager: Loaded Plugin ExampleDeviceProfileSelector, From C:/Program Files/Epic Games/UE_4.14/Engine/Plugins/Runtime/ExampleDeviceProfileSelector/ExampleDeviceProfileSelector.uplugin
LogPluginManager: Loaded Plugin GearVR, From C:/Program Files/Epic Games/UE_4.14/Engine/Plugins/Runtime/GearVR/GearVR.uplugin
LogPluginManager: Loaded Plugin GoogleVRController, From C:/Program Files/Epic Games/UE_4.14/Engine/Plugins/Runtime/GoogleVR/GoogleVRController/GoogleVRController.uplugin
LogPluginManager: Loaded Plugin GoogleVRHMD, From C:/Program Files/Epic Games/UE_4.14/Engine/Plugins/Runtime/GoogleVR/GoogleVRHMD/GoogleVRHMD.uplugin
LogPluginManager: Loaded Plugin IOSDeviceProfileSelector, From C:/Program Files/Epic Games/UE_4.14/Engine/Plugins/Runtime/IOSDeviceProfileSelector/IOSDeviceProfileSelector.uplugin
LogPluginManager: Loaded Plugin LeapMotion, From C:/Program Files/Epic Games/UE_4.14/Engine/Plugins/Runtime/LeapMotion/LeapMotion.uplugin
LogPluginManager: Loaded Plugin LinuxDeviceProfileSelector, From C:/Program Files/Epic Games/UE_4.14/Engine/Plugins/Runtime/LinuxDeviceProfileSelector/LinuxDeviceProfileSelector.uplugin
LogPluginManager: Loaded Plugin MIDIDevice, From C:/Program Files/Epic Games/UE_4.14/Engine/Plugins/Runtime/MIDIDevice/MIDIDevice.uplugin
LogPluginManager: Loaded Plugin MobilePatchingUtils, From C:/Program Files/Epic Games/UE_4.14/Engine/Plugins/Runtime/MobilePatchingUtils/MobilePatchingUtils.uplugin
LogPluginManager: Loaded Plugin Ansel, From C:/Program Files/Epic Games/UE_4.14/Engine/Plugins/Runtime/Nvidia/Ansel/Ansel.uplugin
LogPluginManager: Loaded Plugin OculusAudio, From C:/Program Files/Epic Games/UE_4.14/Engine/Plugins/Runtime/OculusAudio/OculusAudio.uplugin
LogPluginManager: Loaded Plugin OculusInput, From C:/Program Files/Epic Games/UE_4.14/Engine/Plugins/Runtime/OculusInput/OculusInput.uplugin
LogPluginManager: Loaded Plugin OculusLibrary, From C:/Program Files/Epic Games/UE_4.14/Engine/Plugins/Runtime/OculusLibrary/OculusLibrary.uplugin
LogPluginManager: Loaded Plugin OculusRift, From C:/Program Files/Epic Games/UE_4.14/Engine/Plugins/Runtime/OculusRift/OculusRift.uplugin
LogPluginManager: Loaded Plugin Oodle, From C:/Program Files/Epic Games/UE_4.14/Engine/Plugins/Runtime/PacketHandlers/CompressionComponents/Oodle/Oodle.uplugin
LogPluginManager: Loaded Plugin ProceduralMeshComponent, From C:/Program Files/Epic Games/UE_4.14/Engine/Plugins/Runtime/ProceduralMeshComponent/ProceduralMeshComponent.uplugin
LogPluginManager: Loaded Plugin SoundMod, From C:/Program Files/Epic Games/UE_4.14/Engine/Plugins/Runtime/SoundMod/SoundMod.uplugin
LogPluginManager: Loaded Plugin SoundVisualizations, From C:/Program Files/Epic Games/UE_4.14/Engine/Plugins/Runtime/SoundVisualizations/SoundVisualizations.uplugin
LogPluginManager: Loaded Plugin SteamController, From C:/Program Files/Epic Games/UE_4.14/Engine/Plugins/Runtime/Steam/SteamController/SteamController.uplugin
LogPluginManager: Loaded Plugin SteamVR, From C:/Program Files/Epic Games/UE_4.14/Engine/Plugins/Runtime/Steam/SteamVR/SteamVR.uplugin
LogPluginManager: Loaded Plugin WebBrowserWidget, From C:/Program Files/Epic Games/UE_4.14/Engine/Plugins/Runtime/WebBrowserWidget/WebBrowserWidget.uplugin
LogPluginManager: Loaded Plugin WindowsDeviceProfileSelector, From C:/Program Files/Epic Games/UE_4.14/Engine/Plugins/Runtime/WindowsDeviceProfileSelector/WindowsDeviceProfileSelector.uplugin
LogPluginManager: Loaded Plugin WindowsMoviePlayer, From C:/Program Files/Epic Games/UE_4.14/Engine/Plugins/Runtime/WindowsMoviePlayer/WindowsMoviePlayer.uplugin
LogPluginManager: Loaded Plugin ScriptPlugin, From C:/Program Files/Epic Games/UE_4.14/Engine/Plugins/ScriptPlugin/ScriptPlugin.uplugin
LogPluginManager: Loaded Plugin SlateRemote, From C:/Program Files/Epic Games/UE_4.14/Engine/Plugins/Slate/SlateRemote/SlateRemote.uplugin
LogPluginManager: Loaded Plugin EditorTests, From C:/Program Files/Epic Games/UE_4.14/Engine/Plugins/Tests/EditorTests/EditorTests.uplugin
LogPluginManager: Loaded Plugin FbxAutomationTestBuilder, From C:/Program Files/Epic Games/UE_4.14/Engine/Plugins/Tests/FbxAutomationTestBuilder/FbxAutomationTestBuilder.uplugin
LogPluginManager: Loaded Plugin FunctionalTestingEditor, From C:/Program Files/Epic Games/UE_4.14/Engine/Plugins/Tests/FunctionalTestingEditor/FunctionalTestingEditor.uplugin
LogPluginManager: Loaded Plugin RuntimeTests, From C:/Program Files/Epic Games/UE_4.14/Engine/Plugins/Tests/RuntimeTests/RuntimeTests.uplugin
LogPluginManager: Loaded Plugin ScreenshotTools, From C:/Program Files/Epic Games/UE_4.14/Engine/Plugins/Tests/ScreenshotTools/ScreenshotTools.uplugin
LogInit: Using libcurl 7.47.1
LogInit:  - built for x86_64-pc-win32
LogInit:  - supports SSL with OpenSSL/1.0.2g
LogInit:  - supports HTTP deflate (compression) using libz 1.2.8
LogInit:  - other features:
LogInit:      CURL_VERSION_SSL
LogInit:      CURL_VERSION_LIBZ
LogInit:      CURL_VERSION_IPV6
LogInit:      CURL_VERSION_ASYNCHDNS
LogInit:      CURL_VERSION_LARGEFILE
LogInit:      CURL_VERSION_IDN
LogInit:  CurlRequestOptions (configurable via config and command line):
LogInit:  - bVerifyPeer = false  - Libcurl will NOT verify peer certificate
LogInit:  - bUseHttpProxy = false  - Libcurl will NOT use HTTP proxy
LogInit:  - bDontReuseConnections = false  - Libcurl will reuse connections
LogInit:  - CertBundlePath = nullptr  - Libcurl will use whatever was configured at build time.
OCULUS: Info: [CAPI] LibOVR module is located at C:\Program Files\Oculus\Support\oculus-runtime\LibOVRRT64_1.dll
OCULUS: Debug: Connected to the server running version (prod = 1).1.11.0(build = 335772) feature version = 0. Client runs version (prod = 1).1.11.0(build = 335772) feature version = 0
LogInit: Build: ++UE4+Release-4.14-CL-3249277
LogInit: Engine Version: 4.14.3-3249277+++UE4+Release-4.14
LogInit: Compatible Engine Version: 4.14.0-3195953+++UE4+Release-4.14
LogInit: Net CL: 3195953
LogDevObjectVersion: Number of dev versions registered: 13
LogDevObjectVersion:   Dev-Blueprints (B0D832E4-1F89-4F0D-ACCF-7EB736FD4AA2): 7
LogDevObjectVersion:   Dev-Build (E1C64328-A22C-4D53-A36C-8E866417BD8C): 0
LogDevObjectVersion:   Dev-Core (375EC13C-06E4-48FB-B500-84F0262A717E): 1
LogDevObjectVersion:   Dev-Editor (E4B068ED-F494-42E9-A231-DA0B2E46BB41): 8
LogDevObjectVersion:   Dev-Framework (CFFC743F-43B0-4480-9391-14DF171D2073): 17
LogDevObjectVersion:   Dev-Mobile (B02B49B5-BB20-44E9-A304-32B752E40360): 0
LogDevObjectVersion:   Dev-Networking (A4E4105C-59A1-49B5-A7C5-40C4547EDFEE): 0
LogDevObjectVersion:   Dev-Online (39C831C9-5AE6-47DC-9A44-9C173E1C8E7C): 0
LogDevObjectVersion:   Dev-Physics (78F01B33-EBEA-4F98-B9B4-84EACCB95AA2): 0
LogDevObjectVersion:   Dev-Platform (6631380F-2D4D-43E0-8009-CF276956A95A): 0
LogDevObjectVersion:   Dev-Rendering (12F88B9F-8875-4AFC-A67C-D90C383ABD29): 12
LogDevObjectVersion:   Dev-Sequencer (7B5AE74C-D270-4C10-A958-57980B212A5A): 1
LogDevObjectVersion:   Dev-VR (D7296918-1DD6-4BDD-9DE2-64A83CC13884): 0
LogInit: Compiled (64-bit): Jan  6 2017 10:49:43
LogInit: Compiled with Visual C++: 19.00.23026.00
LogInit: Build Configuration: Development
LogInit: Branch Name: ++UE4+Release-4.14
LogInit: Command line:  
LogInit: Base directory: C:/Program Files/Epic Games/UE_4.14/Engine/Binaries/Win64/
LogInit: Installed Engine Build: 1
LogInit: Presizing for max 8388607 objects, including 0 objects not considered by GC, pre-allocating 0 bytes for permanent pool.
LogInit: Object subsystem initialized
[2017.02.11-19.29.44:081][  0]LogConsoleManager:Display: Setting the console variable 'r.RHICmdBypass' with 'SetByProjectSetting' was ignored as it is lower priority than the previous 'SetBySystemSettingsIni'
[2017.02.11-19.29.44:092][  0]LogInit: Selected Device Profile: [Windows]
[2017.02.11-19.29.44:093][  0]LogInit: Applying CVar settings loaded from the selected device profile: [Windows]
[2017.02.11-19.29.44:108][  0]LogInit: Computer: DESKTOP-80G5AD7
[2017.02.11-19.29.44:108][  0]LogInit: User: abel
[2017.02.11-19.29.44:108][  0]LogInit: CPU Page size=65536, Cores=4
[2017.02.11-19.29.44:108][  0]LogInit: High frequency timer resolution =2.591160 MHz
[2017.02.11-19.29.44:108][  0]LogMemory: Memory total: Physical=24.0GB (24GB approx)
[2017.02.11-19.29.44:108][  0]LogMemory: Platform Memory Stats for Windows
[2017.02.11-19.29.44:108][  0]LogMemory: Process Physical Memory: 269.06 MB used, 269.06 MB peak
[2017.02.11-19.29.44:108][  0]LogMemory: Process Virtual Memory: 266.00 MB used, 266.00 MB peak
[2017.02.11-19.29.44:108][  0]LogMemory: Physical Memory: 7670.68 MB used,  16896.50 MB free, 24567.17 MB total
[2017.02.11-19.29.44:108][  0]LogMemory: Virtual Memory: 718.48 MB used,  16896.50 MB free, 134217728.00 MB total
[2017.02.11-19.29.44:140][  0]LogTextLocalizationManager: No specific translations for ('en-US') exist, so ('en') translations will be used.
[2017.02.11-19.29.44:927][  0]LogD3D11RHI: D3D11 adapters:
[2017.02.11-19.29.45:614][  0]LogD3D11RHI:    0. 'NVIDIA GeForce GTX 1070' (Feature Level 11_0)
[2017.02.11-19.29.45:614][  0]LogD3D11RHI:       8145/0/12283 MB DedicatedVideo/DedicatedSystem/SharedSystem, Outputs:2, VendorId:0x10de
[2017.02.11-19.29.45:616][  0]LogD3D11RHI:    1. 'Microsoft Basic Render Driver' (Feature Level 11_0)
[2017.02.11-19.29.45:616][  0]LogD3D11RHI:       0/0/12283 MB DedicatedVideo/DedicatedSystem/SharedSystem, Outputs:0, VendorId:0x1414
[2017.02.11-19.29.45:616][  0]LogD3D11RHI: Chosen D3D11 Adapter: 0
[2017.02.11-19.29.45:621][  0]LogD3D11RHI: Creating new Direct3DDevice
[2017.02.11-19.29.45:621][  0]LogD3D11RHI:     GPU DeviceId: 0x1b81 (for the marketing name, search the web for "GPU Device Id")
[2017.02.11-19.29.45:621][  0]LogWindows: EnumDisplayDevices:
[2017.02.11-19.29.45:622][  0]LogWindows:    0. 'NVIDIA GeForce GTX 1070' (P:1 D:1)
[2017.02.11-19.29.45:622][  0]LogWindows:    1. 'NVIDIA GeForce GTX 1070' (P:0 D:1)
[2017.02.11-19.29.45:622][  0]LogWindows:    2. 'NVIDIA GeForce GTX 1070' (P:0 D:0)
[2017.02.11-19.29.45:623][  0]LogWindows:    3. 'NVIDIA GeForce GTX 1070' (P:0 D:0)
[2017.02.11-19.29.45:623][  0]LogWindows: DebugString: FoundDriverCount:4 
[2017.02.11-19.29.45:623][  0]LogD3D11RHI:     Adapter Name: NVIDIA GeForce GTX 1070
[2017.02.11-19.29.45:623][  0]LogD3D11RHI:   Driver Version: 376.53 (internal:21.21.13.7653, unified:376.53)
[2017.02.11-19.29.45:623][  0]LogD3D11RHI:      Driver Date: 12-29-2016
[2017.02.11-19.29.45:623][  0]LogRHI: Texture pool is 1361 MB (70% of 1945 MB)
[2017.02.11-19.29.46:281][  0]LogD3D11RHI: Async texture creation enabled
[2017.02.11-19.29.46:324][  0]LogD3D11RHI: GPU Timing Frequency: 1000.000000 (Debug: 2 1)
[2017.02.11-19.29.46:324][  0]LogShaderCompilers: Guid format shader working directory is 14 characters bigger than the processId version (D:/Multimedia/Unreal/LumberJack/Intermediate/Shaders/WorkingDirectory/1992/).
[2017.02.11-19.29.46:325][  0]LogShaderCompilers: Cleaned the shader compiler working directory 'C:/Users/abel/AppData/Local/Temp/UnrealShaderWorkingDir/F8CE310843993A6F4D18158C714FF7E1/'.
[2017.02.11-19.29.46:325][  0]LogShaderCompilers:Display: Using Local Shader Compiler.
[2017.02.11-19.29.47:850][  0]LogTemp:Display: Loaded TP AllDesktopTargetPlatform
[2017.02.11-19.29.47:944][  0]LogTemp:Display: Loaded TP MacClientTargetPlatform
[2017.02.11-19.29.48:047][  0]LogTemp:Display: Loaded TP MacNoEditorTargetPlatform
[2017.02.11-19.29.48:140][  0]LogTemp:Display: Loaded TP MacServerTargetPlatform
[2017.02.11-19.29.48:243][  0]LogTemp:Display: Loaded TP MacTargetPlatform
[2017.02.11-19.29.48:338][  0]LogTemp:Display: Loaded TP WindowsClientTargetPlatform
[2017.02.11-19.29.48:457][  0]LogTemp:Display: Loaded TP WindowsNoEditorTargetPlatform
[2017.02.11-19.29.48:548][  0]LogTemp:Display: Loaded TP WindowsServerTargetPlatform
[2017.02.11-19.29.48:622][  0]LogTemp:Display: Loaded TP WindowsTargetPlatform
[2017.02.11-19.29.48:708][  0]LogTemp:Display: Loaded TP AndroidTargetPlatform
[2017.02.11-19.29.48:794][  0]LogTemp:Display: Loaded TP Android_ASTCTargetPlatform
[2017.02.11-19.29.48:879][  0]LogTemp:Display: Loaded TP Android_ATCTargetPlatform
[2017.02.11-19.29.48:968][  0]LogTemp:Display: Loaded TP Android_DXTTargetPlatform
[2017.02.11-19.29.49:057][  0]LogTemp:Display: Loaded TP Android_ETC1TargetPlatform
[2017.02.11-19.29.49:142][  0]LogTemp:Display: Loaded TP Android_ETC2TargetPlatform
[2017.02.11-19.29.49:336][  0]LogTemp:Display: Loaded TP Android_MultiTargetPlatform
[2017.02.11-19.29.49:336][  0]LogTemp:Display: Loaded TP Android_PVRTCTargetPlatform
[2017.02.11-19.29.49:398][  0]LogTemp:Display: Loaded TP HTML5TargetPlatform
[2017.02.11-19.29.49:547][  0]LogTemp:Display: Loaded TP IOSTargetPlatform
[2017.02.11-19.29.49:607][  0]LogTemp:Display: Loaded TP TVOSTargetPlatform
[2017.02.11-19.29.49:703][  0]LogTemp:Display: Loaded TP LinuxClientTargetPlatform
[2017.02.11-19.29.49:800][  0]LogTemp:Display: Loaded TP LinuxNoEditorTargetPlatform
[2017.02.11-19.29.49:893][  0]LogTemp:Display: Loaded TP LinuxServerTargetPlatform
[2017.02.11-19.29.49:983][  0]LogTemp:Display: Loaded TP LinuxTargetPlatform
[2017.02.11-19.29.49:983][  0]LogTargetPlatformManager:Display: Building Assets For Windows
[2017.02.11-19.29.50:670][  0]LogDerivedDataCache:Display: Max Cache Size: 512 MB
[2017.02.11-19.29.50:756][  0]LogDerivedDataCache: Loaded boot cache 0.09s 61MB C:/Users/abel/AppData/Local/UnrealEngine/4.14/DerivedDataCache/Boot.ddc.
[2017.02.11-19.29.50:756][  0]LogDerivedDataCache:Display: Loaded Boot cache: C:/Users/abel/AppData/Local/UnrealEngine/4.14/DerivedDataCache/Boot.ddc
[2017.02.11-19.29.50:756][  0]LogDerivedDataCache: FDerivedDataBackendGraph:  Pak pak cache file D:/Multimedia/Unreal/LumberJack/DerivedDataCache/DDC.ddp not found, will not use a pak cache.
[2017.02.11-19.29.50:756][  0]LogDerivedDataCache: Unable to find inner node Pak for hierarchical cache Hierarchy.
[2017.02.11-19.29.50:757][  0]LogDerivedDataCache: FDerivedDataBackendGraph:  CompressedPak pak cache file D:/Multimedia/Unreal/LumberJack/DerivedDataCache/Compressed.ddp not found, will not use a pak cache.
[2017.02.11-19.29.50:757][  0]LogDerivedDataCache: Unable to find inner node CompressedPak for hierarchical cache Hierarchy.
[2017.02.11-19.29.50:783][  0]LogDerivedDataCache:Display: Pak cache opened for reading ../../../Engine/DerivedDataCache/Compressed.ddp.
[2017.02.11-19.29.50:795][  0]LogDerivedDataCache: Using Local data cache path C:/Users/abel/AppData/Local/UnrealEngine/Common/DerivedDataCache: Writable
[2017.02.11-19.29.51:158][  0]LogInit: Selected Device Profile: [Windows]
[2017.02.11-19.29.51:163][  0]LogContentStreaming: Texture pool size is 0.00 MB
[2017.02.11-19.29.51:498][  0]LogMeshUtilities: Using QuadricMeshReduction for automatic static mesh reduction
[2017.02.11-19.29.51:578][  0]LogSimplygon: Simplygon DLL not present - disabling.
[2017.02.11-19.29.51:659][  0]LogMeshUtilities: Using SimplygonSwarm for distributed automatic mesh merging
[2017.02.11-19.29.51:659][  0]LogMeshUtilities: No automatic skeletal mesh reduction module available
[2017.02.11-19.29.51:659][  0]LogMeshUtilities: No automatic mesh merging module available
[2017.02.11-19.29.52:349][  0]LogNetVersion: GetLocalNetworkVersion: CL: 3195953, ProjectName: lumberjack, ProjectVersion: , EngineNetworkVersion: 2, GameNetworkVersion: 0, NetworkChecksum: 1533925745
[2017.02.11-19.29.52:420][  0]LogAssetRegistry: FAssetRegistry took 0.0218 seconds to start up
[2017.02.11-19.29.52:486][  0]LogPackageLocalizationCache: Processed 3 localized package path(s) for 2 prioritized culture(s) in 0.026238 seconds
[2017.02.11-19.29.52:492][  0]LogUObjectArray: 31946 objects as part of root set at end of initial load.
[2017.02.11-19.29.52:492][  0]LogUObjectAllocator: 6935848 out of 0 bytes used by permanent object pool.
[2017.02.11-19.29.52:492][  0]LogUObjectArray: CloseDisregardForGC: 0/0 objects in disregard for GC pool
[2017.02.11-19.29.52:586][  0]LogInit: WinSock: version 1.1 (2.2), MaxSocks=32767, MaxUdp=65467
[2017.02.11-19.29.53:681][  0]LogSlate: Using Freetype 2.6.0
[2017.02.11-19.29.53:682][  0]LogSlate: SlateFontCache - WITH_FREETYPE: 1, WITH_HARFBUZZ: 1
[2017.02.11-19.29.53:682][  0]LogSlate: SlateFontCache - WITH_FREETYPE: 1, WITH_HARFBUZZ: 1
[2017.02.11-19.29.54:866][  0]LogTcpMessaging: Initializing TcpMessaging bridge
[2017.02.11-19.29.54:922][  0]LogUdpMessaging: Initializing bridge on interface 0.0.0.0:0 to multicast group 230.0.0.1:6666.
[2017.02.11-19.29.55:336][  0]LogMaterial: Uniform references updated for custom material expression Custom.
[2017.02.11-19.29.55:892][  0]SourceControl: Info Source control is disabled
[2017.02.11-19.29.55:893][  0]SourceControl: Info Source control is disabled
[2017.02.11-19.29.55:962][  0]SourceControl: Info Source control is disabled
[2017.02.11-19.29.56:029][  0]SourceControl: Info Source control is disabled
[2017.02.11-19.29.57:897][  0]LogEngine: Initializing Engine...
[2017.02.11-19.30.00:869][  0]LogHMD: SteamVR initialized.  Driver: lighthouse  Display: LHR-3A690A88
[2017.02.11-19.30.01:239][  0]LogAIModule: Creating AISystem for world Untitled
[2017.02.11-19.30.01:287][  0]LogInit: XAudio2 using 'Speakers (Logitech G930 Headset)' : 2 channels at 44.1 kHz using 16 bits per sample (channel mask 0x3)
[2017.02.11-19.30.01:304][  0]LogInit: FAudioDevice initialized.
[2017.02.11-19.30.01:340][  0]LogDerivedDataCache: Saved boot cache 0.04s 61MB C:/Users/abel/AppData/Local/UnrealEngine/4.14/DerivedDataCache/Boot.ddc.
[2017.02.11-19.30.01:353][  0]LogInit: Texture streaming: Enabled
[2017.02.11-19.30.01:666][  0]LogInit: Transaction tracking system initialized
[2017.02.11-19.30.02:217][  0]BlueprintLog: New page: Editor Load
[2017.02.11-19.30.03:799][  0]LocalizationService: Info Localization service is disabled
[2017.02.11-19.30.04:986][  0]LogConsoleResponse:Display: 
[2017.02.11-19.30.05:255][  0]LogCook:Display: Max memory allowance for cook 16384mb min free memory 0mb
[2017.02.11-19.30.05:255][  0]LogCook:Display: Mobile HDR setting 1
[2017.02.11-19.30.06:130][  0]LogFileCache: Scanning file cache for directory 'D:/Multimedia/Unreal/LumberJack/Content/' took 0.02s
[2017.02.11-19.30.06:893][  0]SourceControl: Info Source control is disabled
[2017.02.11-19.30.06:893][  0]Cmd: MAP LOAD FILE="D:/Multimedia/Unreal/LumberJack/Content/VirtualRealityBP/Maps/StartupMap.umap" TEMPLATE=0 SHOWPROGRESS=1 FEATURELEVEL=3
[2017.02.11-19.30.06:894][  0]LightingResults: New page: Lighting Build
[2017.02.11-19.30.06:961][  0]MapCheck: New page: Map Check
[2017.02.11-19.30.06:961][  0]LightingResults: New page: Lighting Build
[2017.02.11-19.30.07:201][  0]LogAIModule: Creating AISystem for world StartupMap
[2017.02.11-19.30.07:211][  0]LogEditorServer: Finished looking for orphan Actors (0.000 secs)
[2017.02.11-19.30.07:212][  0]Cmd: MAP CHECKDEP NOCLEARLOG
[2017.02.11-19.30.07:277][  0]MapCheck: Info Map check complete: 0 Error(s), 0 Warning(s), took 64.925ms to complete.
[2017.02.11-19.30.07:277][  0]LogFileHelpers: Loading map 'StartupMap' took 0.384
[2017.02.11-19.30.07:486][  0]LogCollectionManager: Loaded 0 collections in 0.002845 seconds
[2017.02.11-19.30.07:598][  0]LogFileCache: Scanning file cache for directory 'D:/Multimedia/Unreal/LumberJack/Saved/Collections/' took 0.01s
[2017.02.11-19.30.07:598][  0]LogFileCache: Scanning file cache for directory 'D:/Multimedia/Unreal/LumberJack/Content/Developers/abel/Collections/' took 0.01s
[2017.02.11-19.30.07:598][  0]LogFileCache: Scanning file cache for directory 'D:/Multimedia/Unreal/LumberJack/Content/Collections/' took 0.01s
[2017.02.11-19.30.07:598][  0]LogCollectionManager: Rebuilt the GUID cache for 0 collections in 0.000002 seconds
[2017.02.11-19.30.07:613][  0]LogContentBrowser: Native class hierarchy populated in 0.0149 seconds. Added 2190 classes and 428 folders.
[2017.02.11-19.30.07:677][  0]LogStats: UGameplayTagsManager::ConstructGameplayTagTree: Construct from data asset -  0.000 s
[2017.02.11-19.30.07:677][  0]LogStats: UGameplayTagsManager::ConstructGameplayTagTree: GameplayTagTreeChangedEvent.Broadcast -  0.000 s
[2017.02.11-19.30.07:678][  0]LogContentBrowser: Native class hierarchy updated for 'GameplayTags' in 0.0007 seconds. Added 13 classes and 0 folders.
[2017.02.11-19.30.07:773][  0]LogContentBrowser: Native class hierarchy updated for 'WidgetCarousel' in 0.0009 seconds. Added 0 classes and 0 folders.
[2017.02.11-19.30.07:837][  0]LogContentBrowser: Native class hierarchy updated for 'AddContentDialog' in 0.0006 seconds. Added 0 classes and 0 folders.
[2017.02.11-19.30.07:905][  0]LogContentBrowser: Native class hierarchy updated for 'SceneOutliner' in 0.0006 seconds. Added 1 classes and 2 folders.
[2017.02.11-19.30.07:965][  0]LogCrashTracker: Crashtracker disabled due to settings.
[2017.02.11-19.30.07:973][  0]LogUObjectGlobals:Warning: Failed to find object 'Class None.'
[2017.02.11-19.30.08:061][  0]LogContentBrowser: Native class hierarchy updated for 'HierarchicalLODOutliner' in 0.0010 seconds. Added 1 classes and 2 folders.
[2017.02.11-19.30.08:061][  0]LogLoad: (Engine Initialization) Total time: 26.44 seconds
[2017.02.11-19.30.08:061][  0]LogLoad: (Engine Initialization) Total Blueprint compile time: 0.08 seconds
[2017.02.11-19.30.08:061][  0]LogExternalProfiler: Found external profiler: VSPerf
[2017.02.11-19.30.08:061][  0]LogExternalProfiler: Using external profiler: VSPerf
[2017.02.11-19.30.08:401][  0]LogOcInput: OculusInput pre-init called
[2017.02.11-19.30.08:421][  0]LogOcInput: OculusInput is initialized. Init status 0. Runtime version: 1.11.0
[2017.02.11-19.30.08:447][  0]LogContentStreaming: Texture pool size now 1000 MB
[2017.02.11-19.30.08:706][  0]LogRenderer: Reallocating scene render targets to support 828x388 NumSamples 1 (Frame:2).
[2017.02.11-19.30.09:140][  2]LogAssetRegistry: Asset discovery search completed in 16.7425 seconds
[2017.02.11-19.30.09:140][  2]LogCollectionManager: Rebuilt the object cache for 0 collections in 0.000000 seconds (found 0 objects)
[2017.02.11-19.30.09:140][  2]LogCollectionManager: Fixed up redirectors for 0 collections in 0.000020 seconds (updated 0 objects)
[2017.02.11-19.30.17:216][ 34]LogAIModule: Creating AISystem for world MotionControllerMap
[2017.02.11-19.30.17:253][ 34]Cmd: MAP LOAD FILE="D:/Multimedia/Unreal/LumberJack/Content/VirtualRealityBP/Maps/MotionControllerMap.umap" TEMPLATE=0 SHOWPROGRESS=1 FEATURELEVEL=3
[2017.02.11-19.30.17:253][ 34]LightingResults: New page: Lighting Build
[2017.02.11-19.30.17:254][ 34]LoadErrors: New page: Loading map: MotionControllerMap.umap
[2017.02.11-19.30.17:256][ 34]MapCheck: New page: Map Check
[2017.02.11-19.30.17:256][ 34]LightingResults: New page: Lighting Build
[2017.02.11-19.30.17:280][ 34]LogEditorServer: Finished looking for orphan Actors (0.000 secs)
[2017.02.11-19.30.17:309][ 34]Cmd: MAP CHECKDEP NOCLEARLOG
[2017.02.11-19.30.17:377][ 34]MapCheck: Info Map check complete: 0 Error(s), 0 Warning(s), took 68.562ms to complete.
[2017.02.11-19.30.17:377][ 34]LogFileHelpers: Loading map 'MotionControllerMap' took 0.126
[2017.02.11-19.30.23:141][680]LogTemp: Repeting last play command: Standalone Game
[2017.02.11-19.30.23:338][680]LogBlueprintSupport:Warning: Editor config [EditoronlyBP] settings are DEPRECATED. You're not explicitly setting any, but they've been defaulting to off. If you are relying on this functionality, then please fix it up so your Blueprints don't break in a future release.
[2017.02.11-19.30.23:434][680]LogSavePackage: Save=146.48ms
[2017.02.11-19.30.23:434][680]LogSavePackage: Moving 'D:/Multimedia/Unreal/LumberJack/Saved/UEDPCMotionControllerMapE4B48B1A42AC4FA31A1B71A797EAA0BE.tmp' to 'D:/Multimedia/Unreal/LumberJack/Saved/Autosaves/Game/VirtualRealityBP/Maps/UEDPCMotionControllerMap.umap'
[2017.02.11-19.30.23:435][680]LogSavePackage:Display: Finished SavePackage D:/Multimedia/Unreal/LumberJack/Saved/Autosaves/Game/VirtualRealityBP/Maps/UEDPCMotionControllerMap.umap
[2017.02.11-19.30.24:202][680]LogSavePackage: Save=752.55ms
[2017.02.11-19.30.24:202][680]LogSavePackage: Moving 'D:/Multimedia/Unreal/LumberJack/Saved/MotionControllerMap_BuiltData21A22082494F53987F8F0FACEBFB0734.tmp' to 'D:/Multimedia/Unreal/LumberJack/Content/VirtualRealityBP/Maps/MotionControllerMap_BuiltData.uasset'
[2017.02.11-19.30.24:203][680]LogSavePackage:Display: Finished SavePackage D:/Multimedia/Unreal/LumberJack/Content/VirtualRealityBP/Maps/MotionControllerMap_BuiltData.uasset
[2017.02.11-19.30.24:209][680]LogEditorTransaction: Undo Spawn Play From Here Start
[2017.02.11-19.30.24:212][680]LogHMD:Warning: Standalone game VR not supported, please use VR Preview.
[2017.02.11-19.30.27:355][ 52]LogEditorViewport: Clicking on Actor (LMB): TextRenderActor (TemplateLabel)
[2017.02.11-19.30.32:587][547]LogTemp: Repeting last play command: Standalone Game
[2017.02.11-19.30.32:892][547]LogSavePackage: Save=145.88ms
[2017.02.11-19.30.32:892][547]LogSavePackage: Moving 'D:/Multimedia/Unreal/LumberJack/Saved/UEDPCMotionControllerMapFE15365B4F2250575BD53A8C215E818B.tmp' to 'D:/Multimedia/Unreal/LumberJack/Saved/Autosaves/Game/VirtualRealityBP/Maps/UEDPCMotionControllerMap.umap'
[2017.02.11-19.30.32:893][547]LogSavePackage:Display: Finished SavePackage D:/Multimedia/Unreal/LumberJack/Saved/Autosaves/Game/VirtualRealityBP/Maps/UEDPCMotionControllerMap.umap
[2017.02.11-19.30.33:125][547]LogSavePackage: Save=226.80ms
[2017.02.11-19.30.33:125][547]LogSavePackage: Moving 'D:/Multimedia/Unreal/LumberJack/Saved/MotionControllerMap_BuiltDataCA65D4AD48C6FE9AE0FE8095A7F4D2A0.tmp' to 'D:/Multimedia/Unreal/LumberJack/Content/VirtualRealityBP/Maps/MotionControllerMap_BuiltData.uasset'
[2017.02.11-19.30.33:126][547]LogSavePackage:Display: Finished SavePackage D:/Multimedia/Unreal/LumberJack/Content/VirtualRealityBP/Maps/MotionControllerMap_BuiltData.uasset
[2017.02.11-19.30.33:129][547]LogEditorTransaction: Undo Spawn Play From Here Start
[2017.02.11-19.30.33:132][547]LogHMD:Warning: Standalone game VR not supported, please use VR Preview.
[2017.02.11-19.30.47:339][795]OCULUS: Info: [HMDState] Requested to SetForegroundWindow(120d3cll)
[2017.02.11-19.31.01:262][668]LogBlueprintUserMessages: Early PlayInEditor Detection: Level '/Game/VirtualRealityBP/Maps/MotionControllerMap.MotionControllerMap:PersistentLevel' has LevelScriptBlueprint '/Game/VirtualRealityBP/Maps/MotionControllerMap.MotionControllerMap:PersistentLevel.MotionControllerMap' with GeneratedClass '/Game/VirtualRealityBP/Maps/MotionControllerMap.MotionControllerMap_C' with ClassGeneratedBy '/Game/VirtualRealityBP/Maps/MotionControllerMap.MotionControllerMap:PersistentLevel.MotionControllerMap'
[2017.02.11-19.31.01:262][668]LogPlayLevel: PlayLevel: No blueprints needed recompiling
[2017.02.11-19.31.01:263][668]PIE: New page: PIE session: MotionControllerMap (Feb 11, 2017, 5:31:01 AM)
[2017.02.11-19.31.01:263][668]LogPlayLevel: Creating play world package: /Game/VirtualRealityBP/Maps/UEDPIE_0_MotionControllerMap
[2017.02.11-19.31.01:283][668]LogPlayLevel: PIE: StaticDuplicateObject took: (0.020108s)
[2017.02.11-19.31.01:283][668]LogAIModule: Creating AISystem for world MotionControllerMap
[2017.02.11-19.31.01:284][668]LogPlayLevel: PIE: World Init took: (0.000824s)
[2017.02.11-19.31.01:284][668]LogPlayLevel: PIE: Created PIE world by copying editor world from /Game/VirtualRealityBP/Maps/MotionControllerMap.MotionControllerMap to /Game/VirtualRealityBP/Maps/UEDPIE_0_MotionControllerMap.MotionControllerMap (0.021259s)
[2017.02.11-19.31.01:346][668]OCULUS: Info: [HMDState] Requested to SetForegroundWindow(18113all)
[2017.02.11-19.31.01:346][668]LogInit: XAudio2 using 'Speakers (Logitech G930 Headset)' : 2 channels at 44.1 kHz using 16 bits per sample (channel mask 0x3)
[2017.02.11-19.31.01:356][668]LogInit: FAudioDevice initialized.
[2017.02.11-19.31.01:496][668]LogUObjectGlobals:Warning: Failed to find object 'Class None.'
[2017.02.11-19.31.01:496][668]LogLoad: Game class is 'GameModeBase'
[2017.02.11-19.31.01:502][668]LogWorld: Bringing World /Game/VirtualRealityBP/Maps/UEDPIE_0_MotionControllerMap.MotionControllerMap up for play (max tick rate 0) at 2017.02.11-12.31.01
[2017.02.11-19.31.01:503][668]LogWorld: Bringing up level for play took: 0.004985
[2017.02.11-19.31.01:563][668]LogContentBrowser: Native class hierarchy updated for 'MovieSceneCapture' in 0.0007 seconds. Added 11 classes and 0 folders.
[2017.02.11-19.31.01:567][668]LogUnrealMath:Error: FMatrix::InverseFast(), trying to invert a NIL matrix, this results in NaNs! Use Inverse() instead.
[2017.02.11-19.31.01:567][668]LogOutputDevice:Warning: 

Script Stack:
BP_MotionController_C.SetupRoomScaleOutline
BP_MotionController_C.ExecuteUbergraph_BP_MotionController
BP_MotionController_C.ReceiveBeginPlay

[2017.02.11-19.31.01:573][668]LogStats: FPlatformStackWalk::StackWalkAndDump -  0.006 s
[2017.02.11-19.31.01:573][668]LogOutputDevice:Error: === Handled ensure: ===
[2017.02.11-19.31.01:573][668]LogOutputDevice:Error: 
[2017.02.11-19.31.01:573][668]LogOutputDevice:Error: Ensure condition failed: false [File:D:\Build\++UE4+Release-4.14+Compile\Sync\Engine\Source\Runtime\Core\Private\Math\Matrix.cpp] [Line: 9]
[2017.02.11-19.31.01:573][668]LogOutputDevice:Error: FMatrix::InverseFast(), trying to invert a NIL matrix, this results in NaNs! Use Inverse() instead.
[2017.02.11-19.31.01:573][668]LogOutputDevice:Error: Stack: 
[2017.02.11-19.31.01:573][668]LogOutputDevice:Error: 
[2017.02.11-19.31.01:573][668]LogOutputDevice:Error: 
[2017.02.11-19.31.01:573][668]LogOutputDevice:Error: 
[2017.02.11-19.31.01:573][668]LogOutputDevice:Error: 
[2017.02.11-19.31.01:573][668]LogOutputDevice:Error: 
[2017.02.11-19.31.01:573][668]LogOutputDevice:Error: 
[2017.02.11-19.31.01:573][668]LogOutputDevice:Error: 
[2017.02.11-19.31.01:573][668]LogOutputDevice:Error: 
[2017.02.11-19.31.01:573][668]LogOutputDevice:Error: 
[2017.02.11-19.31.01:573][668]LogOutputDevice:Error: 
[2017.02.11-19.31.01:573][668]LogOutputDevice:Error: 
[2017.02.11-19.31.01:573][668]LogOutputDevice:Error: 
[2017.02.11-19.31.01:573][668]LogOutputDevice:Error: 
[2017.02.11-19.31.01:573][668]LogOutputDevice:Error: 
[2017.02.11-19.31.01:573][668]LogOutputDevice:Error: 
[2017.02.11-19.31.01:573][668]LogOutputDevice:Error: 
[2017.02.11-19.31.01:573][668]LogOutputDevice:Error: 
[2017.02.11-19.31.01:573][668]LogOutputDevice:Error: 
[2017.02.11-19.31.01:573][668]LogOutputDevice:Error: 
[2017.02.11-19.31.01:573][668]LogOutputDevice:Error: 
[2017.02.11-19.31.01:573][668]LogOutputDevice:Error: 
[2017.02.11-19.31.01:573][668]LogOutputDevice:Error: 
[2017.02.11-19.31.01:573][668]LogOutputDevice:Error: 
[2017.02.11-19.31.01:573][668]LogOutputDevice:Error: 
[2017.02.11-19.31.01:573][668]LogOutputDevice:Error: 
[2017.02.11-19.31.01:573][668]LogOutputDevice:Error: 
[2017.02.11-19.31.01:573][668]LogOutputDevice:Error: 
[2017.02.11-19.31.01:573][668]LogOutputDevice:Error: 
[2017.02.11-19.31.01:573][668]LogOutputDevice:Error: 
[2017.02.11-19.31.01:573][668]LogOutputDevice:Error: 
[2017.02.11-19.31.01:573][668]LogOutputDevice:Error: 
[2017.02.11-19.31.01:573][668]LogOutputDevice:Error: 
[2017.02.11-19.31.01:573][668]LogOutputDevice:Error: 
[2017.02.11-19.31.01:573][668]LogOutputDevice:Error: 
[2017.02.11-19.31.01:573][668]LogOutputDevice:Error: 
[2017.02.11-19.31.01:573][668]LogOutputDevice:Error: 
[2017.02.11-19.31.01:573][668]LogOutputDevice:Error: 
[2017.02.11-19.31.01:573][668]LogOutputDevice:Error: 
[2017.02.11-19.31.01:580][668]LogStats:                SubmitErrorReport -  0.000 s
[2017.02.11-19.31.02:006][668]LogStats:                    SendNewReport -  0.426 s
[2017.02.11-19.31.02:006][668]LogStats:             FDebug::EnsureFailed -  0.438 s
[2017.02.11-19.31.02:006][668]LogUnrealMath:Error: FMatrix::InverseFast(), trying to invert a NIL matrix, this results in NaNs! Use Inverse() instead.
[2017.02.11-19.31.02:006][668]LogUnrealMath:Error: FMatrix::InverseFast(), trying to invert a NIL matrix, this results in NaNs! Use Inverse() instead.
[2017.02.11-19.31.02:006][668]LogUnrealMath:Error: FMatrix::InverseFast(), trying to invert a NIL matrix, this results in NaNs! Use Inverse() instead.
[2017.02.11-19.31.02:006][668]LogBlueprint:Warning: SetRelativeScale3D : Invalid Scale entered (X=-nan(ind) Y=-nan(ind) Z=70.000). Resetting to 1.f.
[2017.02.11-19.31.02:006][668]LogUnrealMath:Error: FMatrix::InverseFast(), trying to invert a NIL matrix, this results in NaNs! Use Inverse() instead.
[2017.02.11-19.31.02:006][668]LogUnrealMath:Error: FMatrix::InverseFast(), trying to invert a NIL matrix, this results in NaNs! Use Inverse() instead.
[2017.02.11-19.31.02:006][668]LogUnrealMath:Error: FMatrix::InverseFast(), trying to invert a NIL matrix, this results in NaNs! Use Inverse() instead.
[2017.02.11-19.31.02:006][668]LogUnrealMath:Error: FMatrix::InverseFast(), trying to invert a NIL matrix, this results in NaNs! Use Inverse() instead.
[2017.02.11-19.31.02:006][668]LogBlueprint:Warning: SetRelativeScale3D : Invalid Scale entered (X=-nan(ind) Y=-nan(ind) Z=70.000). Resetting to 1.f.
[2017.02.11-19.31.02:014][668]PIE: Info Play in editor start time for /Game/VirtualRealityBP/Maps/UEDPIE_0_MotionControllerMap 0.973
[2017.02.11-19.31.02:014][668]LogBlueprintUserMessages: Late PlayInEditor Detection: Level '/Game/VirtualRealityBP/Maps/MotionControllerMap.MotionControllerMap:PersistentLevel' has LevelScriptBlueprint '/Game/VirtualRealityBP/Maps/MotionControllerMap.MotionControllerMap:PersistentLevel.MotionControllerMap' with GeneratedClass '/Game/VirtualRealityBP/Maps/MotionControllerMap.MotionControllerMap_C' with ClassGeneratedBy '/Game/VirtualRealityBP/Maps/MotionControllerMap.MotionControllerMap:PersistentLevel.MotionControllerMap'
[2017.02.11-19.31.02:071][669]LogRenderer: Reallocating scene render targets to support 3024x1680 NumSamples 1 (Frame:691).
[2017.02.11-19.31.05:829][  3]LogBlueprintUserMessages: Early EndPlayMap Detection: Level '/Game/VirtualRealityBP/Maps/MotionControllerMap.MotionControllerMap:PersistentLevel' has LevelScriptBlueprint '/Game/VirtualRealityBP/Maps/MotionControllerMap.MotionControllerMap:PersistentLevel.MotionControllerMap' with GeneratedClass '/Game/VirtualRealityBP/Maps/MotionControllerMap.MotionControllerMap_C' with ClassGeneratedBy '/Game/VirtualRealityBP/Maps/MotionControllerMap.MotionControllerMap:PersistentLevel.MotionControllerMap'
[2017.02.11-19.31.05:967][  3]LogBlueprintUserMessages: Late EndPlayMap Detection: Level '/Game/VirtualRealityBP/Maps/MotionControllerMap.MotionControllerMap:PersistentLevel' has LevelScriptBlueprint '/Game/VirtualRealityBP/Maps/MotionControllerMap.MotionControllerMap:PersistentLevel.MotionControllerMap' with GeneratedClass '/Game/VirtualRealityBP/Maps/MotionControllerMap.MotionControllerMap_C' with ClassGeneratedBy '/Game/VirtualRealityBP/Maps/MotionControllerMap.MotionControllerMap:PersistentLevel.MotionControllerMap'
[2017.02.11-19.31.09:229][312]LogEditorViewport: Clicking on Actor (LMB): LerpPosition_C (LerpPosition)
[2017.02.11-19.34.12:383][514]LogEditorViewport: Clicking on Actor (LMB): BP_PickupCube_C (BP_PickupCube2)
[2017.02.11-19.34.15:428][793]Cmd: CAMERA ALIGN ACTIVEVIEWPORTONLY
[2017.02.11-19.35.17:159][598]Cmd: TRANSACTION UNDO
[2017.02.11-19.35.17:159][598]LogEditorTransaction: Undo Set Vector Property
[2017.02.11-19.38.00:247][788]LogUObjectHash:Warning: Ambiguous search, could be Blueprint /Game/Blueprint/LerpPosition.LerpPosition or LerpPosition_C /Game/VirtualRealityBP/Maps/MotionControllerMap.MotionControllerMap:PersistentLevel.LerpPosition
[2017.02.11-19.38.00:247][788]LogUObjectHash:Warning: Ambiguous search, could be Blueprint /Game/Blueprint/LerpPosition.LerpPosition or LerpPosition_C /Engine/Transient.LerpPosition
[2017.02.11-19.38.00:247][788]LogUObjectHash:Warning: Ambiguous search, could be Blueprint /Game/Blueprint/LerpPosition.LerpPosition or LerpPosition_C /Game/VirtualRealityBP/Maps/MotionControllerMap.MotionControllerMap:PersistentLevel.LerpPosition
[2017.02.11-19.38.00:247][788]LogUObjectHash:Warning: Ambiguous search, could be Blueprint /Game/Blueprint/LerpPosition.LerpPosition or LerpPosition_C /Engine/Transient.LerpPosition
[2017.02.11-19.38.00:248][788]Warning: Unable to find function Rotation__UpdateFunc in object LerpPosition for delegate (found class: Blueprint)Unable to find function Rotation__FinishedFunc in object LerpPosition for delegate (found class: Blueprint)
[2017.02.11-19.38.00:259][789]LogUObjectHash:Warning: Ambiguous search, could be Blueprint /Game/Blueprint/LerpPosition.LerpPosition or LerpPosition_C /Game/VirtualRealityBP/Maps/MotionControllerMap.MotionControllerMap:PersistentLevel.LerpPosition
[2017.02.11-19.38.00:259][789]LogUObjectHash:Warning: Ambiguous search, could be Blueprint /Game/Blueprint/LerpPosition.LerpPosition or LerpPosition_C /Engine/Transient.LerpPosition
[2017.02.11-19.38.00:259][789]LogUObjectHash:Warning: Ambiguous search, could be Blueprint /Game/Blueprint/LerpPosition.LerpPosition or LerpPosition_C /Game/VirtualRealityBP/Maps/MotionControllerMap.MotionControllerMap:PersistentLevel.LerpPosition
[2017.02.11-19.38.00:260][789]LogUObjectHash:Warning: Ambiguous search, could be Blueprint /Game/Blueprint/LerpPosition.LerpPosition or LerpPosition_C /Engine/Transient.LerpPosition
[2017.02.11-19.38.00:260][789]Warning: Unable to find function Rotation__UpdateFunc in object LerpPosition for delegate (found class: Blueprint)Unable to find function Rotation__FinishedFunc in object LerpPosition for delegate (found class: Blueprint)
[2017.02.11-19.38.00:312][795]LogUObjectHash:Warning: Ambiguous search, could be Blueprint /Game/Blueprint/LerpPosition.LerpPosition or LerpPosition_C /Game/VirtualRealityBP/Maps/MotionControllerMap.MotionControllerMap:PersistentLevel.LerpPosition
[2017.02.11-19.38.00:313][795]LogUObjectHash:Warning: Ambiguous search, could be Blueprint /Game/Blueprint/LerpPosition.LerpPosition or LerpPosition_C /Engine/Transient.LerpPosition
[2017.02.11-19.38.00:313][795]LogUObjectHash:Warning: Ambiguous search, could be Blueprint /Game/Blueprint/LerpPosition.LerpPosition or LerpPosition_C /Game/VirtualRealityBP/Maps/MotionControllerMap.MotionControllerMap:PersistentLevel.LerpPosition
[2017.02.11-19.38.00:313][795]LogUObjectHash:Warning: Ambiguous search, could be Blueprint /Game/Blueprint/LerpPosition.LerpPosition or LerpPosition_C /Engine/Transient.LerpPosition
[2017.02.11-19.38.00:313][795]Warning: Unable to find function Rotation__UpdateFunc in object LerpPosition for delegate (found class: Blueprint)Unable to find function Rotation__FinishedFunc in object LerpPosition for delegate (found class: Blueprint)
[2017.02.11-19.38.00:324][796]LogUObjectHash:Warning: Ambiguous search, could be Blueprint /Game/Blueprint/LerpPosition.LerpPosition or LerpPosition_C /Game/VirtualRealityBP/Maps/MotionControllerMap.MotionControllerMap:PersistentLevel.LerpPosition
[2017.02.11-19.38.00:324][796]LogUObjectHash:Warning: Ambiguous search, could be Blueprint /Game/Blueprint/LerpPosition.LerpPosition or LerpPosition_C /Engine/Transient.LerpPosition
[2017.02.11-19.38.00:324][796]LogUObjectHash:Warning: Ambiguous search, could be Blueprint /Game/Blueprint/LerpPosition.LerpPosition or LerpPosition_C /Game/VirtualRealityBP/Maps/MotionControllerMap.MotionControllerMap:PersistentLevel.LerpPosition
[2017.02.11-19.38.00:324][796]LogUObjectHash:Warning: Ambiguous search, could be Blueprint /Game/Blueprint/LerpPosition.LerpPosition or LerpPosition_C /Engine/Transient.LerpPosition
[2017.02.11-19.38.00:324][796]Warning: Unable to find function Rotation__UpdateFunc in object LerpPosition for delegate (found class: Blueprint)Unable to find function Rotation__FinishedFunc in object LerpPosition for delegate (found class: Blueprint)
[2017.02.11-19.38.00:460][812]LogUObjectHash:Warning: Ambiguous search, could be Blueprint /Game/Blueprint/LerpPosition.LerpPosition or LerpPosition_C /Game/VirtualRealityBP/Maps/MotionControllerMap.MotionControllerMap:PersistentLevel.LerpPosition
[2017.02.11-19.38.00:460][812]LogUObjectHash:Warning: Ambiguous search, could be Blueprint /Game/Blueprint/LerpPosition.LerpPosition or LerpPosition_C /Engine/Transient.LerpPosition
[2017.02.11-19.38.00:460][812]LogUObjectHash:Warning: Ambiguous search, could be Blueprint /Game/Blueprint/LerpPosition.LerpPosition or LerpPosition_C /Game/VirtualRealityBP/Maps/MotionControllerMap.MotionControllerMap:PersistentLevel.LerpPosition
[2017.02.11-19.38.00:460][812]LogUObjectHash:Warning: Ambiguous search, could be Blueprint /Game/Blueprint/LerpPosition.LerpPosition or LerpPosition_C /Engine/Transient.LerpPosition
[2017.02.11-19.38.00:460][812]Warning: Unable to find function Rotation__UpdateFunc in object LerpPosition for delegate (found class: Blueprint)Unable to find function Rotation__FinishedFunc in object LerpPosition for delegate (found class: Blueprint)
[2017.02.11-19.38.00:472][813]LogUObjectHash:Warning: Ambiguous search, could be Blueprint /Game/Blueprint/LerpPosition.LerpPosition or LerpPosition_C /Game/VirtualRealityBP/Maps/MotionControllerMap.MotionControllerMap:PersistentLevel.LerpPosition
[2017.02.11-19.38.00:472][813]LogUObjectHash:Warning: Ambiguous search, could be Blueprint /Game/Blueprint/LerpPosition.LerpPosition or LerpPosition_C /Engine/Transient.LerpPosition
[2017.02.11-19.38.00:472][813]LogUObjectHash:Warning: Ambiguous search, could be Blueprint /Game/Blueprint/LerpPosition.LerpPosition or LerpPosition_C /Game/VirtualRealityBP/Maps/MotionControllerMap.MotionControllerMap:PersistentLevel.LerpPosition
[2017.02.11-19.38.00:472][813]LogUObjectHash:Warning: Ambiguous search, could be Blueprint /Game/Blueprint/LerpPosition.LerpPosition or LerpPosition_C /Engine/Transient.LerpPosition
[2017.02.11-19.38.00:472][813]Warning: Unable to find function Rotation__UpdateFunc in object LerpPosition for delegate (found class: Blueprint)Unable to find function Rotation__FinishedFunc in object LerpPosition for delegate (found class: Blueprint)
[2017.02.11-19.38.00:483][814]LogUObjectHash:Warning: Ambiguous search, could be Blueprint /Game/Blueprint/LerpPosition.LerpPosition or LerpPosition_C /Game/VirtualRealityBP/Maps/MotionControllerMap.MotionControllerMap:PersistentLevel.LerpPosition
[2017.02.11-19.38.00:483][814]LogUObjectHash:Warning: Ambiguous search, could be Blueprint /Game/Blueprint/LerpPosition.LerpPosition or LerpPosition_C /Engine/Transient.LerpPosition
[2017.02.11-19.38.00:484][814]LogUObjectHash:Warning: Ambiguous search, could be Blueprint /Game/Blueprint/LerpPosition.LerpPosition or LerpPosition_C /Game/VirtualRealityBP/Maps/MotionControllerMap.MotionControllerMap:PersistentLevel.LerpPosition
[2017.02.11-19.38.00:484][814]LogUObjectHash:Warning: Ambiguous search, could be Blueprint /Game/Blueprint/LerpPosition.LerpPosition or LerpPosition_C /Engine/Transient.LerpPosition
[2017.02.11-19.38.00:484][814]Warning: Unable to find function Rotation__UpdateFunc in object LerpPosition for delegate (found class: Blueprint)Unable to find function Rotation__FinishedFunc in object LerpPosition for delegate (found class: Blueprint)
[2017.02.11-19.38.02:237][ 24]LogUObjectHash:Warning: Ambiguous search, could be Blueprint /Game/Blueprint/LerpPosition.LerpPosition or LerpPosition_C /Game/VirtualRealityBP/Maps/MotionControllerMap.MotionControllerMap:PersistentLevel.LerpPosition
[2017.02.11-19.38.02:237][ 24]LogUObjectHash:Warning: Ambiguous search, could be Blueprint /Game/Blueprint/LerpPosition.LerpPosition or LerpPosition_C /Engine/Transient.LerpPosition
[2017.02.11-19.38.02:237][ 24]LogUObjectHash:Warning: Ambiguous search, could be Blueprint /Game/Blueprint/LerpPosition.LerpPosition or LerpPosition_C /Game/VirtualRealityBP/Maps/MotionControllerMap.MotionControllerMap:PersistentLevel.LerpPosition
[2017.02.11-19.38.02:237][ 24]LogUObjectHash:Warning: Ambiguous search, could be Blueprint /Game/Blueprint/LerpPosition.LerpPosition or LerpPosition_C /Engine/Transient.LerpPosition
[2017.02.11-19.38.02:237][ 24]Warning: Unable to find function Rotation__UpdateFunc in object LerpPosition for delegate (found class: Blueprint)Unable to find function Rotation__FinishedFunc in object LerpPosition for delegate (found class: Blueprint)
[2017.02.11-19.38.09:534][553]LogEditorViewport: Clicking on Actor (context menu): TextRenderActor (TemplateLabel3)
[2017.02.11-19.38.11:308][733]LogEditorViewport: Clicking on Actor (LMB): TextRenderActor (TemplateLabel)
[2017.02.11-19.38.11:855][787]LogEditorViewport: Clicking on Actor (LMB): TextRenderActor (TemplateLabel)
[2017.02.11-19.38.12:350][835]LogEditorViewport: Clicking on Actor (LMB): BP_PickupCube_C (BP_PickupCube2)
[2017.02.11-19.38.12:930][890]LogEditorViewport: Clicking on Actor (context menu): BP_PickupCube_C (BP_PickupCube2)
[2017.02.11-19.38.20:392][356]LogEditorViewport: Clicking on Actor (LMB): TextRenderActor (TemplateLabel)
[2017.02.11-19.38.20:909][403]LogEditorViewport: Clicking on Actor (LMB): TextRenderActor (TemplateLabel)
[2017.02.11-19.38.21:379][450]LogEditorViewport: Clicking on Actor (LMB): BP_PickupCube_C (BP_PickupCube2)
[2017.02.11-19.38.41:490][915]Cmd: EDCALLBACK SURFPROPS
[2017.02.11-19.39.48:990][637]LogEditorViewport: Clicking on Actor (LMB): BP_PickupCube_C (BP_PickupCube2)
[2017.02.11-19.39.57:318][342]LogContentBrowser: Native class hierarchy updated for 'BlueprintGraph' in 0.0012 seconds. Added 111 classes and 0 folders.
[2017.02.11-19.42.55:646][116]LogSavePackage: Save=188.46ms
[2017.02.11-19.42.55:646][116]LogSavePackage: Moving 'D:/Multimedia/Unreal/LumberJack/Saved/MotionControllerMap_Auto18D75224F4DF100EF891A669B7941521F.tmp' to 'D:/Multimedia/Unreal/LumberJack/Saved/Autosaves/Game/VirtualRealityBP/Maps/MotionControllerMap_Auto1.umap'
[2017.02.11-19.42.55:647][116]LogSavePackage:Display: Finished SavePackage D:/Multimedia/Unreal/LumberJack/Saved/Autosaves/Game/VirtualRealityBP/Maps/MotionControllerMap_Auto1.umap
[2017.02.11-19.42.55:648][116]LogFileHelpers: Editor autosave (incl. sublevels) for '/Game/VirtualRealityBP/Maps/MotionControllerMap' took 0.227
[2017.02.11-19.42.55:648][116]LogFileHelpers: Editor autosave (incl. sublevels) for all levels took 0.227
[2017.02.11-19.59.46:382][294]LogSourceControl:Error: P4ERROR: Invalid connection to server.
[2017.02.11-19.59.46:382][294]LogSourceControl:Error: Connect to server failed; check $P4PORT.
TCP connect to perforce:1666 failed.
No such host is known. 

[2017.02.11-20.02.28:253][510]SourceControl:Error: Error Failed to enable Git source control. You need to initialize the project as a Git repository first.
[2017.02.11-20.02.37:031][ 83]SourceControl: Info Source control is disabled
[2017.02.11-20.02.37:316][ 83]LogMaterial: Missing cached shader map for material M_LightStage_Arrows, compiling. 
[2017.02.11-20.02.37:330][ 83]LogMaterial: Missing cached shader map for material M_LightStage_Skybox_Master, compiling. 
[2017.02.11-20.02.37:473][ 83]LogMaterial: Missing cached shader map for material M_LightStage_Skybox_Master, compiling. 
[2017.02.11-20.02.38:515][ 83]LogTexture:Display: Building textures: HDRI_Epic_Courtyard_Daylight (RGBA16F)
[2017.02.11-20.02.53:329][ 83]LogSlate:Warning: Slate: Had to block on waiting for a draw buffer
[2017.02.11-20.02.53:436][ 83]LogSlate:Warning: Slate: Had to block on waiting for a draw buffer
[2017.02.11-20.02.53:464][ 83]LogSlate:Warning: Slate: Had to block on waiting for a draw buffer
[2017.02.11-20.02.53:466][ 83]LogSlate:Warning: Slate: Had to block on waiting for a draw buffer
[2017.02.11-20.02.53:467][ 83]LogSlate:Warning: Slate: Had to block on waiting for a draw buffer
[2017.02.11-20.02.53:470][ 83]LogSlate:Warning: Slate: Had to block on waiting for a draw buffer
[2017.02.11-20.02.53:471][ 83]LogSlate:Warning: Slate: Had to block on waiting for a draw buffer
[2017.02.11-20.02.53:474][ 83]LogSlate:Warning: Slate: Had to block on waiting for a draw buffer
[2017.02.11-20.02.53:494][ 83]LogSlate:Warning: Slate: Had to block on waiting for a draw buffer
[2017.02.11-20.02.53:496][ 83]LogSlate:Warning: Slate: Had to block on waiting for a draw buffer
[2017.02.11-20.02.53:498][ 83]LogSlate:Warning: Slate: Had to block on waiting for a draw buffer
[2017.02.11-20.02.53:500][ 83]LogSlate:Warning: Slate: Had to block on waiting for a draw buffer
[2017.02.11-20.02.53:506][ 83]LogSlate:Warning: Slate: Had to block on waiting for a draw buffer
[2017.02.11-20.02.53:525][ 83]LogSlate:Warning: Slate: Had to block on waiting for a draw buffer
[2017.02.11-20.02.53:527][ 83]LogSlate:Warning: Slate: Had to block on waiting for a draw buffer
[2017.02.11-20.02.53:532][ 83]LogSavePackage: Save=228.76ms
[2017.02.11-20.02.53:533][ 83]LogSlate:Warning: Slate: Had to block on waiting for a draw buffer
[2017.02.11-20.02.53:533][ 83]LogSavePackage: Moving 'D:/Multimedia/Unreal/LumberJack/Saved/BP_LightStudio62B24E11455365EC822D44AD4C4BF2A1.tmp' to 'D:/Multimedia/Unreal/LumberJack/Content/StarterContent/Blueprints/BP_LightStudio.uasset'
[2017.02.11-20.02.53:535][ 83]LogSlate:Warning: Slate: Had to block on waiting for a draw buffer
[2017.02.11-20.02.53:536][ 83]LogSavePackage:Display: Finished SavePackage D:/Multimedia/Unreal/LumberJack/Content/StarterContent/Blueprints/BP_LightStudio.uasset
[2017.02.11-20.02.54:434][ 84]LogTexture:Display: Building textures: T_Lamp_N (BC5)
[2017.02.11-20.02.55:029][ 84]LogTexture:Display: Building textures: T_Lamp_M (AutoDXT)
[2017.02.11-20.02.56:388][ 84]LogMaterial: Missing cached shader map for material M_Lamp, compiling. 
[2017.02.11-20.02.56:557][ 84]LogTexture:Display: Building textures: T_Water_N (BC5)
[2017.02.11-20.02.57:156][ 84]LogMaterial: Missing cached shader map for material M_Heat_Distortion, compiling. 
[2017.02.11-20.02.57:282][ 84]LogTexture:Display: Building textures: T_Fire_SubUV (AutoDXT)
[2017.02.11-20.02.57:632][ 84]LogTexture:Display: Building textures: T_Fire_Tiled_D (AutoDXT)
[2017.02.11-20.02.58:253][ 84]LogTexture:Display: Building textures: T_Brick_Clay_Beveled_N (BC5)
[2017.02.11-20.02.59:207][ 84]LogTexture:Display: Building textures: T_Brick_Clay_Beveled_M (AutoDXT)
[2017.02.11-20.03.03:500][ 84]LogTexture:Display: Building textures: T_Smoke_SubUV (AutoDXT)
[2017.02.11-20.03.06:310][ 84]LogTexture:Display: Building textures: T_Smoke_Tiled_D (AutoDXT)
[2017.02.11-20.03.06:355][ 84]LogMaterial: Missing cached shader map for material M_smoke_subUV, compiling. 
[2017.02.11-20.03.06:475][ 84]LogTexture:Display: Building textures: T_Spark_Core (AutoDXT)
[2017.02.11-20.03.06:552][ 84]LogTexture:Display: Building textures: ThumbnailTexture (DXT1)
[2017.02.11-20.03.06:664][ 84]LogTexture:Display: Building textures: HQ_Lightmap0_1 (AutoDXT)
[2017.02.11-20.03.07:244][ 84]LogTexture:Display: Building textures: HQ_Lightmap0_2 (AutoDXT)
[2017.02.11-20.03.07:754][ 84]LogTexture:Display: Building textures: HQ_Lightmap0_3 (AutoDXT)
[2017.02.11-20.03.08:179][ 84]LogTexture:Display: Building textures: HQ_Lightmap0_4 (AutoDXT)
[2017.02.11-20.03.08:292][ 84]LogTexture:Display: Building textures: HQ_Lightmap1_5 (AutoDXT)
[2017.02.11-20.03.08:304][ 84]LogTexture:Display: Building textures: HQ_Lightmap1_6 (AutoDXT)
[2017.02.11-20.03.08:347][ 84]LogTexture:Display: Building textures: LQ_Lightmap_0_1 (DXT1)
[2017.02.11-20.03.08:593][ 84]LogTexture:Display: Building textures: LQ_Lightmap_0_2 (DXT1)
[2017.02.11-20.03.08:805][ 84]LogTexture:Display: Building textures: LQ_Lightmap_0_3 (DXT1)
[2017.02.11-20.03.09:016][ 84]LogTexture:Display: Building textures: LQ_Lightmap_0_4 (DXT1)
[2017.02.11-20.03.09:079][ 84]LogTexture:Display: Building textures: LQ_Lightmap_1_5 (DXT1)
[2017.02.11-20.03.09:084][ 84]LogTexture:Display: Building textures: LQ_Lightmap_1_6 (DXT1)
[2017.02.11-20.03.09:096][ 84]LogMaterial: Missing cached shader map for material M_Radial_Gradient, compiling. 
[2017.02.11-20.03.09:149][ 84]LogMaterial: Missing cached shader map for material M_Fire_SubUV, compiling. 
[2017.02.11-20.03.09:186][ 84]LogMaterial: Missing cached shader map for material M_Spark, compiling. 
[2017.02.11-20.03.09:224][ 84]LogTexture:Display: Building textures: T_Dust_Particle_D (AutoDXT)
[2017.02.11-20.03.09:257][ 84]LogMaterial: Missing cached shader map for material M_Dust_Particle, compiling. 
[2017.02.11-20.03.09:378][ 84]LogTexture:Display: Building textures: ShadowMapTexture2D_10 (BGRA8)
[2017.02.11-20.03.09:425][ 84]LogTexture:Display: Building textures: ShadowMapTexture2D_6 (BGRA8)
[2017.02.11-20.03.09:618][ 84]LogTexture:Display: Building textures: ShadowMapTexture2D_7 (BGRA8)
[2017.02.11-20.03.09:671][ 84]LogTexture:Display: Building textures: ShadowMapTexture2D_8 (BGRA8)
[2017.02.11-20.03.09:711][ 84]LogTexture:Display: Building textures: ShadowMapTexture2D_9 (BGRA8)
[2017.02.11-20.03.09:860][ 84]LogTexture:Display: Building textures: T_Ceramic_Tile_N (BC5)
[2017.02.11-20.03.10:841][ 84]LogTexture:Display: Building textures: T_Rock_Marble_Polished_D (AutoDXT)
[2017.02.11-20.03.13:691][ 84]LogTexture:Display: Building textures: T_Ceramic_Tile_M (DXT1)
[2017.02.11-20.03.15:298][ 84]LogTexture:Display: Building textures: T_Perlin_Noise_M (AutoDXT)
[2017.02.11-20.03.18:885][ 84]LogMaterial: Missing cached shader map for material M_Ceramic_Tile_Checker, compiling. 
[2017.02.11-20.03.19:282][ 84]LogTexture:Display: Building textures: T_Brick_Hewn_Stone_N (BC5)
[2017.02.11-20.03.20:202][ 84]LogTexture:Display: Building textures: T_Brick_Hewn_Stone_M (AutoDXT)
[2017.02.11-20.03.24:331][ 84]LogTexture:Display: Building textures: T_Brick_Hewn_Stone_D (AutoDXT)
[2017.02.11-20.03.28:388][ 84]LogTexture:Display: Building textures: T_Brick_Cut_Stone_D (AutoDXT)
[2017.02.11-20.03.32:444][ 84]LogTexture:Display: Building textures: T_Brick_Cut_Stone_N (BC5)
[2017.02.11-20.03.33:040][ 84]LogMaterial: Missing cached shader map for material M_Brick_Cut_Stone, compiling. 
[2017.02.11-20.03.33:489][ 84]LogTexture:Display: Building textures: T_Brick_Clay_Old_N (BC5)
[2017.02.11-20.03.34:139][ 84]LogTexture:Display: Building textures: ThumbnailTexture (DXT1)
[2017.02.11-20.03.34:242][ 84]LogTexture:Display: Building textures: ThumbnailTexture (DXT1)
[2017.02.11-20.03.34:438][ 84]LogTexture:Display: Building textures: T_Detail_Rocky_N (BC5)
[2017.02.11-20.03.34:595][ 84]LogMaterial: Missing cached shader map for material M_Brick_Hewn_Stone, compiling. 
[2017.02.11-20.03.34:974][ 84]LogTexture:Display: Building textures: T_Brick_Clay_New_N (BC5)
[2017.02.11-20.03.35:964][ 84]LogTexture:Display: Building textures: T_Brick_Clay_New_M (AutoDXT)
[2017.02.11-20.03.40:597][ 84]LogTexture:Display: Building textures: T_Brick_Clay_New_D (AutoDXT)
[2017.02.11-20.03.44:429][ 84]LogMaterial: Missing cached shader map for material M_Brick_Clay_New, compiling. 
[2017.02.11-20.03.44:493][ 84]LogTexture:Display: Building textures: ThumbnailTexture (DXT1)
[2017.02.11-20.03.44:941][ 84]LogTexture:Display: Building textures: T_Brick_Clay_Old_D (AutoDXT)
[2017.02.11-20.03.48:713][ 84]LogMaterial: Missing cached shader map for material M_Brick_Clay_Old, compiling. 
[2017.02.11-20.03.49:050][ 84]LogTexture:Display: Building textures: T_Brick_Clay_Beveled_D (AutoDXT)
[2017.02.11-20.03.52:851][ 84]LogMaterial: Missing cached shader map for material M_Brick_Clay_Beveled, compiling. 
[2017.02.11-20.03.53:215][ 84]LogTexture:Display: Building textures: T_Concrete_Panels_D (AutoDXT)
[2017.02.11-20.03.57:273][ 84]LogTexture:Display: Building textures: T_Concrete_Panels_N (BC5)
[2017.02.11-20.03.57:930][ 84]LogMaterial: Missing cached shader map for material M_Concrete_Panels, compiling. 
[2017.02.11-20.03.58:381][ 84]LogTexture:Display: Building textures: T_Metal_Rust_N (BC5)
[2017.02.11-20.03.59:325][ 84]LogTexture:Display: Building textures: T_Concrete_Grime_D (AutoDXT)
[2017.02.11-20.04.03:142][ 84]LogMaterial: Missing cached shader map for material M_Concrete_Grime, compiling. 
[2017.02.11-20.04.03:478][ 84]LogTexture:Display: Building textures: T_CobbleStone_Smooth_N (BC5)
[2017.02.11-20.04.04:426][ 84]LogTexture:Display: Building textures: T_CobbleStone_Smooth_M (AutoDXT)
[2017.02.11-20.04.08:424][ 84]LogTexture:Display: Building textures: T_CobbleStone_Smooth_D (AutoDXT)
[2017.02.11-20.04.13:065][ 84]LogTexture:Display: Building textures: T_Rock_Smooth_Granite_D (AutoDXT)
[2017.02.11-20.04.17:034][ 84]LogTexture:Display: Building textures: T_Gradinet_01 (AutoDXT)
[2017.02.11-20.04.17:049][ 84]LogMaterial: Missing cached shader map for material M_CobbleStone_Smooth, compiling. 
[2017.02.11-20.04.17:188][ 84]LogTexture:Display: Building textures: T_CobbleStone_Rough_N (BC5)
[2017.02.11-20.04.17:432][ 84]LogTexture:Display: Building textures: T_CobbleStone_Rough_D (AutoDXT)
[2017.02.11-20.04.18:483][ 84]LogMaterial: Missing cached shader map for material M_CobbleStone_Rough, compiling. 
[2017.02.11-20.04.18:857][ 84]LogTexture:Display: Building textures: T_CobbleStone_Pebble_N (BC5)
[2017.02.11-20.04.19:750][ 84]LogTexture:Display: Building textures: T_CobbleStone_Pebble_M (AutoDXT)
[2017.02.11-20.04.21:290][ 84]LogTexture:Display: Building textures: T_CobbleStone_Pebble_D (AutoDXT)
[2017.02.11-20.04.25:062][ 84]LogMaterial: Missing cached shader map for material M_CobbleStone_Pebble, compiling. 
[2017.02.11-20.04.25:424][ 84]LogTexture:Display: Building textures: T_Wood_Pine_D (AutoDXT)
[2017.02.11-20.04.29:484][ 84]LogTexture:Display: Building textures: T_Wood_Pine_N (BC5)
[2017.02.11-20.04.30:069][ 84]LogMaterial: Missing cached shader map for material M_Wood_Pine, compiling. 
[2017.02.11-20.04.30:347][ 84]LogTexture:Display: Building textures: T_Wood_Oak_N (BC5)
[2017.02.11-20.04.31:171][ 84]LogTexture:Display: Building textures: T_Wood_Oak_D (AutoDXT)
[2017.02.11-20.04.35:079][ 84]LogMaterial: Missing cached shader map for material M_Wood_Oak, compiling. 
[2017.02.11-20.04.35:458][ 84]LogTexture:Display: Building textures: T_Wood_Floor_Walnut_D (AutoDXT)
[2017.02.11-20.04.39:595][ 84]LogTexture:Display: Building textures: T_Wood_Floor_Walnut_N (BC5)
[2017.02.11-20.04.40:477][ 84]LogTexture:Display: Building textures: T_Wood_Floor_Walnut_M (AutoDXT)
[2017.02.11-20.04.44:247][ 84]LogMaterial: Missing cached shader map for material M_Wood_Floor_Walnut_Worn, compiling. 
[2017.02.11-20.04.44:298][ 84]LogMaterial: Missing cached shader map for material M_Wood_Floor_Walnut_Polished, compiling. 
[2017.02.11-20.04.44:549][ 84]LogTexture:Display: Building textures: T_Water_M (AutoDXT)
[2017.02.11-20.04.45:842][ 84]LogMaterial: Missing cached shader map for material M_Water_Ocean, compiling. 
[2017.02.11-20.04.45:896][ 84]LogMaterial: Missing cached shader map for material M_Water_Lake, compiling. 
[2017.02.11-20.04.46:065][ 84]LogTexture:Display: Building textures: T_Tech_Panel_N (BC5)
[2017.02.11-20.04.46:769][ 84]LogTexture:Display: Building textures: T_Tech_Panel_M (AutoDXT)
[2017.02.11-20.04.48:270][ 84]LogTexture:Display: Building textures: T_Metal_Steel_D (AutoDXT)
[2017.02.11-20.04.50:657][ 84]LogMaterial: Missing cached shader map for material M_Tech_Panel, compiling. 
[2017.02.11-20.04.50:751][ 84]LogTexture:Display: Building textures: T_Tech_Hex_Tile_N (BC5)
[2017.02.11-20.04.50:942][ 84]LogTexture:Display: Building textures: T_Tech_Hex_Tile_M (AutoDXT)
[2017.02.11-20.04.51:313][ 84]LogMaterial: Missing cached shader map for material M_Tech_Hex_Tile_Pulse, compiling. 
[2017.02.11-20.04.51:365][ 84]LogMaterial: Missing cached shader map for material M_Tech_Hex_Tile, compiling. 
[2017.02.11-20.04.51:429][ 84]LogTexture:Display: Building textures: T_Tech_Dot_N (BC5)
[2017.02.11-20.04.51:489][ 84]LogTexture:Display: Building textures: T_Tech_Dot_M (AutoDXT)
[2017.02.11-20.04.51:575][ 84]LogMaterial: Missing cached shader map for material M_Tech_Checker_Dot, compiling. 
[2017.02.11-20.04.51:907][ 84]LogTexture:Display: Building textures: T_Rock_Slate_N (BC5)
[2017.02.11-20.04.52:908][ 84]LogTexture:Display: Building textures: T_Rock_Slate_D (AutoDXT)
[2017.02.11-20.04.56:682][ 84]LogMaterial: Missing cached shader map for material M_Rock_Slate, compiling. 
[2017.02.11-20.04.57:114][ 84]LogTexture:Display: Building textures: T_Rock_Sandstone_N (BC5)
[2017.02.11-20.04.58:004][ 84]LogTexture:Display: Building textures: T_Rock_Sandstone_D (AutoDXT)
[2017.02.11-20.05.01:723][ 84]LogMaterial: Missing cached shader map for material M_Rock_Sandstone, compiling. 
[2017.02.11-20.05.02:005][ 84]LogTexture:Display: Building textures: T_Metal_Gold_N (BC5)
[2017.02.11-20.05.02:587][ 84]LogMaterial: Missing cached shader map for material M_Rock_Marble_Polished, compiling. 
[2017.02.11-20.05.02:983][ 84]LogTexture:Display: Building textures: T_Rock_Basalt_N (BC5)
[2017.02.11-20.05.03:924][ 84]LogTexture:Display: Building textures: T_Rock_Basalt_D (AutoDXT)
[2017.02.11-20.05.07:641][ 84]LogMaterial: Missing cached shader map for material M_Rock_Basalt, compiling. 
[2017.02.11-20.05.08:041][ 84]LogTexture:Display: Building textures: T_Metal_Steel_N (BC5)
[2017.02.11-20.05.08:655][ 84]LogMaterial: Missing cached shader map for material M_Metal_Steel, compiling. 
[2017.02.11-20.05.09:044][ 84]LogTexture:Display: Building textures: T_Metal_Rust_D (AutoDXT)
[2017.02.11-20.05.12:826][ 84]LogMaterial: Missing cached shader map for material M_Metal_Rust, compiling. 
[2017.02.11-20.05.13:128][ 84]LogTexture:Display: Building textures: T_Metal_Gold_D (AutoDXT)
[2017.02.11-20.05.16:951][ 84]LogMaterial: Missing cached shader map for material M_Metal_Gold, compiling. 
[2017.02.11-20.05.17:260][ 84]LogTexture:Display: Building textures: T_Metal_Copper_D (AutoDXT)
[2017.02.11-20.05.21:135][ 84]LogMaterial: Missing cached shader map for material M_Metal_Copper, compiling. 
[2017.02.11-20.05.21:187][ 84]LogMaterial: Missing cached shader map for material M_Metal_Chrome, compiling. 
[2017.02.11-20.05.21:572][ 84]LogTexture:Display: Building textures: T_Metal_Aluminum_D (AutoDXT)
[2017.02.11-20.05.25:596][ 84]LogMaterial: Missing cached shader map for material M_Metal_Burnished_Steel, compiling. 
[2017.02.11-20.05.25:650][ 84]LogMaterial: Missing cached shader map for material M_Metal_Brushed_Nickel, compiling. 
[2017.02.11-20.05.26:112][ 84]LogTexture:Display: Building textures: T_Ground_Moss_N (BC5)
[2017.02.11-20.05.27:011][ 84]LogTexture:Display: Building textures: T_ground_Moss_D (AutoDXT)
[2017.02.11-20.05.30:840][ 84]LogMaterial: Missing cached shader map for material M_Ground_Moss, compiling. 
[2017.02.11-20.05.31:282][ 84]LogTexture:Display: Building textures: T_Ground_Gravel_N (BC5)
[2017.02.11-20.05.32:266][ 84]LogTexture:Display: Building textures: T_Ground_Gravel_D (AutoDXT)
[2017.02.11-20.05.36:196][ 84]LogMaterial: Missing cached shader map for material M_Ground_Gravel, compiling. 
[2017.02.11-20.05.36:549][ 84]LogTexture:Display: Building textures: T_Ground_Grass_N (BC5)
[2017.02.11-20.05.37:492][ 84]LogTexture:Display: Building textures: T_Ground_Grass_D (AutoDXT)
[2017.02.11-20.05.41:707][ 84]LogMaterial: Missing cached shader map for material M_Ground_Grass, compiling. 
[2017.02.11-20.05.41:762][ 84]LogTexture:Display: Building textures: T_Concrete_Tiles_Variation_M (AutoDXT)
[2017.02.11-20.05.42:078][ 84]LogTexture:Display: Building textures: T_Concrete_Tiles_N (BC5)
[2017.02.11-20.05.42:895][ 84]LogTexture:Display: Building textures: T_Concrete_Tiles_M (AutoDXT)
[2017.02.11-20.05.46:523][ 84]LogTexture:Display: Building textures: T_Concrete_Tiles_D (AutoDXT)
[2017.02.11-20.05.49:644][ 84]LogMaterial: Missing cached shader map for material M_Concrete_Tiles, compiling. 
[2017.02.11-20.05.49:961][ 84]LogTexture:Display: Building textures: T_Concrete_Poured_N (BC5)
[2017.02.11-20.05.50:943][ 84]LogTexture:Display: Building textures: T_Concrete_Poured_D (AutoDXT)
[2017.02.11-20.05.54:786][ 84]LogMaterial: Missing cached shader map for material M_Concrete_Poured, compiling. 
[2017.02.11-20.05.54:870][ 84]LogTexture:Display: Building textures: T_Statue_N (BC5)
[2017.02.11-20.05.55:159][ 84]LogTexture:Display: Building textures: T_Statue_M (AutoDXT)
[2017.02.11-20.05.56:265][ 84]LogMaterial: Missing cached shader map for material M_Statue, compiling. 
[2017.02.11-20.05.56:317][ 84]LogMaterial: Missing cached shader map for material M_Glass, compiling. 
[2017.02.11-20.05.56:481][ 84]LogTexture:Display: Building textures: T_Frame_N (BC5)
[2017.02.11-20.05.57:158][ 84]LogTexture:Display: Building textures: T_Frame_M (DXT1)
[2017.02.11-20.05.58:333][ 84]LogMaterial: Missing cached shader map for material M_Frame, compiling. 
[2017.02.11-20.05.58:397][ 84]LogMaterial: Missing cached shader map for material M_Basic_Wall, compiling. 
[2017.02.11-20.05.58:662][ 84]LogTexture:Display: Building textures: T_Chair_N (BC5)
[2017.02.11-20.05.59:369][ 84]LogTexture:Display: Building textures: T_Chair_M (AutoDXT)
[2017.02.11-20.06.00:648][ 84]LogMaterial: Missing cached shader map for material M_Chair, compiling. 
[2017.02.11-20.06.00:884][ 84]LogTexture:Display: Building textures: T_TableRound_N (BC5)
[2017.02.11-20.06.01:599][ 84]LogTexture:Display: Building textures: T_TableRound_M (DXT1)
[2017.02.11-20.06.02:535][ 84]LogMaterial: Missing cached shader map for material M_TableRound, compiling. 
[2017.02.11-20.06.02:593][ 84]LogMaterial: Missing cached shader map for material M_StatueGlass, compiling. 
[2017.02.11-20.06.02:662][ 84]LogAIModule: Creating AISystem for world StarterMap
[2017.02.11-20.06.02:663][ 84]LogActorComponent: RegisterComponentWithWorld: (/Game/StarterContent/Maps/StarterMap.StarterMap:PersistentLevel.WorldSettings_1.StaticMeshComponent0) Trying to register component with IsPendingKill() == true. Aborting.
[2017.02.11-20.06.02:878][ 84]LogTexture:Display: Building textures: S_AudioComponent (BGRA8)
[2017.02.11-20.06.02:892][ 84]LogTexture:Display: Building textures: S_AudioComponent_AutoActivate (BGRA8)
[2017.02.11-20.06.02:921][ 84]LogActorComponent: RegisterComponentWithWorld: (/Game/StarterContent/Maps/StarterMap.StarterMap:PersistentLevel.WorldSettings_1.StaticMeshComponent0) Trying to register component with IsPendingKill() == true. Aborting.
[2017.02.11-20.06.03:048][ 84]LogSpawn:Warning: UWorld::DestroyActor: World has no context! World: StarterMap, Actor: /Game/StarterContent/Maps/StarterMap.StarterMap:PersistentLevel.StarterMap_C_1
[2017.02.11-20.06.03:253][ 84]LogSlate:Warning: Slate: Had to block on waiting for a draw buffer
[2017.02.11-20.06.03:297][ 84]LogSlate:Warning: Slate: Had to block on waiting for a draw buffer
[2017.02.11-20.06.03:497][ 84]LogSlate:Warning: Slate: Had to block on waiting for a draw buffer
[2017.02.11-20.06.03:500][ 84]LogSlate:Warning: Slate: Had to block on waiting for a draw buffer
[2017.02.11-20.06.03:503][ 84]LogSlate:Warning: Slate: Had to block on waiting for a draw buffer
[2017.02.11-20.06.03:506][ 84]LogSlate:Warning: Slate: Had to block on waiting for a draw buffer
[2017.02.11-20.06.03:510][ 84]LogSlate:Warning: Slate: Had to block on waiting for a draw buffer
[2017.02.11-20.06.03:515][ 84]LogSlate:Warning: Slate: Had to block on waiting for a draw buffer
[2017.02.11-20.06.03:610][ 84]LogSlate:Warning: Slate: Had to block on waiting for a draw buffer
[2017.02.11-20.06.03:612][ 84]LogSlate:Warning: Slate: Had to block on waiting for a draw buffer
[2017.02.11-20.06.03:615][ 84]LogSlate:Warning: Slate: Had to block on waiting for a draw buffer
[2017.02.11-20.06.03:618][ 84]LogSlate:Warning: Slate: Had to block on waiting for a draw buffer
[2017.02.11-20.06.03:622][ 84]LogSlate:Warning: Slate: Had to block on waiting for a draw buffer
[2017.02.11-20.06.03:673][ 84]LogSlate:Warning: Slate: Had to block on waiting for a draw buffer
[2017.02.11-20.06.03:676][ 84]LogSlate:Warning: Slate: Had to block on waiting for a draw buffer
[2017.02.11-20.06.03:683][ 84]LogSavePackage: Save=650.52ms
[2017.02.11-20.06.03:684][ 84]LogSlate:Warning: Slate: Had to block on waiting for a draw buffer
[2017.02.11-20.06.03:684][ 84]LogSavePackage: Moving 'D:/Multimedia/Unreal/LumberJack/Saved/StarterMapDCAB6ED54470701E3602128140F868FA.tmp' to 'D:/Multimedia/Unreal/LumberJack/Content/StarterContent/Maps/StarterMap.umap'
[2017.02.11-20.06.03:696][ 84]LogSlate:Warning: Slate: Had to block on waiting for a draw buffer
[2017.02.11-20.06.03:698][ 84]LogSavePackage:Display: Finished SavePackage D:/Multimedia/Unreal/LumberJack/Content/StarterContent/Maps/StarterMap.umap
[2017.02.11-20.06.03:835][ 85]LogTexture:Display: Building textures: HQ_Lightmap1_1 (AutoDXT)
[2017.02.11-20.06.03:926][ 85]LogTexture:Display: Building textures: HQ_Lightmap1_2 (AutoDXT)
[2017.02.11-20.06.03:944][ 85]LogTexture:Display: Building textures: LQ_Lightmap_1_1 (DXT1)
[2017.02.11-20.06.03:997][ 85]LogTexture:Display: Building textures: LQ_Lightmap_1_2 (DXT1)
[2017.02.11-20.06.04:007][ 85]LogTexture:Display: Building textures: ShadowMapTexture2D_2 (BGRA8)
[2017.02.11-20.06.04:016][ 85]LogTexture:Display: Building textures: ShadowMapTexture2D_3 (BGRA8)
[2017.02.11-20.06.04:019][ 85]LogAIModule: Creating AISystem for world Minimal_Default
[2017.02.11-20.06.04:020][ 85]LogActorComponent: RegisterComponentWithWorld: (/Game/StarterContent/Maps/Minimal_Default.Minimal_Default:PersistentLevel.WorldSettings_1.StaticMeshComponent0) Trying to register component with IsPendingKill() == true. Aborting.
[2017.02.11-20.06.04:025][ 85]LogActorComponent: RegisterComponentWithWorld: (/Game/StarterContent/Maps/Minimal_Default.Minimal_Default:PersistentLevel.WorldSettings_1.StaticMeshComponent0) Trying to register component with IsPendingKill() == true. Aborting.
[2017.02.11-20.06.04:079][ 85]LogSpawn:Warning: UWorld::DestroyActor: World has no context! World: Minimal_Default, Actor: /Game/StarterContent/Maps/Minimal_Default.Minimal_Default:PersistentLevel.Minimal_Default_C_2
[2017.02.11-20.06.04:282][ 85]LogSlate:Warning: Slate: Had to block on waiting for a draw buffer
[2017.02.11-20.06.04:289][ 85]LogSlate:Warning: Slate: Had to block on waiting for a draw buffer
[2017.02.11-20.06.04:314][ 85]LogSlate:Warning: Slate: Had to block on waiting for a draw buffer
[2017.02.11-20.06.04:317][ 85]LogSlate:Warning: Slate: Had to block on waiting for a draw buffer
[2017.02.11-20.06.04:325][ 85]LogSlate:Warning: Slate: Had to block on waiting for a draw buffer
[2017.02.11-20.06.04:328][ 85]LogSlate:Warning: Slate: Had to block on waiting for a draw buffer
[2017.02.11-20.06.04:331][ 85]LogSlate:Warning: Slate: Had to block on waiting for a draw buffer
[2017.02.11-20.06.04:334][ 85]LogSlate:Warning: Slate: Had to block on waiting for a draw buffer
[2017.02.11-20.06.04:367][ 85]LogSlate:Warning: Slate: Had to block on waiting for a draw buffer
[2017.02.11-20.06.04:370][ 85]LogSlate:Warning: Slate: Had to block on waiting for a draw buffer
[2017.02.11-20.06.04:374][ 85]LogSlate:Warning: Slate: Had to block on waiting for a draw buffer
[2017.02.11-20.06.04:377][ 85]LogSlate:Warning: Slate: Had to block on waiting for a draw buffer
[2017.02.11-20.06.04:381][ 85]LogSlate:Warning: Slate: Had to block on waiting for a draw buffer
[2017.02.11-20.06.04:389][ 85]LogSlate:Warning: Slate: Had to block on waiting for a draw buffer
[2017.02.11-20.06.04:393][ 85]LogSlate:Warning: Slate: Had to block on waiting for a draw buffer
[2017.02.11-20.06.04:400][ 85]LogSavePackage: Save=325.68ms
[2017.02.11-20.06.04:401][ 85]LogSlate:Warning: Slate: Had to block on waiting for a draw buffer
[2017.02.11-20.06.04:402][ 85]LogSavePackage: Moving 'D:/Multimedia/Unreal/LumberJack/Saved/Minimal_DefaultCE07943A4665CD29FA6BAC9FD5EB0A79.tmp' to 'D:/Multimedia/Unreal/LumberJack/Content/StarterContent/Maps/Minimal_Default.umap'
[2017.02.11-20.06.04:407][ 85]LogSlate:Warning: Slate: Had to block on waiting for a draw buffer
[2017.02.11-20.06.04:409][ 85]LogSavePackage:Display: Finished SavePackage D:/Multimedia/Unreal/LumberJack/Content/StarterContent/Maps/Minimal_Default.umap
[2017.02.11-20.06.04:507][ 86]LogSlate:Warning: Slate: Had to block on waiting for a draw buffer
[2017.02.11-20.06.04:519][ 86]LogSlate:Warning: Slate: Had to block on waiting for a draw buffer
[2017.02.11-20.06.04:526][ 86]LogSlate:Warning: Slate: Had to block on waiting for a draw buffer
[2017.02.11-20.06.04:529][ 86]LogSlate:Warning: Slate: Had to block on waiting for a draw buffer
[2017.02.11-20.06.04:533][ 86]LogSlate:Warning: Slate: Had to block on waiting for a draw buffer
[2017.02.11-20.06.04:536][ 86]LogSlate:Warning: Slate: Had to block on waiting for a draw buffer
[2017.02.11-20.06.04:540][ 86]LogSlate:Warning: Slate: Had to block on waiting for a draw buffer
[2017.02.11-20.06.04:543][ 86]LogSlate:Warning: Slate: Had to block on waiting for a draw buffer
[2017.02.11-20.06.04:557][ 86]LogSlate:Warning: Slate: Had to block on waiting for a draw buffer
[2017.02.11-20.06.04:561][ 86]LogSlate:Warning: Slate: Had to block on waiting for a draw buffer
[2017.02.11-20.06.04:563][ 86]LogSlate:Warning: Slate: Had to block on waiting for a draw buffer
[2017.02.11-20.06.04:566][ 86]LogSlate:Warning: Slate: Had to block on waiting for a draw buffer
[2017.02.11-20.06.04:570][ 86]LogSlate:Warning: Slate: Had to block on waiting for a draw buffer
[2017.02.11-20.06.04:574][ 86]LogSlate:Warning: Slate: Had to block on waiting for a draw buffer
[2017.02.11-20.06.04:576][ 86]LogSlate:Warning: Slate: Had to block on waiting for a draw buffer
[2017.02.11-20.06.04:583][ 86]LogSavePackage: Save=110.31ms
[2017.02.11-20.06.04:584][ 86]LogSavePackage: Moving 'D:/Multimedia/Unreal/LumberJack/Saved/Blueprint_WallSconce51FB355E4610E0D05D2BA79260F78B56.tmp' to 'D:/Multimedia/Unreal/LumberJack/Content/StarterContent/Blueprints/Blueprint_WallSconce.uasset'
[2017.02.11-20.06.04:586][ 86]LogSlate:Warning: Slate: Had to block on waiting for a draw buffer
[2017.02.11-20.06.04:589][ 86]LogSlate:Warning: Slate: Had to block on waiting for a draw buffer
[2017.02.11-20.06.04:589][ 86]LogSavePackage:Display: Finished SavePackage D:/Multimedia/Unreal/LumberJack/Content/StarterContent/Blueprints/Blueprint_WallSconce.uasset
[2017.02.11-20.06.04:846][ 87]LogSlate:Warning: Slate: Had to block on waiting for a draw buffer
[2017.02.11-20.06.04:850][ 87]LogSlate:Warning: Slate: Had to block on waiting for a draw buffer
[2017.02.11-20.06.04:855][ 87]LogSlate:Warning: Slate: Had to block on waiting for a draw buffer
[2017.02.11-20.06.04:858][ 87]LogSlate:Warning: Slate: Had to block on waiting for a draw buffer
[2017.02.11-20.06.04:861][ 87]LogSlate:Warning: Slate: Had to block on waiting for a draw buffer
[2017.02.11-20.06.04:864][ 87]LogSlate:Warning: Slate: Had to block on waiting for a draw buffer
[2017.02.11-20.06.04:866][ 87]LogSlate:Warning: Slate: Had to block on waiting for a draw buffer
[2017.02.11-20.06.04:868][ 87]LogSlate:Warning: Slate: Had to block on waiting for a draw buffer
[2017.02.11-20.06.04:882][ 87]LogSlate:Warning: Slate: Had to block on waiting for a draw buffer
[2017.02.11-20.06.04:885][ 87]LogSlate:Warning: Slate: Had to block on waiting for a draw buffer
[2017.02.11-20.06.04:888][ 87]LogSlate:Warning: Slate: Had to block on waiting for a draw buffer
[2017.02.11-20.06.04:890][ 87]LogSlate:Warning: Slate: Had to block on waiting for a draw buffer
[2017.02.11-20.06.04:893][ 87]LogSlate:Warning: Slate: Had to block on waiting for a draw buffer
[2017.02.11-20.06.04:896][ 87]LogSlate:Warning: Slate: Had to block on waiting for a draw buffer
[2017.02.11-20.06.04:898][ 87]LogSlate:Warning: Slate: Had to block on waiting for a draw buffer
[2017.02.11-20.06.04:905][ 87]LogSavePackage: Save=96.14ms
[2017.02.11-20.06.04:906][ 87]LogSavePackage: Moving 'D:/Multimedia/Unreal/LumberJack/Saved/Blueprint_Effect_Steam78DB0D96469B2E7E984A1694D3B5F9D6.tmp' to 'D:/Multimedia/Unreal/LumberJack/Content/StarterContent/Blueprints/Blueprint_Effect_Steam.uasset'
[2017.02.11-20.06.04:907][ 87]LogSlate:Warning: Slate: Had to block on waiting for a draw buffer
[2017.02.11-20.06.04:909][ 87]LogSlate:Warning: Slate: Had to block on waiting for a draw buffer
[2017.02.11-20.06.04:910][ 87]LogSavePackage:Display: Finished SavePackage D:/Multimedia/Unreal/LumberJack/Content/StarterContent/Blueprints/Blueprint_Effect_Steam.uasset
[2017.02.11-20.06.05:208][ 88]LogSlate:Warning: Slate: Had to block on waiting for a draw buffer
[2017.02.11-20.06.05:223][ 88]LogSlate:Warning: Slate: Had to block on waiting for a draw buffer
[2017.02.11-20.06.05:239][ 88]LogSlate:Warning: Slate: Had to block on waiting for a draw buffer
[2017.02.11-20.06.05:253][ 88]LogSlate:Warning: Slate: Had to block on waiting for a draw buffer
[2017.02.11-20.06.05:265][ 88]LogSlate:Warning: Slate: Had to block on waiting for a draw buffer
[2017.02.11-20.06.05:277][ 88]LogSlate:Warning: Slate: Had to block on waiting for a draw buffer
[2017.02.11-20.06.05:289][ 88]LogSlate:Warning: Slate: Had to block on waiting for a draw buffer
[2017.02.11-20.06.05:299][ 88]LogSlate:Warning: Slate: Had to block on waiting for a draw buffer
[2017.02.11-20.06.05:321][ 88]LogSlate:Warning: Slate: Had to block on waiting for a draw buffer
[2017.02.11-20.06.05:333][ 88]LogSlate:Warning: Slate: Had to block on waiting for a draw buffer
[2017.02.11-20.06.05:346][ 88]LogSlate:Warning: Slate: Had to block on waiting for a draw buffer
[2017.02.11-20.06.05:357][ 88]LogSlate:Warning: Slate: Had to block on waiting for a draw buffer
[2017.02.11-20.06.05:370][ 88]LogSlate:Warning: Slate: Had to block on waiting for a draw buffer
[2017.02.11-20.06.05:383][ 88]LogSlate:Warning: Slate: Had to block on waiting for a draw buffer
[2017.02.11-20.06.05:394][ 88]LogSlate:Warning: Slate: Had to block on waiting for a draw buffer
[2017.02.11-20.06.05:404][ 88]LogSavePackage: Save=245.33ms
[2017.02.11-20.06.05:409][ 88]LogSavePackage: Moving 'D:/Multimedia/Unreal/LumberJack/Saved/Blueprint_Effect_SparksB9D05F174AC563E2795CEA86E7857BD2.tmp' to 'D:/Multimedia/Unreal/LumberJack/Content/StarterContent/Blueprints/Blueprint_Effect_Sparks.uasset'
[2017.02.11-20.06.05:411][ 88]LogSlate:Warning: Slate: Had to block on waiting for a draw buffer
[2017.02.11-20.06.05:416][ 88]LogSlate:Warning: Slate: Had to block on waiting for a draw buffer
[2017.02.11-20.06.05:416][ 88]LogSavePackage:Display: Finished SavePackage D:/Multimedia/Unreal/LumberJack/Content/StarterContent/Blueprints/Blueprint_Effect_Sparks.uasset
[2017.02.11-20.06.05:502][ 89]LogSlate:Warning: Slate: Had to block on waiting for a draw buffer
[2017.02.11-20.06.05:508][ 89]LogSlate:Warning: Slate: Had to block on waiting for a draw buffer
[2017.02.11-20.06.05:513][ 89]LogSlate:Warning: Slate: Had to block on waiting for a draw buffer
[2017.02.11-20.06.05:516][ 89]LogSlate:Warning: Slate: Had to block on waiting for a draw buffer
[2017.02.11-20.06.05:520][ 89]LogSlate:Warning: Slate: Had to block on waiting for a draw buffer
[2017.02.11-20.06.05:523][ 89]LogSlate:Warning: Slate: Had to block on waiting for a draw buffer
[2017.02.11-20.06.05:527][ 89]LogSlate:Warning: Slate: Had to block on waiting for a draw buffer
[2017.02.11-20.06.05:530][ 89]LogSlate:Warning: Slate: Had to block on waiting for a draw buffer
[2017.02.11-20.06.05:545][ 89]LogSlate:Warning: Slate: Had to block on waiting for a draw buffer
[2017.02.11-20.06.05:549][ 89]LogSlate:Warning: Slate: Had to block on waiting for a draw buffer
[2017.02.11-20.06.05:553][ 89]LogSlate:Warning: Slate: Had to block on waiting for a draw buffer
[2017.02.11-20.06.05:556][ 89]LogSlate:Warning: Slate: Had to block on waiting for a draw buffer
[2017.02.11-20.06.05:558][ 89]LogSlate:Warning: Slate: Had to block on waiting for a draw buffer
[2017.02.11-20.06.05:562][ 89]LogSlate:Warning: Slate: Had to block on waiting for a draw buffer
[2017.02.11-20.06.05:565][ 89]LogSlate:Warning: Slate: Had to block on waiting for a draw buffer
[2017.02.11-20.06.05:572][ 89]LogSavePackage: Save=103.90ms
[2017.02.11-20.06.05:573][ 89]LogSavePackage: Moving 'D:/Multimedia/Unreal/LumberJack/Saved/Blueprint_Effect_Smoke3C682327459B25FFA2BFB695B87F18E3.tmp' to 'D:/Multimedia/Unreal/LumberJack/Content/StarterContent/Blueprints/Blueprint_Effect_Smoke.uasset'
[2017.02.11-20.06.05:575][ 89]LogSlate:Warning: Slate: Had to block on waiting for a draw buffer
[2017.02.11-20.06.05:579][ 89]LogSlate:Warning: Slate: Had to block on waiting for a draw buffer
[2017.02.11-20.06.05:580][ 89]LogSavePackage:Display: Finished SavePackage D:/Multimedia/Unreal/LumberJack/Content/StarterContent/Blueprints/Blueprint_Effect_Smoke.uasset
[2017.02.11-20.06.05:838][ 90]LogSlate:Warning: Slate: Had to block on waiting for a draw buffer
[2017.02.11-20.06.05:843][ 90]LogSlate:Warning: Slate: Had to block on waiting for a draw buffer
[2017.02.11-20.06.05:849][ 90]LogSlate:Warning: Slate: Had to block on waiting for a draw buffer
[2017.02.11-20.06.05:855][ 90]LogSlate:Warning: Slate: Had to block on waiting for a draw buffer
[2017.02.11-20.06.05:859][ 90]LogSlate:Warning: Slate: Had to block on waiting for a draw buffer
[2017.02.11-20.06.05:863][ 90]LogSlate:Warning: Slate: Had to block on waiting for a draw buffer
[2017.02.11-20.06.05:867][ 90]LogSlate:Warning: Slate: Had to block on waiting for a draw buffer
[2017.02.11-20.06.05:870][ 90]LogSlate:Warning: Slate: Had to block on waiting for a draw buffer
[2017.02.11-20.06.05:885][ 90]LogSlate:Warning: Slate: Had to block on waiting for a draw buffer
[2017.02.11-20.06.05:889][ 90]LogSlate:Warning: Slate: Had to block on waiting for a draw buffer
[2017.02.11-20.06.05:893][ 90]LogSlate:Warning: Slate: Had to block on waiting for a draw buffer
[2017.02.11-20.06.05:896][ 90]LogSlate:Warning: Slate: Had to block on waiting for a draw buffer
[2017.02.11-20.06.05:900][ 90]LogSlate:Warning: Slate: Had to block on waiting for a draw buffer
[2017.02.11-20.06.05:903][ 90]LogSlate:Warning: Slate: Had to block on waiting for a draw buffer
[2017.02.11-20.06.05:907][ 90]LogSlate:Warning: Slate: Had to block on waiting for a draw buffer
[2017.02.11-20.06.05:913][ 90]LogSavePackage: Save=111.77ms
[2017.02.11-20.06.05:915][ 90]LogSavePackage: Moving 'D:/Multimedia/Unreal/LumberJack/Saved/Blueprint_Effect_Fire7B0C87D149F83E114B98B68143308358.tmp' to 'D:/Multimedia/Unreal/LumberJack/Content/StarterContent/Blueprints/Blueprint_Effect_Fire.uasset'
[2017.02.11-20.06.05:916][ 90]LogSlate:Warning: Slate: Had to block on waiting for a draw buffer
[2017.02.11-20.06.05:920][ 90]LogSlate:Warning: Slate: Had to block on waiting for a draw buffer
[2017.02.11-20.06.05:921][ 90]LogSavePackage:Display: Finished SavePackage D:/Multimedia/Unreal/LumberJack/Content/StarterContent/Blueprints/Blueprint_Effect_Fire.uasset
[2017.02.11-20.06.06:206][ 91]LogMaterial: Missing cached shader map for material m_flare_01, compiling. 
[2017.02.11-20.06.06:253][ 91]LogMaterial: Missing cached shader map for material M_radial_ramp, compiling. 
[2017.02.11-20.06.06:535][ 91]LogTexture:Display: Building textures: T_Explosion_SubUV (AutoDXT)
[2017.02.11-20.06.07:978][ 91]LogMaterial: Missing cached shader map for material M_explosion_subUV, compiling. 
[2017.02.11-20.06.08:033][ 91]LogTexture:Display: Building textures: T_Burst_M (AutoDXT)
[2017.02.11-20.06.08:161][ 91]LogMaterial: Missing cached shader map for material M_Burst, compiling. 
[2017.02.11-20.06.08:221][ 91]LogTexture:Display: Building textures: ThumbnailTexture (DXT1)
[2017.02.11-20.06.08:419][ 91]LogSlate:Warning: Slate: Had to block on waiting for a draw buffer
[2017.02.11-20.06.08:460][ 91]LogSlate:Warning: Slate: Had to block on waiting for a draw buffer
[2017.02.11-20.06.08:466][ 91]LogSlate:Warning: Slate: Had to block on waiting for a draw buffer
[2017.02.11-20.06.08:470][ 91]LogSlate:Warning: Slate: Had to block on waiting for a draw buffer
[2017.02.11-20.06.08:474][ 91]LogSlate:Warning: Slate: Had to block on waiting for a draw buffer
[2017.02.11-20.06.08:479][ 91]LogSlate:Warning: Slate: Had to block on waiting for a draw buffer
[2017.02.11-20.06.08:482][ 91]LogSlate:Warning: Slate: Had to block on waiting for a draw buffer
[2017.02.11-20.06.08:486][ 91]LogSlate:Warning: Slate: Had to block on waiting for a draw buffer
[2017.02.11-20.06.08:500][ 91]LogSlate:Warning: Slate: Had to block on waiting for a draw buffer
[2017.02.11-20.06.08:503][ 91]LogSlate:Warning: Slate: Had to block on waiting for a draw buffer
[2017.02.11-20.06.08:507][ 91]LogSlate:Warning: Slate: Had to block on waiting for a draw buffer
[2017.02.11-20.06.08:511][ 91]LogSlate:Warning: Slate: Had to block on waiting for a draw buffer
[2017.02.11-20.06.08:515][ 91]LogSlate:Warning: Slate: Had to block on waiting for a draw buffer
[2017.02.11-20.06.08:519][ 91]LogSlate:Warning: Slate: Had to block on waiting for a draw buffer
[2017.02.11-20.06.08:522][ 91]LogSlate:Warning: Slate: Had to block on waiting for a draw buffer
[2017.02.11-20.06.08:529][ 91]LogSavePackage: Save=148.56ms
[2017.02.11-20.06.08:530][ 91]LogSavePackage: Moving 'D:/Multimedia/Unreal/LumberJack/Saved/Blueprint_Effect_Explosion4B74A20A429F19A109CB508153AC0F6D.tmp' to 'D:/Multimedia/Unreal/LumberJack/Content/StarterContent/Blueprints/Blueprint_Effect_Explosion.uasset'
[2017.02.11-20.06.08:532][ 91]LogSlate:Warning: Slate: Had to block on waiting for a draw buffer
[2017.02.11-20.06.08:536][ 91]LogSlate:Warning: Slate: Had to block on waiting for a draw buffer
[2017.02.11-20.06.08:537][ 91]LogSavePackage:Display: Finished SavePackage D:/Multimedia/Unreal/LumberJack/Content/StarterContent/Blueprints/Blueprint_Effect_Explosion.uasset
[2017.02.11-20.06.08:647][ 92]LogSlate:Warning: Slate: Had to block on waiting for a draw buffer
[2017.02.11-20.06.08:660][ 92]LogSlate:Warning: Slate: Had to block on waiting for a draw buffer
[2017.02.11-20.06.08:666][ 92]LogSlate:Warning: Slate: Had to block on waiting for a draw buffer
[2017.02.11-20.06.08:669][ 92]LogSlate:Warning: Slate: Had to block on waiting for a draw buffer
[2017.02.11-20.06.08:673][ 92]LogSlate:Warning: Slate: Had to block on waiting for a draw buffer
[2017.02.11-20.06.08:676][ 92]LogSlate:Warning: Slate: Had to block on waiting for a draw buffer
[2017.02.11-20.06.08:679][ 92]LogSlate:Warning: Slate: Had to block on waiting for a draw buffer
[2017.02.11-20.06.08:683][ 92]LogSlate:Warning: Slate: Had to block on waiting for a draw buffer
[2017.02.11-20.06.08:696][ 92]LogSlate:Warning: Slate: Had to block on waiting for a draw buffer
[2017.02.11-20.06.08:699][ 92]LogSlate:Warning: Slate: Had to block on waiting for a draw buffer
[2017.02.11-20.06.08:702][ 92]LogSlate:Warning: Slate: Had to block on waiting for a draw buffer
[2017.02.11-20.06.08:706][ 92]LogSlate:Warning: Slate: Had to block on waiting for a draw buffer
[2017.02.11-20.06.08:709][ 92]LogSlate:Warning: Slate: Had to block on waiting for a draw buffer
[2017.02.11-20.06.08:712][ 92]LogSlate:Warning: Slate: Had to block on waiting for a draw buffer
[2017.02.11-20.06.08:715][ 92]LogSlate:Warning: Slate: Had to block on waiting for a draw buffer
[2017.02.11-20.06.08:722][ 92]LogSavePackage: Save=108.22ms
[2017.02.11-20.06.08:724][ 92]LogSavePackage: Moving 'D:/Multimedia/Unreal/LumberJack/Saved/Blueprint_CeilingLight4C6345D442BD83562802C8B1E876648D.tmp' to 'D:/Multimedia/Unreal/LumberJack/Content/StarterContent/Blueprints/Blueprint_CeilingLight.uasset'
[2017.02.11-20.06.08:725][ 92]LogSlate:Warning: Slate: Had to block on waiting for a draw buffer
[2017.02.11-20.06.08:729][ 92]LogSlate:Warning: Slate: Had to block on waiting for a draw buffer
[2017.02.11-20.06.08:730][ 92]LogSavePackage:Display: Finished SavePackage D:/Multimedia/Unreal/LumberJack/Content/StarterContent/Blueprints/Blueprint_CeilingLight.uasset
[2017.02.11-20.09.24:637][911]SourceControl:Error: Error Failed to enable Git source control. You need to initialize the project as a Git repository first.
[2017.02.11-20.09.33:982][482]SourceControl:Error: Error Failed to enable Git source control. You need to initialize the project as a Git repository first.
[2017.02.11-20.10.56:308][208]SourceControl:Error: Error Failed to enable Git source control. You need to initialize the project as a Git repository first.
[2017.02.11-20.12.00:749][770]SourceControl: Info Source control is disabled
[2017.02.11-20.16.09:523][768]LogFileHelpers: Editor autosave (incl. sublevels) for '/Game/VirtualRealityBP/Maps/MotionControllerMap' took 0.022
[2017.02.11-20.23.26:792][996]LogEditorViewport: Clicking on Actor (LMB): StaticMeshActor (actor_Lumberjack01)
