Log file open, 02/11/17 00:40:31
LogInit:Display: Running engine for game: LumberJack
LogPlatformFile: Not using cached read wrapper
LogInit:Display: RandInit(-919623903) SRandInit(-919623902).
LogTaskGraph: Started task graph with 5 named threads and 8 total threads with 1 sets of task threads.
LogStats: Stats thread started at 0.112803
LogPluginManager: Loaded Plugin Paper2D, From C:/Program Files/Epic Games/UE_4.14/Engine/Plugins/2D/Paper2D/Paper2D.uplugin
LogPluginManager: Loaded Plugin LightPropagationVolume, From C:/Program Files/Epic Games/UE_4.14/Engine/Plugins/Blendables/LightPropagationVolume/LightPropagationVolume.uplugin
LogPluginManager: Loaded Plugin BlankPlugin, From C:/Program Files/Epic Games/UE_4.14/Engine/Plugins/Developer/BlankPlugin/BlankPlugin.uplugin
LogPluginManager: Loaded Plugin CodeLiteSourceCodeAccess, From C:/Program Files/Epic Games/UE_4.14/Engine/Plugins/Developer/CodeLiteSourceCodeAccess/CodeLiteSourceCodeAccess.uplugin
LogPluginManager: Loaded Plugin GitSourceControl, From C:/Program Files/Epic Games/UE_4.14/Engine/Plugins/Developer/GitSourceControl/GitSourceControl.uplugin
LogPluginManager: Loaded Plugin KDevelopSourceCodeAccess, From C:/Program Files/Epic Games/UE_4.14/Engine/Plugins/Developer/KDevelopSourceCodeAccess/KDevelopSourceCodeAccess.uplugin
LogPluginManager: Loaded Plugin NullSourceCodeAccess, From C:/Program Files/Epic Games/UE_4.14/Engine/Plugins/Developer/NullSourceCodeAccess/NullSourceCodeAccess.uplugin
LogPluginManager: Loaded Plugin OneSkyLocalizationService, From C:/Program Files/Epic Games/UE_4.14/Engine/Plugins/Developer/OneSkyLocalizationService/OneSkyLocalizationService.uplugin
LogPluginManager: Loaded Plugin PerforceSourceControl, From C:/Program Files/Epic Games/UE_4.14/Engine/Plugins/Developer/PerforceSourceControl/PerforceSourceControl.uplugin
LogPluginManager: Loaded Plugin SubversionSourceControl, From C:/Program Files/Epic Games/UE_4.14/Engine/Plugins/Developer/SubversionSourceControl/SubversionSourceControl.uplugin
LogPluginManager: Loaded Plugin UObjectPlugin, From C:/Program Files/Epic Games/UE_4.14/Engine/Plugins/Developer/UObjectPlugin/UObjectPlugin.uplugin
LogPluginManager: Loaded Plugin VisualStudioSourceCodeAccess, From C:/Program Files/Epic Games/UE_4.14/Engine/Plugins/Developer/VisualStudioSourceCodeAccess/VisualStudioSourceCodeAccess.uplugin
LogPluginManager: Loaded Plugin XCodeSourceCodeAccess, From C:/Program Files/Epic Games/UE_4.14/Engine/Plugins/Developer/XCodeSourceCodeAccess/XCodeSourceCodeAccess.uplugin
LogPluginManager: Loaded Plugin AudioCapture, From C:/Program Files/Epic Games/UE_4.14/Engine/Plugins/Editor/AudioCapture/AudioCapture.uplugin
LogPluginManager: Loaded Plugin EpicSurvey, From C:/Program Files/Epic Games/UE_4.14/Engine/Plugins/Editor/EpicSurvey/EpicSurvey.uplugin
LogPluginManager: Loaded Plugin MacGraphicsSwitching, From C:/Program Files/Epic Games/UE_4.14/Engine/Plugins/Editor/MacGraphicsSwitching/MacGraphicsSwitching.uplugin
LogPluginManager: Loaded Plugin MobileLauncherProfileWizard, From C:/Program Files/Epic Games/UE_4.14/Engine/Plugins/Editor/MobileLauncherProfileWizard/MobileLauncherProfileWizard.uplugin
LogPluginManager: Loaded Plugin PluginBrowser, From C:/Program Files/Epic Games/UE_4.14/Engine/Plugins/Editor/PluginBrowser/PluginBrowser.uplugin
LogPluginManager: Loaded Plugin SpeedTreeImporter, From C:/Program Files/Epic Games/UE_4.14/Engine/Plugins/Editor/SpeedTreeImporter/SpeedTreeImporter.uplugin
LogPluginManager: Loaded Plugin SuperSearchEditor, From C:/Program Files/Epic Games/UE_4.14/Engine/Plugins/Editor/SuperSearchEditor/SuperSearchEditor.uplugin
LogPluginManager: Loaded Plugin AlembicImporter, From C:/Program Files/Epic Games/UE_4.14/Engine/Plugins/Experimental/AlembicImporter/AlembicImporter.uplugin
LogPluginManager: Loaded Plugin BlueprintStats, From C:/Program Files/Epic Games/UE_4.14/Engine/Plugins/Experimental/BlueprintStats/BlueprintStats.uplugin
LogPluginManager: Loaded Plugin CharacterAI, From C:/Program Files/Epic Games/UE_4.14/Engine/Plugins/Experimental/CharacterAI/CharacterAI.uplugin
LogPluginManager: Loaded Plugin CodeEditor, From C:/Program Files/Epic Games/UE_4.14/Engine/Plugins/Experimental/CodeEditor/CodeEditor.uplugin
LogPluginManager: Loaded Plugin CodeView, From C:/Program Files/Epic Games/UE_4.14/Engine/Plugins/Experimental/CodeView/CodeView.uplugin
LogPluginManager: Loaded Plugin HTML5Networking, From C:/Program Files/Epic Games/UE_4.14/Engine/Plugins/Experimental/HTML5Networking/HTML5Networking.uplugin
LogPluginManager: Loaded Plugin OSVR, From C:/Program Files/Epic Games/UE_4.14/Engine/Plugins/Experimental/OSVR/OSVR.uplugin
LogPluginManager: Loaded Plugin Phya, From C:/Program Files/Epic Games/UE_4.14/Engine/Plugins/Experimental/Phya/Phya.uplugin
LogPluginManager: Loaded Plugin SignificanceManager, From C:/Program Files/Epic Games/UE_4.14/Engine/Plugins/Experimental/SignificanceManager/SignificanceManager.uplugin
LogPluginManager: Loaded Plugin SimpleHMD, From C:/Program Files/Epic Games/UE_4.14/Engine/Plugins/Experimental/SimpleHMD/SimpleHMD.uplugin
LogPluginManager: Loaded Plugin StereoPanorama, From C:/Program Files/Epic Games/UE_4.14/Engine/Plugins/Experimental/StereoPanorama/StereoPanorama.uplugin
LogPluginManager: Loaded Plugin StructBox, From C:/Program Files/Epic Games/UE_4.14/Engine/Plugins/Experimental/StructBox/StructBox.uplugin
LogPluginManager: Loaded Plugin AndroidMedia, From C:/Program Files/Epic Games/UE_4.14/Engine/Plugins/Media/AndroidMedia/AndroidMedia.uplugin
LogPluginManager: Loaded Plugin AvfMedia, From C:/Program Files/Epic Games/UE_4.14/Engine/Plugins/Media/AvfMedia/AvfMedia.uplugin
LogPluginManager: Loaded Plugin MediaPlayerEditor, From C:/Program Files/Epic Games/UE_4.14/Engine/Plugins/Media/MediaPlayerEditor/MediaPlayerEditor.uplugin
LogPluginManager: Loaded Plugin WmfMedia, From C:/Program Files/Epic Games/UE_4.14/Engine/Plugins/Media/WmfMedia/WmfMedia.uplugin
LogPluginManager: Loaded Plugin MessagingDebugger, From C:/Program Files/Epic Games/UE_4.14/Engine/Plugins/Messaging/MessagingDebugger/MessagingDebugger.uplugin
LogPluginManager: Loaded Plugin TcpMessaging, From C:/Program Files/Epic Games/UE_4.14/Engine/Plugins/Messaging/TcpMessaging/TcpMessaging.uplugin
LogPluginManager: Loaded Plugin UdpMessaging, From C:/Program Files/Epic Games/UE_4.14/Engine/Plugins/Messaging/UdpMessaging/UdpMessaging.uplugin
LogPluginManager: Loaded Plugin LevelSequenceEditor, From C:/Program Files/Epic Games/UE_4.14/Engine/Plugins/MovieScene/LevelSequenceEditor/LevelSequenceEditor.uplugin
LogPluginManager: Loaded Plugin MatineeToLevelSequence, From C:/Program Files/Epic Games/UE_4.14/Engine/Plugins/MovieScene/MatineeToLevelSequence/MatineeToLevelSequence.uplugin
LogPluginManager: Loaded Plugin NetcodeUnitTest, From C:/Program Files/Epic Games/UE_4.14/Engine/Plugins/NetcodeUnitTest/NetcodeUnitTest/NetcodeUnitTest.uplugin
LogPluginManager: Loaded Plugin NUTUnrealEngine4, From C:/Program Files/Epic Games/UE_4.14/Engine/Plugins/NetcodeUnitTest/NUTUnrealEngine4/NUTUnrealEngine4.uplugin
LogPluginManager: Loaded Plugin OnlineSubsystemGameCircle, From C:/Program Files/Epic Games/UE_4.14/Engine/Plugins/Online/Android/OnlineSubsystemGameCircle/OnlineSubsystemGameCircle.uplugin
LogPluginManager: Loaded Plugin OnlineSubsystemGooglePlay, From C:/Program Files/Epic Games/UE_4.14/Engine/Plugins/Online/Android/OnlineSubsystemGooglePlay/OnlineSubsystemGooglePlay.uplugin
LogPluginManager: Loaded Plugin OnlineSubsystemIOS, From C:/Program Files/Epic Games/UE_4.14/Engine/Plugins/Online/IOS/OnlineSubsystemIOS/OnlineSubsystemIOS.uplugin
LogPluginManager: Loaded Plugin OnlineFramework, From C:/Program Files/Epic Games/UE_4.14/Engine/Plugins/Online/OnlineFramework/OnlineFramework.uplugin
LogPluginManager: Loaded Plugin OnlineSubsystem, From C:/Program Files/Epic Games/UE_4.14/Engine/Plugins/Online/OnlineSubsystem/OnlineSubsystem.uplugin
LogPluginManager: Loaded Plugin OnlineSubsystemAmazon, From C:/Program Files/Epic Games/UE_4.14/Engine/Plugins/Online/OnlineSubsystemAmazon/OnlineSubsystemAmazon.uplugin
LogPluginManager: Loaded Plugin OnlineSubsystemFacebook, From C:/Program Files/Epic Games/UE_4.14/Engine/Plugins/Online/OnlineSubsystemFacebook/OnlineSubsystemFacebook.uplugin
LogPluginManager: Loaded Plugin OnlineSubsystemNull, From C:/Program Files/Epic Games/UE_4.14/Engine/Plugins/Online/OnlineSubsystemNull/OnlineSubsystemNull.uplugin
LogPluginManager: Loaded Plugin OnlineSubsystemOculus, From C:/Program Files/Epic Games/UE_4.14/Engine/Plugins/Online/OnlineSubsystemOculus/OnlineSubsystemOculus.uplugin
LogPluginManager: Loaded Plugin OnlineSubsystemSteam, From C:/Program Files/Epic Games/UE_4.14/Engine/Plugins/Online/OnlineSubsystemSteam/OnlineSubsystemSteam.uplugin
LogPluginManager: Loaded Plugin OnlineSubsystemUtils, From C:/Program Files/Epic Games/UE_4.14/Engine/Plugins/Online/OnlineSubsystemUtils/OnlineSubsystemUtils.uplugin
LogPluginManager: Loaded Plugin IOSTapJoy, From C:/Program Files/Epic Games/UE_4.14/Engine/Plugins/Runtime/Advertising/IOSTapJoy/IOSTapJoy.uplugin
LogPluginManager: Loaded Plugin AnalyticsBlueprintLibrary, From C:/Program Files/Epic Games/UE_4.14/Engine/Plugins/Runtime/Analytics/AnalyticsBlueprintLibrary/AnalyticsBlueprintLibrary.uplugin
LogPluginManager: Loaded Plugin AnalyticsMulticast, From C:/Program Files/Epic Games/UE_4.14/Engine/Plugins/Runtime/Analytics/AnalyticsMulticast/AnalyticsMulticast.uplugin
LogPluginManager: Loaded Plugin Apsalar, From C:/Program Files/Epic Games/UE_4.14/Engine/Plugins/Runtime/Analytics/Apsalar/Apsalar.uplugin
LogPluginManager: Loaded Plugin FileLogging, From C:/Program Files/Epic Games/UE_4.14/Engine/Plugins/Runtime/Analytics/FileLogging/FileLogging.uplugin
LogPluginManager: Loaded Plugin Flurry, From C:/Program Files/Epic Games/UE_4.14/Engine/Plugins/Runtime/Analytics/Flurry/Flurry.uplugin
LogPluginManager: Loaded Plugin AndroidDeviceProfileSelector, From C:/Program Files/Epic Games/UE_4.14/Engine/Plugins/Runtime/AndroidDeviceProfileSelector/AndroidDeviceProfileSelector.uplugin
LogPluginManager: Loaded Plugin AndroidMoviePlayer, From C:/Program Files/Epic Games/UE_4.14/Engine/Plugins/Runtime/AndroidMoviePlayer/AndroidMoviePlayer.uplugin
LogPluginManager: Loaded Plugin AppleMoviePlayer, From C:/Program Files/Epic Games/UE_4.14/Engine/Plugins/Runtime/AppleMoviePlayer/AppleMoviePlayer.uplugin
LogPluginManager: Loaded Plugin ArchVisCharacter, From C:/Program Files/Epic Games/UE_4.14/Engine/Plugins/Runtime/ArchVisCharacter/ArchVisCharacter.uplugin
LogPluginManager: Loaded Plugin CableComponent, From C:/Program Files/Epic Games/UE_4.14/Engine/Plugins/Runtime/CableComponent/CableComponent.uplugin
LogPluginManager: Loaded Plugin CustomMeshComponent, From C:/Program Files/Epic Games/UE_4.14/Engine/Plugins/Runtime/CustomMeshComponent/CustomMeshComponent.uplugin
LogPluginManager: Loaded Plugin ExampleDeviceProfileSelector, From C:/Program Files/Epic Games/UE_4.14/Engine/Plugins/Runtime/ExampleDeviceProfileSelector/ExampleDeviceProfileSelector.uplugin
LogPluginManager: Loaded Plugin GearVR, From C:/Program Files/Epic Games/UE_4.14/Engine/Plugins/Runtime/GearVR/GearVR.uplugin
LogPluginManager: Loaded Plugin GoogleVRController, From C:/Program Files/Epic Games/UE_4.14/Engine/Plugins/Runtime/GoogleVR/GoogleVRController/GoogleVRController.uplugin
LogPluginManager: Loaded Plugin GoogleVRHMD, From C:/Program Files/Epic Games/UE_4.14/Engine/Plugins/Runtime/GoogleVR/GoogleVRHMD/GoogleVRHMD.uplugin
LogPluginManager: Loaded Plugin IOSDeviceProfileSelector, From C:/Program Files/Epic Games/UE_4.14/Engine/Plugins/Runtime/IOSDeviceProfileSelector/IOSDeviceProfileSelector.uplugin
LogPluginManager: Loaded Plugin LeapMotion, From C:/Program Files/Epic Games/UE_4.14/Engine/Plugins/Runtime/LeapMotion/LeapMotion.uplugin
LogPluginManager: Loaded Plugin LinuxDeviceProfileSelector, From C:/Program Files/Epic Games/UE_4.14/Engine/Plugins/Runtime/LinuxDeviceProfileSelector/LinuxDeviceProfileSelector.uplugin
LogPluginManager: Loaded Plugin MIDIDevice, From C:/Program Files/Epic Games/UE_4.14/Engine/Plugins/Runtime/MIDIDevice/MIDIDevice.uplugin
LogPluginManager: Loaded Plugin MobilePatchingUtils, From C:/Program Files/Epic Games/UE_4.14/Engine/Plugins/Runtime/MobilePatchingUtils/MobilePatchingUtils.uplugin
LogPluginManager: Loaded Plugin Ansel, From C:/Program Files/Epic Games/UE_4.14/Engine/Plugins/Runtime/Nvidia/Ansel/Ansel.uplugin
LogPluginManager: Loaded Plugin OculusAudio, From C:/Program Files/Epic Games/UE_4.14/Engine/Plugins/Runtime/OculusAudio/OculusAudio.uplugin
LogPluginManager: Loaded Plugin OculusInput, From C:/Program Files/Epic Games/UE_4.14/Engine/Plugins/Runtime/OculusInput/OculusInput.uplugin
LogPluginManager: Loaded Plugin OculusLibrary, From C:/Program Files/Epic Games/UE_4.14/Engine/Plugins/Runtime/OculusLibrary/OculusLibrary.uplugin
LogPluginManager: Loaded Plugin OculusRift, From C:/Program Files/Epic Games/UE_4.14/Engine/Plugins/Runtime/OculusRift/OculusRift.uplugin
LogPluginManager: Loaded Plugin Oodle, From C:/Program Files/Epic Games/UE_4.14/Engine/Plugins/Runtime/PacketHandlers/CompressionComponents/Oodle/Oodle.uplugin
LogPluginManager: Loaded Plugin ProceduralMeshComponent, From C:/Program Files/Epic Games/UE_4.14/Engine/Plugins/Runtime/ProceduralMeshComponent/ProceduralMeshComponent.uplugin
LogPluginManager: Loaded Plugin SoundMod, From C:/Program Files/Epic Games/UE_4.14/Engine/Plugins/Runtime/SoundMod/SoundMod.uplugin
LogPluginManager: Loaded Plugin SoundVisualizations, From C:/Program Files/Epic Games/UE_4.14/Engine/Plugins/Runtime/SoundVisualizations/SoundVisualizations.uplugin
LogPluginManager: Loaded Plugin SteamController, From C:/Program Files/Epic Games/UE_4.14/Engine/Plugins/Runtime/Steam/SteamController/SteamController.uplugin
LogPluginManager: Loaded Plugin SteamVR, From C:/Program Files/Epic Games/UE_4.14/Engine/Plugins/Runtime/Steam/SteamVR/SteamVR.uplugin
LogPluginManager: Loaded Plugin WebBrowserWidget, From C:/Program Files/Epic Games/UE_4.14/Engine/Plugins/Runtime/WebBrowserWidget/WebBrowserWidget.uplugin
LogPluginManager: Loaded Plugin WindowsDeviceProfileSelector, From C:/Program Files/Epic Games/UE_4.14/Engine/Plugins/Runtime/WindowsDeviceProfileSelector/WindowsDeviceProfileSelector.uplugin
LogPluginManager: Loaded Plugin WindowsMoviePlayer, From C:/Program Files/Epic Games/UE_4.14/Engine/Plugins/Runtime/WindowsMoviePlayer/WindowsMoviePlayer.uplugin
LogPluginManager: Loaded Plugin ScriptPlugin, From C:/Program Files/Epic Games/UE_4.14/Engine/Plugins/ScriptPlugin/ScriptPlugin.uplugin
LogPluginManager: Loaded Plugin SlateRemote, From C:/Program Files/Epic Games/UE_4.14/Engine/Plugins/Slate/SlateRemote/SlateRemote.uplugin
LogPluginManager: Loaded Plugin EditorTests, From C:/Program Files/Epic Games/UE_4.14/Engine/Plugins/Tests/EditorTests/EditorTests.uplugin
LogPluginManager: Loaded Plugin FbxAutomationTestBuilder, From C:/Program Files/Epic Games/UE_4.14/Engine/Plugins/Tests/FbxAutomationTestBuilder/FbxAutomationTestBuilder.uplugin
LogPluginManager: Loaded Plugin FunctionalTestingEditor, From C:/Program Files/Epic Games/UE_4.14/Engine/Plugins/Tests/FunctionalTestingEditor/FunctionalTestingEditor.uplugin
LogPluginManager: Loaded Plugin RuntimeTests, From C:/Program Files/Epic Games/UE_4.14/Engine/Plugins/Tests/RuntimeTests/RuntimeTests.uplugin
LogPluginManager: Loaded Plugin ScreenshotTools, From C:/Program Files/Epic Games/UE_4.14/Engine/Plugins/Tests/ScreenshotTools/ScreenshotTools.uplugin
LogInit: Using libcurl 7.47.1
LogInit:  - built for x86_64-pc-win32
LogInit:  - supports SSL with OpenSSL/1.0.2g
LogInit:  - supports HTTP deflate (compression) using libz 1.2.8
LogInit:  - other features:
LogInit:      CURL_VERSION_SSL
LogInit:      CURL_VERSION_LIBZ
LogInit:      CURL_VERSION_IPV6
LogInit:      CURL_VERSION_ASYNCHDNS
LogInit:      CURL_VERSION_LARGEFILE
LogInit:      CURL_VERSION_IDN
LogInit:  CurlRequestOptions (configurable via config and command line):
LogInit:  - bVerifyPeer = false  - Libcurl will NOT verify peer certificate
LogInit:  - bUseHttpProxy = false  - Libcurl will NOT use HTTP proxy
LogInit:  - bDontReuseConnections = false  - Libcurl will reuse connections
LogInit:  - CertBundlePath = nullptr  - Libcurl will use whatever was configured at build time.
OCULUS: Info: [CAPI] LibOVR module is located at C:\Program Files\Oculus\Support\oculus-runtime\LibOVRRT64_1.dll
OCULUS: Debug: Connected to the server running version (prod = 1).1.11.0(build = 335772) feature version = 0. Client runs version (prod = 1).1.11.0(build = 335772) feature version = 0
LogInit: Build: ++UE4+Release-4.14-CL-3249277
LogInit: Engine Version: 4.14.3-3249277+++UE4+Release-4.14
LogInit: Compatible Engine Version: 4.14.0-3195953+++UE4+Release-4.14
LogInit: Net CL: 3195953
LogDevObjectVersion: Number of dev versions registered: 13
LogDevObjectVersion:   Dev-Blueprints (B0D832E4-1F89-4F0D-ACCF-7EB736FD4AA2): 7
LogDevObjectVersion:   Dev-Build (E1C64328-A22C-4D53-A36C-8E866417BD8C): 0
LogDevObjectVersion:   Dev-Core (375EC13C-06E4-48FB-B500-84F0262A717E): 1
LogDevObjectVersion:   Dev-Editor (E4B068ED-F494-42E9-A231-DA0B2E46BB41): 8
LogDevObjectVersion:   Dev-Framework (CFFC743F-43B0-4480-9391-14DF171D2073): 17
LogDevObjectVersion:   Dev-Mobile (B02B49B5-BB20-44E9-A304-32B752E40360): 0
LogDevObjectVersion:   Dev-Networking (A4E4105C-59A1-49B5-A7C5-40C4547EDFEE): 0
LogDevObjectVersion:   Dev-Online (39C831C9-5AE6-47DC-9A44-9C173E1C8E7C): 0
LogDevObjectVersion:   Dev-Physics (78F01B33-EBEA-4F98-B9B4-84EACCB95AA2): 0
LogDevObjectVersion:   Dev-Platform (6631380F-2D4D-43E0-8009-CF276956A95A): 0
LogDevObjectVersion:   Dev-Rendering (12F88B9F-8875-4AFC-A67C-D90C383ABD29): 12
LogDevObjectVersion:   Dev-Sequencer (7B5AE74C-D270-4C10-A958-57980B212A5A): 1
LogDevObjectVersion:   Dev-VR (D7296918-1DD6-4BDD-9DE2-64A83CC13884): 0
LogInit: Compiled (64-bit): Jan  6 2017 10:49:43
LogInit: Compiled with Visual C++: 19.00.23026.00
LogInit: Build Configuration: Development
LogInit: Branch Name: ++UE4+Release-4.14
LogInit: Command line: -EpicPortal 
LogInit: Base directory: C:/Program Files/Epic Games/UE_4.14/Engine/Binaries/Win64/
LogInit: Installed Engine Build: 1
LogInit: Presizing for max 8388607 objects, including 0 objects not considered by GC, pre-allocating 0 bytes for permanent pool.
LogInit: Object subsystem initialized
[2017.02.11-07.40.32:317][  0]LogConsoleManager:Display: Setting the console variable 'r.RHICmdBypass' with 'SetByProjectSetting' was ignored as it is lower priority than the previous 'SetBySystemSettingsIni'
[2017.02.11-07.40.32:329][  0]LogInit: Selected Device Profile: [Windows]
[2017.02.11-07.40.32:329][  0]LogInit: Applying CVar settings loaded from the selected device profile: [Windows]
[2017.02.11-07.40.32:346][  0]LogInit: Computer: DESKTOP-80G5AD7
[2017.02.11-07.40.32:346][  0]LogInit: User: abel
[2017.02.11-07.40.32:346][  0]LogInit: CPU Page size=65536, Cores=4
[2017.02.11-07.40.32:346][  0]LogInit: High frequency timer resolution =2.591160 MHz
[2017.02.11-07.40.32:346][  0]LogMemory: Memory total: Physical=24.0GB (24GB approx)
[2017.02.11-07.40.32:346][  0]LogMemory: Platform Memory Stats for Windows
[2017.02.11-07.40.32:346][  0]LogMemory: Process Physical Memory: 269.43 MB used, 269.43 MB peak
[2017.02.11-07.40.32:346][  0]LogMemory: Process Virtual Memory: 266.02 MB used, 266.02 MB peak
[2017.02.11-07.40.32:346][  0]LogMemory: Physical Memory: 10814.26 MB used,  13752.91 MB free, 24567.17 MB total
[2017.02.11-07.40.32:346][  0]LogMemory: Virtual Memory: 718.48 MB used,  13752.91 MB free, 134217728.00 MB total
[2017.02.11-07.40.32:376][  0]LogTextLocalizationManager: No specific translations for ('en-US') exist, so ('en') translations will be used.
[2017.02.11-07.40.33:342][  0]LogD3D11RHI: D3D11 adapters:
[2017.02.11-07.40.34:127][  0]LogD3D11RHI:    0. 'NVIDIA GeForce GTX 1070' (Feature Level 11_0)
[2017.02.11-07.40.34:127][  0]LogD3D11RHI:       8145/0/12283 MB DedicatedVideo/DedicatedSystem/SharedSystem, Outputs:2, VendorId:0x10de
[2017.02.11-07.40.34:128][  0]LogD3D11RHI:    1. 'Microsoft Basic Render Driver' (Feature Level 11_0)
[2017.02.11-07.40.34:128][  0]LogD3D11RHI:       0/0/12283 MB DedicatedVideo/DedicatedSystem/SharedSystem, Outputs:0, VendorId:0x1414
[2017.02.11-07.40.34:128][  0]LogD3D11RHI: Chosen D3D11 Adapter: 0
[2017.02.11-07.40.34:134][  0]LogD3D11RHI: Creating new Direct3DDevice
[2017.02.11-07.40.34:135][  0]LogD3D11RHI:     GPU DeviceId: 0x1b81 (for the marketing name, search the web for "GPU Device Id")
[2017.02.11-07.40.34:135][  0]LogWindows: EnumDisplayDevices:
[2017.02.11-07.40.34:135][  0]LogWindows:    0. 'NVIDIA GeForce GTX 1070' (P:1 D:1)
[2017.02.11-07.40.34:135][  0]LogWindows:    1. 'NVIDIA GeForce GTX 1070' (P:0 D:1)
[2017.02.11-07.40.34:135][  0]LogWindows:    2. 'NVIDIA GeForce GTX 1070' (P:0 D:0)
[2017.02.11-07.40.34:135][  0]LogWindows:    3. 'NVIDIA GeForce GTX 1070' (P:0 D:0)
[2017.02.11-07.40.34:136][  0]LogWindows: DebugString: FoundDriverCount:4 
[2017.02.11-07.40.34:136][  0]LogD3D11RHI:     Adapter Name: NVIDIA GeForce GTX 1070
[2017.02.11-07.40.34:136][  0]LogD3D11RHI:   Driver Version: 376.53 (internal:21.21.13.7653, unified:376.53)
[2017.02.11-07.40.34:136][  0]LogD3D11RHI:      Driver Date: 12-29-2016
[2017.02.11-07.40.34:136][  0]LogRHI: Texture pool is 1361 MB (70% of 1945 MB)
[2017.02.11-07.40.34:886][  0]LogD3D11RHI: Async texture creation enabled
[2017.02.11-07.40.34:920][  0]LogD3D11RHI: GPU Timing Frequency: 1000.000000 (Debug: 2 1)
[2017.02.11-07.40.34:922][  0]LogShaderCompilers: Guid format shader working directory is 13 characters bigger than the processId version (D:/Multimedia/Unreal/LumberJack/Intermediate/Shaders/WorkingDirectory/14368/).
[2017.02.11-07.40.34:922][  0]LogShaderCompilers: Cleaned the shader compiler working directory 'C:/Users/abel/AppData/Local/Temp/UnrealShaderWorkingDir/BBD71C2245A34367EA034CA5EEE78A10/'.
[2017.02.11-07.40.34:922][  0]LogShaderCompilers:Display: Using Local Shader Compiler.
[2017.02.11-07.40.36:605][  0]LogTemp:Display: Loaded TP AllDesktopTargetPlatform
[2017.02.11-07.40.36:705][  0]LogTemp:Display: Loaded TP MacClientTargetPlatform
[2017.02.11-07.40.36:800][  0]LogTemp:Display: Loaded TP MacNoEditorTargetPlatform
[2017.02.11-07.40.36:898][  0]LogTemp:Display: Loaded TP MacServerTargetPlatform
[2017.02.11-07.40.37:002][  0]LogTemp:Display: Loaded TP MacTargetPlatform
[2017.02.11-07.40.37:097][  0]LogTemp:Display: Loaded TP WindowsClientTargetPlatform
[2017.02.11-07.40.37:192][  0]LogTemp:Display: Loaded TP WindowsNoEditorTargetPlatform
[2017.02.11-07.40.37:286][  0]LogTemp:Display: Loaded TP WindowsServerTargetPlatform
[2017.02.11-07.40.37:368][  0]LogTemp:Display: Loaded TP WindowsTargetPlatform
[2017.02.11-07.40.37:471][  0]LogTemp:Display: Loaded TP AndroidTargetPlatform
[2017.02.11-07.40.37:565][  0]LogTemp:Display: Loaded TP Android_ASTCTargetPlatform
[2017.02.11-07.40.37:660][  0]LogTemp:Display: Loaded TP Android_ATCTargetPlatform
[2017.02.11-07.40.37:756][  0]LogTemp:Display: Loaded TP Android_DXTTargetPlatform
[2017.02.11-07.40.37:849][  0]LogTemp:Display: Loaded TP Android_ETC1TargetPlatform
[2017.02.11-07.40.37:942][  0]LogTemp:Display: Loaded TP Android_ETC2TargetPlatform
[2017.02.11-07.40.38:133][  0]LogTemp:Display: Loaded TP Android_MultiTargetPlatform
[2017.02.11-07.40.38:133][  0]LogTemp:Display: Loaded TP Android_PVRTCTargetPlatform
[2017.02.11-07.40.38:197][  0]LogTemp:Display: Loaded TP HTML5TargetPlatform
[2017.02.11-07.40.38:336][  0]LogTemp:Display: Loaded TP IOSTargetPlatform
[2017.02.11-07.40.38:403][  0]LogTemp:Display: Loaded TP TVOSTargetPlatform
[2017.02.11-07.40.38:507][  0]LogTemp:Display: Loaded TP LinuxClientTargetPlatform
[2017.02.11-07.40.38:611][  0]LogTemp:Display: Loaded TP LinuxNoEditorTargetPlatform
[2017.02.11-07.40.38:718][  0]LogTemp:Display: Loaded TP LinuxServerTargetPlatform
[2017.02.11-07.40.38:818][  0]LogTemp:Display: Loaded TP LinuxTargetPlatform
[2017.02.11-07.40.38:818][  0]LogTargetPlatformManager:Display: Building Assets For Windows
[2017.02.11-07.40.39:524][  0]LogDerivedDataCache:Display: Max Cache Size: 512 MB
[2017.02.11-07.40.39:607][  0]LogDerivedDataCache: Loaded boot cache 0.08s 61MB C:/Users/abel/AppData/Local/UnrealEngine/4.14/DerivedDataCache/Boot.ddc.
[2017.02.11-07.40.39:607][  0]LogDerivedDataCache:Display: Loaded Boot cache: C:/Users/abel/AppData/Local/UnrealEngine/4.14/DerivedDataCache/Boot.ddc
[2017.02.11-07.40.39:607][  0]LogDerivedDataCache: FDerivedDataBackendGraph:  Pak pak cache file D:/Multimedia/Unreal/LumberJack/DerivedDataCache/DDC.ddp not found, will not use a pak cache.
[2017.02.11-07.40.39:607][  0]LogDerivedDataCache: Unable to find inner node Pak for hierarchical cache Hierarchy.
[2017.02.11-07.40.39:607][  0]LogDerivedDataCache: FDerivedDataBackendGraph:  CompressedPak pak cache file D:/Multimedia/Unreal/LumberJack/DerivedDataCache/Compressed.ddp not found, will not use a pak cache.
[2017.02.11-07.40.39:607][  0]LogDerivedDataCache: Unable to find inner node CompressedPak for hierarchical cache Hierarchy.
[2017.02.11-07.40.39:640][  0]LogDerivedDataCache:Display: Pak cache opened for reading ../../../Engine/DerivedDataCache/Compressed.ddp.
[2017.02.11-07.40.39:652][  0]LogDerivedDataCache: Using Local data cache path C:/Users/abel/AppData/Local/UnrealEngine/Common/DerivedDataCache: Writable
[2017.02.11-07.40.40:005][  0]LogInit: Selected Device Profile: [Windows]
[2017.02.11-07.40.40:010][  0]LogContentStreaming: Texture pool size is 0.00 MB
[2017.02.11-07.40.40:364][  0]LogMeshUtilities: Using QuadricMeshReduction for automatic static mesh reduction
[2017.02.11-07.40.40:441][  0]LogSimplygon: Simplygon DLL not present - disabling.
[2017.02.11-07.40.40:523][  0]LogMeshUtilities: Using SimplygonSwarm for distributed automatic mesh merging
[2017.02.11-07.40.40:523][  0]LogMeshUtilities: No automatic skeletal mesh reduction module available
[2017.02.11-07.40.40:523][  0]LogMeshUtilities: No automatic mesh merging module available
[2017.02.11-07.40.41:286][  0]LogNetVersion: GetLocalNetworkVersion: CL: 3195953, ProjectName: lumberjack, ProjectVersion: , EngineNetworkVersion: 2, GameNetworkVersion: 0, NetworkChecksum: 1533925745
[2017.02.11-07.40.41:371][  0]LogAssetRegistry: FAssetRegistry took 0.0221 seconds to start up
[2017.02.11-07.40.41:442][  0]LogPackageLocalizationCache: Processed 3 localized package path(s) for 2 prioritized culture(s) in 0.029754 seconds
[2017.02.11-07.40.41:452][  0]LogUObjectArray: 31946 objects as part of root set at end of initial load.
[2017.02.11-07.40.41:452][  0]LogUObjectAllocator: 6935848 out of 0 bytes used by permanent object pool.
[2017.02.11-07.40.41:452][  0]LogUObjectArray: CloseDisregardForGC: 0/0 objects in disregard for GC pool
[2017.02.11-07.40.41:571][  0]LogInit: WinSock: version 1.1 (2.2), MaxSocks=32767, MaxUdp=65467
[2017.02.11-07.40.42:817][  0]LogSlate: Using Freetype 2.6.0
[2017.02.11-07.40.42:818][  0]LogSlate: SlateFontCache - WITH_FREETYPE: 1, WITH_HARFBUZZ: 1
[2017.02.11-07.40.42:818][  0]LogSlate: SlateFontCache - WITH_FREETYPE: 1, WITH_HARFBUZZ: 1
[2017.02.11-07.40.44:061][  0]LogTcpMessaging: Initializing TcpMessaging bridge
[2017.02.11-07.40.44:123][  0]LogUdpMessaging: Initializing bridge on interface 0.0.0.0:0 to multicast group 230.0.0.1:6666.
[2017.02.11-07.40.44:590][  0]LogMaterial: Uniform references updated for custom material expression Custom.
[2017.02.11-07.40.45:233][  0]SourceControl: Info Source control is disabled
[2017.02.11-07.40.45:234][  0]SourceControl: Info Source control is disabled
[2017.02.11-07.40.45:313][  0]SourceControl: Info Source control is disabled
[2017.02.11-07.40.45:397][  0]SourceControl: Info Source control is disabled
[2017.02.11-07.40.47:569][  0]LogEngine: Initializing Engine...
[2017.02.11-07.40.47:617][  0]LogHMD: SteamVR initialized.  Driver: lighthouse  Display: LHR-3A690A88
[2017.02.11-07.40.48:024][  0]LogAIModule: Creating AISystem for world Untitled
[2017.02.11-07.40.48:064][  0]LogInit: XAudio2 using 'Speakers (Logitech G930 Headset)' : 2 channels at 44.1 kHz using 16 bits per sample (channel mask 0x3)
[2017.02.11-07.40.48:080][  0]LogInit: FAudioDevice initialized.
[2017.02.11-07.40.48:117][  0]LogDerivedDataCache: Saved boot cache 0.04s 61MB C:/Users/abel/AppData/Local/UnrealEngine/4.14/DerivedDataCache/Boot.ddc.
[2017.02.11-07.40.48:132][  0]LogInit: Texture streaming: Enabled
[2017.02.11-07.40.48:445][  0]LogInit: Transaction tracking system initialized
[2017.02.11-07.40.49:026][  0]BlueprintLog: New page: Editor Load
[2017.02.11-07.40.50:515][  0]LocalizationService: Info Localization service is disabled
[2017.02.11-07.40.51:592][  0]LogConsoleResponse:Display: 
[2017.02.11-07.40.51:830][  0]LogCook:Display: Max memory allowance for cook 16384mb min free memory 0mb
[2017.02.11-07.40.51:830][  0]LogCook:Display: Mobile HDR setting 1
[2017.02.11-07.40.51:879][  0]LogFileCache: Scanning file cache for directory 'D:/Multimedia/Unreal/LumberJack/Content/' took 0.02s
[2017.02.11-07.40.53:536][  0]SourceControl: Info Source control is disabled
[2017.02.11-07.40.53:536][  0]Cmd: MAP LOAD FILE="D:/Multimedia/Unreal/LumberJack/Content/VirtualRealityBP/Maps/StartupMap.umap" TEMPLATE=0 SHOWPROGRESS=1 FEATURELEVEL=3
[2017.02.11-07.40.53:537][  0]LightingResults: New page: Lighting Build
[2017.02.11-07.40.53:605][  0]MapCheck: New page: Map Check
[2017.02.11-07.40.53:605][  0]LightingResults: New page: Lighting Build
[2017.02.11-07.40.53:837][  0]LogAIModule: Creating AISystem for world StartupMap
[2017.02.11-07.40.53:847][  0]LogEditorServer: Finished looking for orphan Actors (0.000 secs)
[2017.02.11-07.40.53:847][  0]Cmd: MAP CHECKDEP NOCLEARLOG
[2017.02.11-07.40.53:918][  0]MapCheck: Info Map check complete: 0 Error(s), 0 Warning(s), took 70.389ms to complete.
[2017.02.11-07.40.53:918][  0]LogFileHelpers: Loading map 'StartupMap' took 0.382
[2017.02.11-07.40.54:011][  0]LogWindowsTextInputMethodSystem:Display: IME system now deactivated.
[2017.02.11-07.40.54:012][  0]LogWindowsTextInputMethodSystem:Display: IME system now deactivated.
[2017.02.11-07.40.54:141][  0]LogCollectionManager: Loaded 0 collections in 0.002340 seconds
[2017.02.11-07.40.54:259][  0]LogFileCache: Scanning file cache for directory 'D:/Multimedia/Unreal/LumberJack/Saved/Collections/' took 0.01s
[2017.02.11-07.40.54:259][  0]LogFileCache: Scanning file cache for directory 'D:/Multimedia/Unreal/LumberJack/Content/Developers/abel/Collections/' took 0.01s
[2017.02.11-07.40.54:259][  0]LogFileCache: Scanning file cache for directory 'D:/Multimedia/Unreal/LumberJack/Content/Collections/' took 0.01s
[2017.02.11-07.40.54:259][  0]LogCollectionManager: Rebuilt the GUID cache for 0 collections in 0.000002 seconds
[2017.02.11-07.40.54:276][  0]LogContentBrowser: Native class hierarchy populated in 0.0163 seconds. Added 2190 classes and 428 folders.
[2017.02.11-07.40.54:347][  0]LogStats: UGameplayTagsManager::ConstructGameplayTagTree: Construct from data asset -  0.000 s
[2017.02.11-07.40.54:347][  0]LogStats: UGameplayTagsManager::ConstructGameplayTagTree: GameplayTagTreeChangedEvent.Broadcast -  0.000 s
[2017.02.11-07.40.54:348][  0]LogContentBrowser: Native class hierarchy updated for 'GameplayTags' in 0.0008 seconds. Added 13 classes and 0 folders.
[2017.02.11-07.40.54:452][  0]LogContentBrowser: Native class hierarchy updated for 'WidgetCarousel' in 0.0009 seconds. Added 0 classes and 0 folders.
[2017.02.11-07.40.54:514][  0]LogContentBrowser: Native class hierarchy updated for 'AddContentDialog' in 0.0007 seconds. Added 0 classes and 0 folders.
[2017.02.11-07.40.54:584][  0]LogContentBrowser: Native class hierarchy updated for 'SceneOutliner' in 0.0009 seconds. Added 1 classes and 2 folders.
[2017.02.11-07.40.54:651][  0]LogCrashTracker: Crashtracker disabled due to settings.
[2017.02.11-07.40.54:797][  0]LogContentBrowser: Native class hierarchy updated for 'HierarchicalLODOutliner' in 0.0008 seconds. Added 1 classes and 2 folders.
[2017.02.11-07.40.54:798][  0]LogLoad: (Engine Initialization) Total time: 25.73 seconds
[2017.02.11-07.40.54:798][  0]LogLoad: (Engine Initialization) Total Blueprint compile time: 0.08 seconds
[2017.02.11-07.40.54:798][  0]LogExternalProfiler: Found external profiler: VSPerf
[2017.02.11-07.40.54:798][  0]LogExternalProfiler: Using external profiler: VSPerf
[2017.02.11-07.40.54:808][  0]LogOcInput: OculusInput pre-init called
[2017.02.11-07.40.54:825][  0]LogOcInput: OculusInput is initialized. Init status 0. Runtime version: 1.11.0
[2017.02.11-07.40.54:843][  0]LogContentStreaming: Texture pool size now 1000 MB
[2017.02.11-07.40.55:047][  0]LogRenderer: Reallocating scene render targets to support 816x372 NumSamples 1 (Frame:2).
[2017.02.11-07.40.55:241][  2]LogAssetRegistry: Asset discovery search completed in 13.8931 seconds
[2017.02.11-07.40.55:241][  2]LogCollectionManager: Rebuilt the object cache for 0 collections in 0.000000 seconds (found 0 objects)
[2017.02.11-07.40.55:241][  2]LogCollectionManager: Fixed up redirectors for 0 collections in 0.000020 seconds (updated 0 objects)
[2017.02.11-07.41.12:103][677]LogTemp: Repeting last play command: Selected Viewport
[2017.02.11-07.41.12:119][677]LogPlayLevel: PlayLevel: No blueprints needed recompiling
[2017.02.11-07.41.12:119][677]PIE: New page: PIE session: StartupMap (Feb 10, 2017, 5:41:12 PM)
[2017.02.11-07.41.12:119][677]LogPlayLevel: Creating play world package: /Game/VirtualRealityBP/Maps/UEDPIE_0_StartupMap
[2017.02.11-07.41.12:127][677]LogPlayLevel: PIE: StaticDuplicateObject took: (0.007249s)
[2017.02.11-07.41.12:127][677]LogAIModule: Creating AISystem for world StartupMap
[2017.02.11-07.41.12:128][677]LogPlayLevel: PIE: World Init took: (0.000787s)
[2017.02.11-07.41.12:128][677]LogPlayLevel: PIE: Created PIE world by copying editor world from /Game/VirtualRealityBP/Maps/StartupMap.StartupMap to /Game/VirtualRealityBP/Maps/UEDPIE_0_StartupMap.StartupMap (0.008370s)
[2017.02.11-07.41.12:177][677]LogInit: XAudio2 using 'Speakers (Logitech G930 Headset)' : 2 channels at 44.1 kHz using 16 bits per sample (channel mask 0x3)
[2017.02.11-07.41.12:189][677]LogInit: FAudioDevice initialized.
[2017.02.11-07.41.12:242][677]LogUObjectGlobals:Warning: Failed to find object 'Class None.'
[2017.02.11-07.41.12:242][677]LogLoad: Game class is 'GameModeBase'
[2017.02.11-07.41.12:247][677]LogWorld: Bringing World /Game/VirtualRealityBP/Maps/UEDPIE_0_StartupMap.StartupMap up for play (max tick rate 0) at 2017.02.11-00.41.12
[2017.02.11-07.41.12:247][677]LogWorld: Bringing up level for play took: 0.003297
[2017.02.11-07.41.12:313][677]LogContentBrowser: Native class hierarchy updated for 'MovieSceneCapture' in 0.0009 seconds. Added 11 classes and 0 folders.
[2017.02.11-07.41.12:315][677]PIE: Info Play in editor start time for /Game/VirtualRealityBP/Maps/UEDPIE_0_StartupMap -0.727
[2017.02.11-07.41.12:379][678]LogRenderer: Reallocating scene render targets to support 1140x520 NumSamples 1 (Frame:13).
[2017.02.11-07.42.18:542][152]LogPlayLevel: PlayLevel: No blueprints needed recompiling
[2017.02.11-07.42.18:542][152]PIE: New page: PIE session: StartupMap (Feb 10, 2017, 5:42:18 PM)
[2017.02.11-07.42.18:542][152]LogPlayLevel: Creating play world package: /Game/VirtualRealityBP/Maps/UEDPIE_0_StartupMap
[2017.02.11-07.42.18:551][152]LogPlayLevel: PIE: StaticDuplicateObject took: (0.009085s)
[2017.02.11-07.42.18:551][152]LogAIModule: Creating AISystem for world StartupMap
[2017.02.11-07.42.18:552][152]LogPlayLevel: PIE: World Init took: (0.000732s)
[2017.02.11-07.42.18:552][152]LogPlayLevel: PIE: Created PIE world by copying editor world from /Game/VirtualRealityBP/Maps/StartupMap.StartupMap to /Game/VirtualRealityBP/Maps/UEDPIE_0_StartupMap.StartupMap (0.010030s)
[2017.02.11-07.42.18:602][152]LogInit: XAudio2 using 'Speakers (Logitech G930 Headset)' : 2 channels at 44.1 kHz using 16 bits per sample (channel mask 0x3)
[2017.02.11-07.42.18:614][152]LogInit: FAudioDevice initialized.
[2017.02.11-07.42.18:737][152]LogUObjectGlobals:Warning: Failed to find object 'Class None.'
[2017.02.11-07.42.18:737][152]LogLoad: Game class is 'GameModeBase'
[2017.02.11-07.42.18:741][152]LogWorld: Bringing World /Game/VirtualRealityBP/Maps/UEDPIE_0_StartupMap.StartupMap up for play (max tick rate 0) at 2017.02.11-00.42.18
[2017.02.11-07.42.18:742][152]LogWorld: Bringing up level for play took: 0.003556
[2017.02.11-07.42.18:751][152]PIE: Info Play in editor start time for /Game/VirtualRealityBP/Maps/UEDPIE_0_StartupMap -0.291
[2017.02.11-07.42.19:265][154]LogRenderer: Reallocating scene render targets to support 3024x1680 NumSamples 1 (Frame:1170).
[2017.02.11-07.42.52:778][576]LogPlayLevel: PlayLevel: No blueprints needed recompiling
[2017.02.11-07.42.52:778][576]PIE: New page: PIE session: StartupMap (Feb 10, 2017, 5:42:52 PM)
[2017.02.11-07.42.52:778][576]LogPlayLevel: Creating play world package: /Game/VirtualRealityBP/Maps/UEDPIE_0_StartupMap
[2017.02.11-07.42.52:787][576]LogPlayLevel: PIE: StaticDuplicateObject took: (0.008064s)
[2017.02.11-07.42.52:787][576]LogAIModule: Creating AISystem for world StartupMap
[2017.02.11-07.42.52:788][576]LogPlayLevel: PIE: World Init took: (0.000803s)
[2017.02.11-07.42.52:788][576]LogPlayLevel: PIE: Created PIE world by copying editor world from /Game/VirtualRealityBP/Maps/StartupMap.StartupMap to /Game/VirtualRealityBP/Maps/UEDPIE_0_StartupMap.StartupMap (0.009126s)
[2017.02.11-07.42.52:836][576]LogInit: XAudio2 using 'Speakers (Logitech G930 Headset)' : 2 channels at 44.1 kHz using 16 bits per sample (channel mask 0x3)
[2017.02.11-07.42.52:847][576]LogInit: FAudioDevice initialized.
[2017.02.11-07.42.52:972][576]LogUObjectGlobals:Warning: Failed to find object 'Class None.'
[2017.02.11-07.42.52:972][576]LogLoad: Game class is 'GameModeBase'
[2017.02.11-07.42.52:976][576]LogWorld: Bringing World /Game/VirtualRealityBP/Maps/UEDPIE_0_StartupMap.StartupMap up for play (max tick rate 0) at 2017.02.11-00.42.52
[2017.02.11-07.42.52:976][576]LogWorld: Bringing up level for play took: 0.003371
[2017.02.11-07.42.52:985][576]PIE: Info Play in editor start time for /Game/VirtualRealityBP/Maps/UEDPIE_0_StartupMap -0.056
[2017.02.11-07.42.58:541][170]LogPlayLevel: PlayLevel: No blueprints needed recompiling
[2017.02.11-07.42.58:541][170]PIE: New page: SIE session: StartupMap (Feb 10, 2017, 5:42:58 PM)
[2017.02.11-07.42.58:541][170]LogPlayLevel: Creating play world package: /Game/VirtualRealityBP/Maps/UEDPIE_0_StartupMap
[2017.02.11-07.42.58:550][170]LogPlayLevel: PIE: StaticDuplicateObject took: (0.008280s)
[2017.02.11-07.42.58:550][170]LogAIModule: Creating AISystem for world StartupMap
[2017.02.11-07.42.58:550][170]LogPlayLevel: PIE: World Init took: (0.000645s)
[2017.02.11-07.42.58:550][170]LogPlayLevel: PIE: Created PIE world by copying editor world from /Game/VirtualRealityBP/Maps/StartupMap.StartupMap to /Game/VirtualRealityBP/Maps/UEDPIE_0_StartupMap.StartupMap (0.009180s)
[2017.02.11-07.42.58:600][170]LogInit: XAudio2 using 'Speakers (Logitech G930 Headset)' : 2 channels at 44.1 kHz using 16 bits per sample (channel mask 0x3)
[2017.02.11-07.42.58:612][170]LogInit: FAudioDevice initialized.
[2017.02.11-07.42.58:645][170]LogUObjectGlobals:Warning: Failed to find object 'Class None.'
[2017.02.11-07.42.58:645][170]LogLoad: Game class is 'GameModeBase'
[2017.02.11-07.42.58:650][170]LogWorld: Bringing World /Game/VirtualRealityBP/Maps/UEDPIE_0_StartupMap.StartupMap up for play (max tick rate 0) at 2017.02.11-00.42.58
[2017.02.11-07.42.58:650][170]LogWorld: Bringing up level for play took: 0.003918
[2017.02.11-07.42.58:651][170]LogGameMode: Warning - PATHS NOT DEFINED or NO PLAYERSTART with positive rating
[2017.02.11-07.42.58:652][170]PIE: Info Play in editor start time for /Game/VirtualRealityBP/Maps/UEDPIE_0_StartupMap -0.39
[2017.02.11-07.43.05:903][913]LogSavePackage: Save=76.41ms
[2017.02.11-07.43.05:903][913]LogSavePackage: Moving 'D:/Multimedia/Unreal/LumberJack/Saved/UEDPCStartupMap3F65005C4C76F2B36B5659801C54C15B.tmp' to 'D:/Multimedia/Unreal/LumberJack/Saved/Autosaves/Game/VirtualRealityBP/Maps/UEDPCStartupMap.umap'
[2017.02.11-07.43.05:904][913]LogSavePackage:Display: Finished SavePackage D:/Multimedia/Unreal/LumberJack/Saved/Autosaves/Game/VirtualRealityBP/Maps/UEDPCStartupMap.umap
[2017.02.11-07.43.05:909][913]Cmd: OBJ SAVEPACKAGE PACKAGE="/Game/VirtualRealityBP/Maps/StartupMap_BuiltData" FILE="D:/Multimedia/Unreal/LumberJack/Content/VirtualRealityBP/Maps/StartupMap_BuiltData.uasset" SILENT=true
[2017.02.11-07.43.05:982][913]LogSavePackage: Save=64.43ms
[2017.02.11-07.43.05:982][913]LogSavePackage: Moving 'D:/Multimedia/Unreal/LumberJack/Saved/StartupMap_BuiltData3BA835BE487525371A7C4FB784CC6C93.tmp' to 'D:/Multimedia/Unreal/LumberJack/Content/VirtualRealityBP/Maps/StartupMap_BuiltData.uasset'
[2017.02.11-07.43.05:983][913]LogSavePackage:Display: Finished SavePackage D:/Multimedia/Unreal/LumberJack/Content/VirtualRealityBP/Maps/StartupMap_BuiltData.uasset
[2017.02.11-07.43.05:986][913]LogEditorTransaction: Undo Spawn Play From Here Start
[2017.02.11-07.43.05:993][913]LogHMD:Warning: Standalone game VR not supported, please use VR Preview.
[2017.02.11-07.43.20:866][284]OCULUS: Info: [HMDState] Requested to SetForegroundWindow(b0c1ell)
[2017.02.11-07.43.48:682][271]OCULUS: Info: [HMDState] Requested to SetForegroundWindow(e0b8ell)
[2017.02.11-07.43.51:303][570]LogPlayLevel: PlayLevel: No blueprints needed recompiling
[2017.02.11-07.43.51:304][570]PIE: New page: PIE session: StartupMap (Feb 10, 2017, 5:43:51 PM)
[2017.02.11-07.43.51:304][570]LogPlayLevel: Creating play world package: /Game/VirtualRealityBP/Maps/UEDPIE_0_StartupMap
[2017.02.11-07.43.51:312][570]LogPlayLevel: PIE: StaticDuplicateObject took: (0.008847s)
[2017.02.11-07.43.51:313][570]LogAIModule: Creating AISystem for world StartupMap
[2017.02.11-07.43.51:313][570]LogPlayLevel: PIE: World Init took: (0.000842s)
[2017.02.11-07.43.51:313][570]LogPlayLevel: PIE: Created PIE world by copying editor world from /Game/VirtualRealityBP/Maps/StartupMap.StartupMap to /Game/VirtualRealityBP/Maps/UEDPIE_0_StartupMap.StartupMap (0.009952s)
[2017.02.11-07.43.51:363][570]LogInit: XAudio2 using 'Speakers (Logitech G930 Headset)' : 2 channels at 44.1 kHz using 16 bits per sample (channel mask 0x3)
[2017.02.11-07.43.51:374][570]LogInit: FAudioDevice initialized.
[2017.02.11-07.43.51:491][570]LogUObjectGlobals:Warning: Failed to find object 'Class None.'
[2017.02.11-07.43.51:491][570]LogLoad: Game class is 'GameModeBase'
[2017.02.11-07.43.51:495][570]LogWorld: Bringing World /Game/VirtualRealityBP/Maps/UEDPIE_0_StartupMap.StartupMap up for play (max tick rate 0) at 2017.02.11-00.43.51
[2017.02.11-07.43.51:496][570]LogWorld: Bringing up level for play took: 0.003491
[2017.02.11-07.43.51:503][570]PIE: Info Play in editor start time for /Game/VirtualRealityBP/Maps/UEDPIE_0_StartupMap 0.462
[2017.02.11-07.45.48:823][731]LogWindowsTextInputMethodSystem:Display: IME system now deactivated.
[2017.02.11-07.45.48:823][731]LogWindowsTextInputMethodSystem:Display: IME system now deactivated.
[2017.02.11-07.45.49:036][732]Cmd: QUIT_EDITOR
[2017.02.11-07.45.49:278][732]LogExit: Preparing to exit.
[2017.02.11-07.45.50:296][732]LogExit: Editor shut down
[2017.02.11-07.45.50:296][732]LogExit: Transaction tracking system shut down
[2017.02.11-07.45.50:362][732]LogObj: Freed 0b from 0 cluster array pools.
[2017.02.11-07.45.50:362][732]LogExit: Object subsystem successfully closed.
[2017.02.11-07.45.50:377][732]LogD3D11RHI: Shutdown
[2017.02.11-07.45.50:377][732]LogD3D11RHI: CleanupD3DDevice
[2017.02.11-07.45.50:379][732]LogD3D11RHI: ~FD3D11DynamicRHI
[2017.02.11-07.45.50:405][732]LogHttp:Display: Http module shutting down, but needs to wait on 1 outstanding Http requests:
[2017.02.11-07.45.50:405][732]LogHttp:Display: 	verb=[POST] url=[https://datarouter.ol.epicgames.com/datarouter/api/v1/public/data?SessionID=%7BD2B0E25B-4033-7D95-28E0-068146D3F0DA%7D&AppID=UEEditor.Rocket.Release&AppVersion=4.14.3-3249277%2B%2B%2BUE4%2BRelease-4.14&UserID=f1f0b1294239b2c32eb31e9fcb8f40c8%7C96db87ff91cb411bb9ce6c94af2a962c%7Ceee22cb1-2084-4917-b779-cb3ef948022e&AppEnvironment=datacollector-binary&UploadType=eteventstream] status=Processing
[2017.02.11-07.45.50:426][732]LogModuleManager: Shutting down and abandoning module MovieSceneCapture (242)
[2017.02.11-07.45.50:426][732]LogModuleManager: Shutting down and abandoning module HierarchicalLODOutliner (241)
[2017.02.11-07.45.50:426][732]LogModuleManager: Shutting down and abandoning module CrashTracker (240)
[2017.02.11-07.45.50:426][732]LogModuleManager: Shutting down and abandoning module SceneOutliner (239)
[2017.02.11-07.45.50:426][732]LogModuleManager: Shutting down and abandoning module WidgetCarousel (238)
[2017.02.11-07.45.50:426][732]LogModuleManager: Shutting down and abandoning module AddContentDialog (237)
[2017.02.11-07.45.50:426][732]LogDirectoryWatcher: A directory notification for 'C:/Program Files/Epic Games/UE_4.14/FeaturePacks/' was aborted.
[2017.02.11-07.45.50:427][732]LogModuleManager: Shutting down and abandoning module GameplayTags (236)
[2017.02.11-07.45.50:427][732]LogModuleManager: Shutting down and abandoning module EditorWidgets (235)
[2017.02.11-07.45.50:427][732]LogModuleManager: Shutting down and abandoning module CollectionManager (234)
[2017.02.11-07.45.50:427][732]LogDirectoryWatcher: A directory notification for 'D:/Multimedia/Unreal/LumberJack/Content/Collections/' was aborted.
[2017.02.11-07.45.50:427][732]LogDirectoryWatcher: A directory notification for 'D:/Multimedia/Unreal/LumberJack/Content/Developers/abel/Collections/' was aborted.
[2017.02.11-07.45.50:427][732]LogDirectoryWatcher: A directory notification for 'D:/Multimedia/Unreal/LumberJack/Saved/Collections/' was aborted.
[2017.02.11-07.45.50:427][732]LogModuleManager: Shutting down and abandoning module StatsViewer (233)
[2017.02.11-07.45.50:427][732]LogModuleManager: Shutting down and abandoning module FoliageEdit (232)
[2017.02.11-07.45.50:427][732]LogModuleManager: Shutting down and abandoning module LandscapeEditor (231)
[2017.02.11-07.45.50:427][732]LogModuleManager: Shutting down and abandoning module SceneDepthPickerMode (230)
[2017.02.11-07.45.50:427][732]LogModuleManager: Shutting down and abandoning module ActorPickerMode (229)
[2017.02.11-07.45.50:427][732]LogModuleManager: Shutting down and abandoning module GeometryMode (228)
[2017.02.11-07.45.50:428][732]LogModuleManager: Shutting down and abandoning module TextureAlignMode (227)
[2017.02.11-07.45.50:428][732]LogModuleManager: Shutting down and abandoning module BspMode (226)
[2017.02.11-07.45.50:428][732]LogModuleManager: Shutting down and abandoning module HardwareSurvey (225)
[2017.02.11-07.45.50:428][732]LogModuleManager: Shutting down and abandoning module SequenceRecorderSections (224)
[2017.02.11-07.45.50:428][732]LogModuleManager: Shutting down and abandoning module AutomationWorker (223)
[2017.02.11-07.45.50:428][732]LogModuleManager: Shutting down and abandoning module MatineeToLevelSequence (222)
[2017.02.11-07.45.50:428][732]LogModuleManager: Shutting down and abandoning module PlacementMode (221)
[2017.02.11-07.45.50:428][732]LogModuleManager: Shutting down and abandoning module LevelSequenceEditor (220)
[2017.02.11-07.45.50:428][732]LogModuleManager: Shutting down and abandoning module WmfMediaFactory (219)
[2017.02.11-07.45.50:428][732]LogModuleManager: Shutting down and abandoning module WmfMediaEditor (218)
[2017.02.11-07.45.50:428][732]LogModuleManager: Shutting down and abandoning module AvfMediaFactory (217)
[2017.02.11-07.45.50:428][732]LogModuleManager: Shutting down and abandoning module AvfMediaEditor (216)
[2017.02.11-07.45.50:428][732]LogModuleManager: Shutting down and abandoning module Media (215)
[2017.02.11-07.45.50:428][732]LogModuleManager: Shutting down and abandoning module AndroidMediaFactory (214)
[2017.02.11-07.45.50:428][732]LogModuleManager: Shutting down and abandoning module AndroidMediaEditor (213)
[2017.02.11-07.45.50:428][732]LogModuleManager: Shutting down and abandoning module CharacterAI (212)
[2017.02.11-07.45.50:428][732]LogModuleManager: Shutting down and abandoning module SequenceRecorder (211)
[2017.02.11-07.45.50:428][732]LogModuleManager: Shutting down and abandoning module AudioCapture (210)
[2017.02.11-07.45.50:428][732]LogModuleManager: Shutting down and abandoning module SmartSnapping (209)
[2017.02.11-07.45.50:428][732]LogModuleManager: Shutting down and abandoning module SessionServices (208)
[2017.02.11-07.45.50:428][732]LogModuleManager: Shutting down and abandoning module ViewportSnapping (207)
[2017.02.11-07.45.50:428][732]LogModuleManager: Shutting down and abandoning module ViewportInteraction (206)
[2017.02.11-07.45.50:428][732]LogModuleManager: Shutting down and abandoning module LogVisualizer (205)
[2017.02.11-07.45.50:428][732]LogModuleManager: Shutting down and abandoning module GameProjectGeneration (204)
[2017.02.11-07.45.50:428][732]LogModuleManager: Shutting down and abandoning module IntroTutorials (203)
[2017.02.11-07.45.50:428][732]LogModuleManager: Shutting down and abandoning module EditorLiveStreaming (202)
[2017.02.11-07.45.50:428][732]LogModuleManager: Shutting down and abandoning module IOSPlatformEditor (201)
[2017.02.11-07.45.50:428][732]LogModuleManager: Shutting down and abandoning module HTML5PlatformEditor (200)
[2017.02.11-07.45.50:428][732]LogModuleManager: Shutting down and abandoning module AndroidDeviceDetection (199)
[2017.02.11-07.45.51:183][732]LogModuleManager: Shutting down and abandoning module AndroidPlatformEditor (198)
[2017.02.11-07.45.51:183][732]LogModuleManager: Shutting down and abandoning module IOSRuntimeSettings (197)
[2017.02.11-07.45.51:183][732]LogModuleManager: Shutting down and abandoning module AndroidRuntimeSettings (196)
[2017.02.11-07.45.51:183][732]LogModuleManager: Shutting down and abandoning module InputBindingEditor (195)
[2017.02.11-07.45.51:183][732]LogModuleManager: Shutting down and abandoning module NiagaraEditor (194)
[2017.02.11-07.45.51:183][732]LogModuleManager: Shutting down and abandoning module MergeActors (193)
[2017.02.11-07.45.51:183][732]LogModuleManager: Shutting down and abandoning module SizeMap (192)
[2017.02.11-07.45.51:183][732]LogModuleManager: Shutting down and abandoning module TreeMap (191)
[2017.02.11-07.45.51:183][732]LogModuleManager: Shutting down and abandoning module ReferenceViewer (190)
[2017.02.11-07.45.51:183][732]LogModuleManager: Shutting down and abandoning module LocalizationService (189)
[2017.02.11-07.45.51:183][732]LogModuleManager: Shutting down and abandoning module LocalizationDashboard (188)
[2017.02.11-07.45.51:183][732]LogModuleManager: Shutting down and abandoning module HardwareTargeting (187)
[2017.02.11-07.45.51:183][732]LogModuleManager: Shutting down and abandoning module DeviceProfileEditor (186)
[2017.02.11-07.45.51:183][732]LogModuleManager: Shutting down and abandoning module UndoHistory (185)
[2017.02.11-07.45.51:184][732]LogModuleManager: Shutting down and abandoning module UserFeedback (184)
[2017.02.11-07.45.51:184][732]LogModuleManager: Shutting down and abandoning module XmlParser (183)
[2017.02.11-07.45.51:184][732]LogModuleManager: Shutting down and abandoning module Blutility (182)
[2017.02.11-07.45.51:184][732]LogModuleManager: Shutting down and abandoning module ProjectTargetPlatformEditor (181)
[2017.02.11-07.45.51:184][732]LogModuleManager: Shutting down and abandoning module ProjectSettingsViewer (180)
[2017.02.11-07.45.51:184][732]LogModuleManager: Shutting down and abandoning module EditorSettingsViewer (179)
[2017.02.11-07.45.51:184][732]LogModuleManager: Shutting down and abandoning module SettingsEditor (178)
[2017.02.11-07.45.51:184][732]LogModuleManager: Shutting down and abandoning module ProjectLauncher (177)
[2017.02.11-07.45.51:184][732]LogModuleManager: Shutting down and abandoning module SessionFrontend (176)
[2017.02.11-07.45.51:184][732]LogModuleManager: Shutting down and abandoning module ProfilerClient (175)
[2017.02.11-07.45.51:184][732]LogModuleManager: Shutting down and abandoning module TargetDeviceServices (174)
[2017.02.11-07.45.51:184][732]LogModuleManager: Shutting down and abandoning module DeviceManager (173)
[2017.02.11-07.45.51:238][732]LogModuleManager: Shutting down and abandoning module AutomationController (172)
[2017.02.11-07.45.51:238][732]LogModuleManager: Shutting down and abandoning module AutomationWindow (171)
[2017.02.11-07.45.51:238][732]LogModuleManager: Shutting down and abandoning module Layers (170)
[2017.02.11-07.45.51:238][732]LogModuleManager: Shutting down and abandoning module ComponentVisualizers (169)
[2017.02.11-07.45.51:238][732]LogModuleManager: Shutting down and abandoning module DetailCustomizations (168)
[2017.02.11-07.45.51:238][732]LogModuleManager: Shutting down and abandoning module PackagesDialog (167)
[2017.02.11-07.45.51:239][732]LogModuleManager: Shutting down and abandoning module AnimGraph (166)
[2017.02.11-07.45.51:239][732]LogModuleManager: Shutting down and abandoning module Persona (165)
[2017.02.11-07.45.51:239][732]LogModuleManager: Shutting down and abandoning module Kismet (164)
[2017.02.11-07.45.51:239][732]LogModuleManager: Shutting down and abandoning module GraphEditor (163)
[2017.02.11-07.45.51:239][732]LogModuleManager: Shutting down and abandoning module ClassViewer (162)
[2017.02.11-07.45.51:239][732]LogModuleManager: Shutting down and abandoning module Toolbox (161)
[2017.02.11-07.45.51:239][732]LogModuleManager: Shutting down and abandoning module ModuleUI (160)
[2017.02.11-07.45.51:239][732]LogModuleManager: Shutting down and abandoning module MovieSceneTools (159)
[2017.02.11-07.45.51:239][732]LogModuleManager: Shutting down and abandoning module OutputLog (158)
[2017.02.11-07.45.51:239][732]LogModuleManager: Shutting down and abandoning module GammaUI (157)
[2017.02.11-07.45.51:239][732]LogModuleManager: Shutting down and abandoning module Documentation (156)
[2017.02.11-07.45.51:239][732]LogModuleManager: Shutting down and abandoning module Niagara (155)
[2017.02.11-07.45.51:239][732]LogModuleManager: Shutting down and abandoning module StreamingPauseRendering (154)
[2017.02.11-07.45.51:239][732]LogModuleManager: Shutting down and abandoning module AnalyticsET (153)
[2017.02.11-07.45.51:239][732]LogModuleManager: Shutting down and abandoning module PortalServices (152)
[2017.02.11-07.45.51:239][732]LogModuleManager: Shutting down and abandoning module PortalRpc (151)
[2017.02.11-07.45.51:239][732]LogModuleManager: Shutting down and abandoning module MessagingRpc (150)
[2017.02.11-07.45.51:239][732]LogModuleManager: Shutting down and abandoning module GameplayDebugger (149)
[2017.02.11-07.45.51:239][732]LogModuleManager: Shutting down and abandoning module AITestSuite (148)
[2017.02.11-07.45.51:239][732]LogModuleManager: Shutting down and abandoning module AIModule (147)
[2017.02.11-07.45.51:239][732]LogModuleManager: Shutting down and abandoning module ProfilerService (146)
[2017.02.11-07.45.51:280][732]LogModuleManager: Shutting down and abandoning module TaskGraph (145)
[2017.02.11-07.45.51:280][732]LogModuleManager: Shutting down and abandoning module SlateRemote (144)
[2017.02.11-07.45.51:280][732]LogModuleManager: Shutting down and abandoning module SteamVRController (143)
[2017.02.11-07.45.51:280][732]LogModuleManager: Shutting down and abandoning module SteamVR (142)
[2017.02.11-07.45.51:280][732]LogModuleManager: Shutting down and abandoning module ProceduralMeshComponentEditor (141)
[2017.02.11-07.45.51:280][732]LogModuleManager: Shutting down and abandoning module ProceduralMeshComponent (140)
[2017.02.11-07.45.51:280][732]LogModuleManager: Shutting down and abandoning module OculusLibrary (139)
[2017.02.11-07.45.51:280][732]LogModuleManager: Shutting down and abandoning module OculusInput (138)
[2017.02.11-07.45.51:280][732]LogModuleManager: Shutting down and abandoning module MobilePatchingUtils (137)
[2017.02.11-07.45.51:280][732]LogModuleManager: Shutting down and abandoning module CustomMeshComponent (136)
[2017.02.11-07.45.51:280][732]LogModuleManager: Shutting down and abandoning module CableComponent (135)
[2017.02.11-07.45.51:280][732]LogModuleManager: Shutting down and abandoning module ArchVisCharacter (134)
[2017.02.11-07.45.51:280][732]LogModuleManager: Shutting down and abandoning module MediaPlayerEditor (132)
[2017.02.11-07.45.51:280][732]LogModuleManager: Shutting down and abandoning module HTML5Networking (131)
[2017.02.11-07.45.51:280][732]LogModuleManager: Shutting down and abandoning module GeometryCacheEd (130)
[2017.02.11-07.45.51:280][732]LogModuleManager: Shutting down and abandoning module GeometryCache (129)
[2017.02.11-07.45.51:280][732]LogModuleManager: Shutting down and abandoning module AlembicLibrary (128)
[2017.02.11-07.45.51:280][732]LogModuleManager: Shutting down and abandoning module AlembicImporter (127)
[2017.02.11-07.45.51:280][732]LogModuleManager: Shutting down and abandoning module SuperSearch (126)
[2017.02.11-07.45.51:280][732]LogModuleManager: Shutting down and abandoning module SuperSearchEditor (125)
[2017.02.11-07.45.51:280][732]LogModuleManager: Shutting down and abandoning module SpeedTreeImporter (124)
[2017.02.11-07.45.51:280][732]LogModuleManager: Shutting down and abandoning module PluginBrowser (123)
[2017.02.11-07.45.51:280][732]LogModuleManager: Shutting down and abandoning module MobileLauncherProfileWizard (122)
[2017.02.11-07.45.51:280][732]LogModuleManager: Shutting down and abandoning module EpicSurvey (121)
[2017.02.11-07.45.51:280][732]LogModuleManager: Shutting down and abandoning module DesktopPlatform (120)
[2017.02.11-07.45.51:280][732]LogModuleManager: Shutting down and abandoning module VisualStudioSourceCodeAccess (119)
[2017.02.11-07.45.51:280][732]LogModuleManager: Shutting down and abandoning module UObjectPlugin (118)
[2017.02.11-07.45.51:280][732]LogModuleManager: Shutting down and abandoning module SubversionSourceControl (117)
[2017.02.11-07.45.51:280][732]LogModuleManager: Shutting down and abandoning module PerforceSourceControl (116)
[2017.02.11-07.45.51:280][732]LogModuleManager: Shutting down and abandoning module SourceControl (115)
[2017.02.11-07.45.51:280][732]LogModuleManager: Shutting down and abandoning module GitSourceControl (114)
[2017.02.11-07.45.51:280][732]LogModuleManager: Shutting down and abandoning module LightPropagationVolumeEditor (113)
[2017.02.11-07.45.51:280][732]LogModuleManager: Shutting down and abandoning module PaperTiledImporter (112)
[2017.02.11-07.45.51:280][732]LogModuleManager: Shutting down and abandoning module PaperSpriteSheetImporter (111)
[2017.02.11-07.45.51:280][732]LogModuleManager: Shutting down and abandoning module MeshPaint (110)
[2017.02.11-07.45.51:280][732]LogModuleManager: Shutting down and abandoning module PixelInspectorModule (109)
[2017.02.11-07.45.51:280][732]LogModuleManager: Shutting down and abandoning module HotReload (108)
[2017.02.11-07.45.51:281][732]LogModuleManager: Shutting down and abandoning module MainFrame (107)
[2017.02.11-07.45.51:281][732]LogModuleManager: Shutting down and abandoning module LevelEditor (106)
[2017.02.11-07.45.51:282][732]LogModuleManager: Shutting down and abandoning module ContentBrowser (105)
[2017.02.11-07.45.51:283][732]LogModuleManager: Shutting down and abandoning module Paper2DEditor (104)
[2017.02.11-07.45.51:283][732]LogModuleManager: Shutting down and abandoning module UdpMessaging (103)
[2017.02.11-07.45.51:384][732]LogModuleManager: Shutting down and abandoning module TcpMessaging (102)
[2017.02.11-07.45.51:484][732]LogModuleManager: Shutting down and abandoning module LightPropagationVolumeRuntime (101)
[2017.02.11-07.45.51:484][732]LogModuleManager: Shutting down and abandoning module Paper2D (100)
[2017.02.11-07.45.51:484][732]LogModuleManager: Shutting down and abandoning module WindowsMoviePlayer (99)
[2017.02.11-07.45.51:484][732]LogModuleManager: Shutting down and abandoning module WmfMedia (98)
[2017.02.11-07.45.51:484][732]LogModuleManager: Shutting down and abandoning module MediaAssets (97)
[2017.02.11-07.45.51:485][732]LogModuleManager: Shutting down and abandoning module GameLiveStreaming (96)
[2017.02.11-07.45.51:485][732]LogModuleManager: Shutting down and abandoning module GameplayTagsEditor (95)
[2017.02.11-07.45.51:485][732]LogModuleManager: Shutting down and abandoning module VREditor (94)
[2017.02.11-07.45.51:485][732]LogModuleManager: Shutting down and abandoning module GameplayTasksEditor (93)
[2017.02.11-07.45.51:485][732]LogModuleManager: Shutting down and abandoning module BehaviorTreeEditor (92)
[2017.02.11-07.45.51:485][732]LogModuleManager: Shutting down and abandoning module FunctionalTesting (91)
[2017.02.11-07.45.51:485][732]LogModuleManager: Shutting down and abandoning module CollisionAnalyzer (90)
[2017.02.11-07.45.51:485][732]LogModuleManager: Shutting down and abandoning module Sequencer (89)
[2017.02.11-07.45.51:485][732]LogModuleManager: Shutting down and abandoning module WorkspaceMenuStructure (88)
[2017.02.11-07.45.51:485][732]LogModuleManager: Shutting down and abandoning module MessageLog (87)
[2017.02.11-07.45.51:485][732]LogModuleManager: Shutting down and abandoning module AssetTools (86)
[2017.02.11-07.45.51:485][732]LogModuleManager: Shutting down and abandoning module UMGEditor (85)
[2017.02.11-07.45.51:485][732]LogModuleManager: Shutting down and abandoning module UMG (84)
[2017.02.11-07.45.51:485][732]LogModuleManager: Shutting down and abandoning module SlateReflector (83)
[2017.02.11-07.45.51:486][732]LogModuleManager: Shutting down and abandoning module Slate (82)
[2017.02.11-07.45.51:486][732]LogModuleManager: Shutting down and abandoning module EditorStyle (81)
[2017.02.11-07.45.51:489][732]LogModuleManager: Shutting down and abandoning module SourceCodeAccess (80)
[2017.02.11-07.45.51:489][732]LogModuleManager: Shutting down and abandoning module HeadMountedDisplay (79)
[2017.02.11-07.45.51:489][732]LogModuleManager: Shutting down and abandoning module XAudio2 (78)
[2017.02.11-07.45.51:489][732]LogModuleManager: Shutting down and abandoning module Networking (76)
[2017.02.11-07.45.51:489][732]LogModuleManager: Shutting down and abandoning module Core (75)
[2017.02.11-07.45.51:489][732]LogModuleManager: Shutting down and abandoning module DirectoryWatcher (74)
[2017.02.11-07.45.51:489][732]LogDirectoryWatcher: A directory notification for '../../../Engine/Content/' was aborted.
[2017.02.11-07.45.51:489][732]LogDirectoryWatcher: A directory notification for 'D:/Multimedia/Unreal/LumberJack/Content/' was aborted.
[2017.02.11-07.45.51:490][732]LogDirectoryWatcher: A directory notification for '../../../Engine/Plugins/2D/Paper2D/Content/' was aborted.
[2017.02.11-07.45.51:490][732]LogModuleManager: Shutting down and abandoning module AssetRegistry (73)
[2017.02.11-07.45.51:721][732]LogModuleManager: Shutting down and abandoning module KismetCompiler (72)
[2017.02.11-07.45.51:721][732]LogModuleManager: Shutting down and abandoning module PhysXFormats (71)
[2017.02.11-07.45.51:721][732]LogModuleManager: Shutting down and abandoning module SimplygonSwarm (70)
[2017.02.11-07.45.51:721][732]LogModuleManager: Shutting down and abandoning module SimplygonMeshReduction (69)
[2017.02.11-07.45.51:721][732]LogModuleManager: Shutting down and abandoning module QuadricMeshReduction (68)
[2017.02.11-07.45.51:721][732]LogModuleManager: Shutting down and abandoning module PropertyEditor (67)
[2017.02.11-07.45.51:721][732]LogModuleManager: Shutting down and abandoning module MeshUtilities (66)
[2017.02.11-07.45.51:721][732]LogModuleManager: Shutting down and abandoning module DerivedDataCache (65)
[2017.02.11-07.45.51:726][732]LogDerivedDataCache: Shutdown
[2017.02.11-07.45.51:726][732]LogModuleManager: Shutting down and abandoning module VulkanShaderFormat (64)
[2017.02.11-07.45.51:726][732]LogModuleManager: Shutting down and abandoning module ShaderFormatOpenGL (63)
[2017.02.11-07.45.51:726][732]LogModuleManager: Shutting down and abandoning module ShaderFormatD3D (62)
[2017.02.11-07.45.51:726][732]LogModuleManager: Shutting down and abandoning module MetalShaderFormat (61)
[2017.02.11-07.45.51:726][732]LogModuleManager: Shutting down and abandoning module TextureFormatUncompressed (60)
[2017.02.11-07.45.51:726][732]LogModuleManager: Shutting down and abandoning module TextureFormatPVR (59)
[2017.02.11-07.45.51:726][732]LogModuleManager: Shutting down and abandoning module TextureFormatDXT (58)
[2017.02.11-07.45.51:726][732]LogModuleManager: Shutting down and abandoning module TextureFormatIntelISPCTexComp (57)
[2017.02.11-07.45.51:726][732]LogModuleManager: Shutting down and abandoning module ImageWrapper (56)
[2017.02.11-07.45.51:726][732]LogModuleManager: Shutting down and abandoning module TextureFormatASTC (55)
[2017.02.11-07.45.51:726][732]LogModuleManager: Shutting down and abandoning module TextureFormatAndroid (54)
[2017.02.11-07.45.51:726][732]LogModuleManager: Shutting down and abandoning module AudioFormatOpus (53)
[2017.02.11-07.45.51:726][732]LogModuleManager: Shutting down and abandoning module AudioFormatOgg (52)
[2017.02.11-07.45.51:726][732]LogModuleManager: Shutting down and abandoning module AudioFormatADPCM (51)
[2017.02.11-07.45.51:726][732]LogModuleManager: Shutting down and abandoning module LinuxTargetPlatform (50)
[2017.02.11-07.45.51:726][732]LogModuleManager: Shutting down and abandoning module LinuxServerTargetPlatform (49)
[2017.02.11-07.45.51:726][732]LogModuleManager: Shutting down and abandoning module LinuxNoEditorTargetPlatform (48)
[2017.02.11-07.45.51:726][732]LogModuleManager: Shutting down and abandoning module LinuxClientTargetPlatform (47)
[2017.02.11-07.45.51:726][732]LogModuleManager: Shutting down and abandoning module TVOSTargetPlatform (46)
[2017.02.11-07.45.51:726][732]LogModuleManager: Shutting down and abandoning module Messaging (45)
[2017.02.11-07.45.51:726][732]LogModuleManager: Shutting down and abandoning module IOSTargetPlatform (44)
[2017.02.11-07.45.51:726][732]LogModuleManager: Shutting down and abandoning module HTML5TargetPlatform (43)
[2017.02.11-07.45.51:726][732]LogModuleManager: Shutting down and abandoning module Android_PVRTCTargetPlatform (42)
[2017.02.11-07.45.51:727][732]LogModuleManager: Shutting down and abandoning module Android_MultiTargetPlatform (41)
[2017.02.11-07.45.51:727][732]LogModuleManager: Shutting down and abandoning module Android_ETC2TargetPlatform (40)
[2017.02.11-07.45.51:727][732]LogModuleManager: Shutting down and abandoning module Android_ETC1TargetPlatform (39)
[2017.02.11-07.45.51:727][732]LogModuleManager: Shutting down and abandoning module Android_DXTTargetPlatform (38)
[2017.02.11-07.45.51:727][732]LogModuleManager: Shutting down and abandoning module Android_ATCTargetPlatform (37)
[2017.02.11-07.45.51:727][732]LogModuleManager: Shutting down and abandoning module Android_ASTCTargetPlatform (36)
[2017.02.11-07.45.51:727][732]LogModuleManager: Shutting down and abandoning module AndroidTargetPlatform (35)
[2017.02.11-07.45.51:727][732]LogModuleManager: Shutting down and abandoning module WindowsTargetPlatform (34)
[2017.02.11-07.45.51:727][732]LogModuleManager: Shutting down and abandoning module WindowsServerTargetPlatform (33)
[2017.02.11-07.45.51:727][732]LogModuleManager: Shutting down and abandoning module WindowsNoEditorTargetPlatform (32)
[2017.02.11-07.45.51:727][732]LogModuleManager: Shutting down and abandoning module WindowsClientTargetPlatform (31)
[2017.02.11-07.45.51:727][732]LogModuleManager: Shutting down and abandoning module MacTargetPlatform (30)
[2017.02.11-07.45.51:727][732]LogModuleManager: Shutting down and abandoning module MacServerTargetPlatform (29)
[2017.02.11-07.45.51:727][732]LogModuleManager: Shutting down and abandoning module MacNoEditorTargetPlatform (28)
[2017.02.11-07.45.51:727][732]LogModuleManager: Shutting down and abandoning module MacClientTargetPlatform (27)
[2017.02.11-07.45.51:727][732]LogModuleManager: Shutting down and abandoning module AllDesktopTargetPlatform (26)
[2017.02.11-07.45.51:727][732]LogModuleManager: Shutting down and abandoning module TargetPlatform (25)
[2017.02.11-07.45.51:727][732]LogModuleManager: Shutting down and abandoning module InputCore (24)
[2017.02.11-07.45.51:727][732]LogModuleManager: Shutting down and abandoning module Settings (23)
[2017.02.11-07.45.51:727][732]LogModuleManager: Shutting down and abandoning module OculusRift (22)
[2017.02.11-07.45.51:727][732]LogHMD: Oculus shutdown.
[2017.02.11-07.45.51:727][732]LogModuleManager: Shutting down and abandoning module ExampleDeviceProfileSelector (21)
[2017.02.11-07.45.51:727][732]LogModuleManager: Shutting down and abandoning module OnlineBlueprintSupport (20)
[2017.02.11-07.45.51:727][732]LogModuleManager: Shutting down and abandoning module OnlineSubsystem (18)
[2017.02.11-07.45.51:727][732]LogOnline:Display: Unloading online subsystem: NULL
[2017.02.11-07.45.51:727][732]LogModuleManager: Shutting down and abandoning module SSL (17)
[2017.02.11-07.45.51:729][732]LogModuleManager: Shutting down and abandoning module HTTP (16)
[2017.02.11-07.45.51:729][732]LogModuleManager: Shutting down and abandoning module XMPP (15)
[2017.02.11-07.45.51:729][732]LogModuleManager: Shutting down and abandoning module TextureCompressor (14)
[2017.02.11-07.45.51:730][732]LogModuleManager: Shutting down and abandoning module ShaderCore (13)
[2017.02.11-07.45.51:730][732]LogModuleManager: Shutting down and abandoning module Landscape (12)
[2017.02.11-07.45.51:730][732]LogModuleManager: Shutting down and abandoning module SlateRHIRenderer (11)
[2017.02.11-07.45.51:731][732]LogModuleManager: Shutting down and abandoning module OpenGLDrv (10)
[2017.02.11-07.45.51:731][732]LogModuleManager: Shutting down and abandoning module D3D11RHI (9)
[2017.02.11-07.45.51:731][732]LogModuleManager: Shutting down and abandoning module AnimGraphRuntime (8)
[2017.02.11-07.45.51:731][732]LogModuleManager: Shutting down and abandoning module Renderer (7)
[2017.02.11-07.45.51:731][732]LogModuleManager: Shutting down and abandoning module Engine (6)
[2017.02.11-07.45.51:731][732]LogModuleManager: Shutting down and abandoning module CoreUObject (5)
[2017.02.11-07.45.51:731][732]LogModuleManager: Shutting down and abandoning module NetworkFile (4)
[2017.02.11-07.45.51:731][732]LogModuleManager: Shutting down and abandoning module StreamingFile (3)
[2017.02.11-07.45.51:731][732]LogModuleManager: Shutting down and abandoning module SandboxFile (2)
[2017.02.11-07.45.51:731][732]LogModuleManager: Shutting down and abandoning module PakFile (1)
[2017.02.11-07.45.51:733][732]LogExit: Exiting.
[2017.02.11-07.45.51:735][732]Log file closed, 02/11/17 00:45:51
